Log file open, 05/15/21 14:22:37
LogInit: Display: Running engine for game: GameMathematics
LogPlatformFile: Not using cached read wrapper
LogTaskGraph: Started task graph with 5 named threads and 23 total threads with 3 sets of task threads.
LogStats: Stats thread started at 0.683529
LogD3D11RHI: Loaded GFSDK_Aftermath_Lib.x64.dll
LogICUInternationalization: ICU TimeZone Detection - Raw Offset: -6:00, Platform Override: ''
LogPluginManager: Mounting plugin Paper2D
LogPluginManager: Mounting plugin AISupport
LogPluginManager: Mounting plugin LightPropagationVolume
LogPluginManager: Mounting plugin CameraShakePreviewer
LogPluginManager: Mounting plugin ActorLayerUtilities
LogPluginManager: Mounting plugin AnimationSharing
LogPluginManager: Mounting plugin CLionSourceCodeAccess
LogPluginManager: Mounting plugin CodeLiteSourceCodeAccess
LogPluginManager: Mounting plugin GitSourceControl
LogPluginManager: Mounting plugin KDevelopSourceCodeAccess
LogPluginManager: Mounting plugin NullSourceCodeAccess
LogPluginManager: Mounting plugin PerforceSourceControl
LogPluginManager: Mounting plugin PlasticSourceControl
LogPluginManager: Mounting plugin RiderSourceCodeAccess
LogPluginManager: Mounting plugin SubversionSourceControl
LogPluginManager: Mounting plugin UObjectPlugin
LogPluginManager: Mounting plugin VisualStudioCodeSourceCodeAccess
LogPluginManager: Mounting plugin VisualStudioSourceCodeAccess
LogPluginManager: Mounting plugin XCodeSourceCodeAccess
LogPluginManager: Mounting plugin AssetManagerEditor
LogPluginManager: Mounting plugin CryptoKeys
LogPluginManager: Mounting plugin CurveEditorTools
LogPluginManager: Mounting plugin DataValidation
LogPluginManager: Mounting plugin EditorScriptingUtilities
LogPluginManager: Mounting plugin FacialAnimation
LogPluginManager: Mounting plugin GameplayTagsEditor
LogPluginManager: Mounting plugin GeometryMode
LogPluginManager: Mounting plugin MacGraphicsSwitching
LogPluginManager: Mounting plugin MaterialAnalyzer
LogPluginManager: Mounting plugin MobileLauncherProfileWizard
LogPluginManager: Mounting plugin PluginBrowser
LogPluginManager: Mounting plugin SpeedTreeImporter
LogPluginManager: Mounting plugin DatasmithContent
LogPluginManager: Mounting plugin VariantManagerContent
LogPluginManager: Mounting plugin AlembicImporter
LogPluginManager: Mounting plugin AutomationUtils
LogPluginManager: Mounting plugin BackChannel
LogPluginManager: Mounting plugin ChaosCloth
LogPluginManager: Mounting plugin ChaosClothEditor
LogPluginManager: Mounting plugin ChaosEditor
LogPluginManager: Mounting plugin ChaosNiagara
LogPluginManager: Mounting plugin ChaosSolverPlugin
LogPluginManager: Mounting plugin CharacterAI
LogPluginManager: Mounting plugin GeometryCache
LogPluginManager: Mounting plugin GeometryCollectionPlugin
LogPluginManager: Mounting plugin GeometryProcessing
LogPluginManager: Mounting plugin PlanarCut
LogPluginManager: Mounting plugin PlatformCrypto
LogPluginManager: Mounting plugin ProxyLODPlugin
LogPluginManager: Mounting plugin SkeletalReduction
LogPluginManager: Mounting plugin Niagara
LogPluginManager: Mounting plugin MagicLeap
LogPluginManager: Mounting plugin MagicLeapLightEstimation
LogPluginManager: Mounting plugin MagicLeapMedia
LogPluginManager: Mounting plugin MagicLeapPassableWorld
LogPluginManager: Mounting plugin MLSDK
LogPluginManager: Mounting plugin AndroidMedia
LogPluginManager: Mounting plugin AvfMedia
LogPluginManager: Mounting plugin ImgMedia
LogPluginManager: Mounting plugin MediaCompositing
LogPluginManager: Mounting plugin MediaPlayerEditor
LogPluginManager: Mounting plugin WebMMedia
LogPluginManager: Mounting plugin WmfMedia
LogPluginManager: Mounting plugin MeshPainting
LogPluginManager: Mounting plugin TcpMessaging
LogPluginManager: Mounting plugin UdpMessaging
LogPluginManager: Mounting plugin ActorSequence
LogPluginManager: Mounting plugin LevelSequenceEditor
LogPluginManager: Mounting plugin MatineeToLevelSequence
LogPluginManager: Mounting plugin MovieRenderPipeline
LogPluginManager: Mounting plugin TemplateSequence
LogPluginManager: Mounting plugin NetcodeUnitTest
LogPluginManager: Mounting plugin NUTUnrealEngine4
LogPluginManager: Mounting plugin OnlineSubsystemGooglePlay
LogPluginManager: Mounting plugin OnlineSubsystemIOS
LogPluginManager: Mounting plugin OnlineSubsystem
LogPluginManager: Mounting plugin OnlineSubsystemNull
LogPluginManager: Mounting plugin OnlineSubsystemUtils
LogPluginManager: Mounting plugin LauncherChunkInstaller
LogPluginManager: Mounting plugin AndroidDeviceProfileSelector
LogPluginManager: Mounting plugin AndroidMoviePlayer
LogPluginManager: Mounting plugin AndroidPermission
LogPluginManager: Mounting plugin AppleImageUtils
LogPluginManager: Mounting plugin AppleMoviePlayer
LogPluginManager: Mounting plugin ArchVisCharacter
LogPluginManager: Mounting plugin AssetTags
LogPluginManager: Mounting plugin AudioCapture
LogPluginManager: Mounting plugin CableComponent
LogPluginManager: Mounting plugin CustomMeshComponent
LogPluginManager: Mounting plugin EditableMesh
LogPluginManager: Mounting plugin ExampleDeviceProfileSelector
LogPluginManager: Mounting plugin GoogleCloudMessaging
LogPluginManager: Mounting plugin GooglePAD
LogPluginManager: Mounting plugin IOSDeviceProfileSelector
LogPluginManager: Mounting plugin LinuxDeviceProfileSelector
LogPluginManager: Mounting plugin LocationServicesBPLibrary
LogPluginManager: Mounting plugin MobilePatchingUtils
LogPluginManager: Mounting plugin OculusVR
LogPluginManager: Mounting plugin PhysXVehicles
LogPluginManager: Mounting plugin PostSplashScreen
LogPluginManager: Mounting plugin ProceduralMeshComponent
LogPluginManager: Mounting plugin RuntimePhysXCooking
LogPluginManager: Mounting plugin SignificanceManager
LogPluginManager: Mounting plugin SoundFields
LogPluginManager: Mounting plugin SteamVR
LogPluginManager: Mounting plugin Synthesis
LogPluginManager: Mounting plugin WebMMoviePlayer
LogPluginManager: Mounting plugin WindowsMoviePlayer
LogPluginManager: Mounting plugin ScreenshotTools
LogInit: Using libcurl 7.55.1-DEV
LogInit:  - built for x86_64-pc-win32
LogInit:  - supports SSL with OpenSSL/1.1.1
LogInit:  - supports HTTP deflate (compression) using libz 1.2.8
LogInit:  - other features:
LogInit:      CURL_VERSION_SSL
LogInit:      CURL_VERSION_LIBZ
LogInit:      CURL_VERSION_IPV6
LogInit:      CURL_VERSION_ASYNCHDNS
LogInit:      CURL_VERSION_LARGEFILE
LogInit:      CURL_VERSION_IDN
LogInit:  CurlRequestOptions (configurable via config and command line):
LogInit:  - bVerifyPeer = true  - Libcurl will verify peer certificate
LogInit:  - bUseHttpProxy = false  - Libcurl will NOT use HTTP proxy
LogInit:  - bDontReuseConnections = false  - Libcurl will reuse connections
LogInit:  - MaxHostConnections = 16  - Libcurl will limit the number of connections to a host
LogInit:  - LocalHostAddr = Default
LogInit:  - BufferSize = 65536
LogOnline: OSS: Creating online subsystem instance for: NULL
LogInit: WinSock: version 1.1 (2.2), MaxSocks=32767, MaxUdp=65467
LogOnline: OSS: TryLoadSubsystemAndSetDefault: Loaded subsystem for module [NULL]
LogInit: Build: ++UE4+Release-4.25-CL-14469661
LogInit: Engine Version: 4.25.4-14469661+++UE4+Release-4.25
LogInit: Compatible Engine Version: 4.25.0-13144385+++UE4+Release-4.25
LogInit: Net CL: 13144385
LogInit: OS: Windows 10 (Release 2009) (), CPU: Intel(R) Core(TM) i7-7700HQ CPU @ 2.80GHz, GPU: Intel(R) HD Graphics 630
LogInit: Compiled (64-bit): Oct 11 2020 08:10:49
LogInit: Compiled with Visual C++: 19.24.28315.00
LogInit: Build Configuration: Development
LogInit: Branch Name: ++UE4+Release-4.25
LogInit: Command Line:  -skipcompile
LogInit: Base Directory: D:/Program Files/Epic Games/UE_4.25/UE_4.25/Engine/Binaries/Win64/
LogInit: Allocator: TBB
LogInit: Installed Engine Build: 1
LogDevObjectVersion: Number of dev versions registered: 26
LogDevObjectVersion:   Dev-Blueprints (B0D832E4-1F89-4F0D-ACCF-7EB736FD4AA2): 10
LogDevObjectVersion:   Dev-Build (E1C64328-A22C-4D53-A36C-8E866417BD8C): 0
LogDevObjectVersion:   Dev-Core (375EC13C-06E4-48FB-B500-84F0262A717E): 4
LogDevObjectVersion:   Dev-Editor (E4B068ED-F494-42E9-A231-DA0B2E46BB41): 38
LogDevObjectVersion:   Dev-Framework (CFFC743F-43B0-4480-9391-14DF171D2073): 37
LogDevObjectVersion:   Dev-Mobile (B02B49B5-BB20-44E9-A304-32B752E40360): 2
LogDevObjectVersion:   Dev-Networking (A4E4105C-59A1-49B5-A7C5-40C4547EDFEE): 0
LogDevObjectVersion:   Dev-Online (39C831C9-5AE6-47DC-9A44-9C173E1C8E7C): 0
LogDevObjectVersion:   Dev-Physics (78F01B33-EBEA-4F98-B9B4-84EACCB95AA2): 4
LogDevObjectVersion:   Dev-Platform (6631380F-2D4D-43E0-8009-CF276956A95A): 0
LogDevObjectVersion:   Dev-Rendering (12F88B9F-8875-4AFC-A67C-D90C383ABD29): 43
LogDevObjectVersion:   Dev-Sequencer (7B5AE74C-D270-4C10-A958-57980B212A5A): 12
LogDevObjectVersion:   Dev-VR (D7296918-1DD6-4BDD-9DE2-64A83CC13884): 3
LogDevObjectVersion:   Dev-LoadTimes (C2A15278-BFE7-4AFE-6C17-90FF531DF755): 1
LogDevObjectVersion:   Private-Geometry (6EACA3D4-40EC-4CC1-B786-8BED09428FC5): 3
LogDevObjectVersion:   Dev-AnimPhys (29E575DD-E0A3-4627-9D10-D276232CDCEA): 17
LogDevObjectVersion:   Dev-Anim (AF43A65D-7FD3-4947-9873-3E8ED9C1BB05): 7
LogDevObjectVersion:   Dev-ReflectionCapture (6B266CEC-1EC7-4B8F-A30B-E4D90942FC07): 1
LogDevObjectVersion:   Dev-Automation (0DF73D61-A23F-47EA-B727-89E90C41499A): 1
LogDevObjectVersion:   FortniteMain (601D1886-AC64-4F84-AA16-D3DE0DEAC7D6): 31
LogDevObjectVersion:   Dev-Enterprise (9DFFBCD6-494F-0158-E221-12823C92A888): 10
LogDevObjectVersion:   Dev-Niagara (F2AED0AC-9AFE-416F-8664-AA7FFA26D6FC): 1
LogDevObjectVersion:   Dev-Destruction (174F1F0B-B4C6-45A5-B13F-2EE8D0FB917D): 10
LogDevObjectVersion:   Dev-Physics-Ext (35F94A83-E258-406C-A318-09F59610247C): 37
LogDevObjectVersion:   Dev-PhysicsMaterial-Chaos (B68FC16E-8B1B-42E2-B453-215C058844FE): 1
LogDevObjectVersion:   Dev-CineCamera (B2E18506-4273-CFC2-A54E-F4BB758BBA07): 1
LogInit: Presizing for max 25165824 objects, including 0 objects not considered by GC, pre-allocating 0 bytes for permanent pool.
LogConfig: Applying CVar settings from Section [/Script/Engine.StreamingSettings] File [D:/UnrealProjects/OwnProjects/UE4GameMathematics/GameMathematics/Saved/Config/Windows/Engine.ini]
LogConfig: Setting CVar [[s.MinBulkDataSizeForAsyncLoading:131072]]
LogConfig: Setting CVar [[s.AsyncLoadingThreadEnabled:0]]
LogConfig: Setting CVar [[s.EventDrivenLoaderEnabled:1]]
LogConfig: Setting CVar [[s.WarnIfTimeLimitExceeded:0]]
LogConfig: Setting CVar [[s.TimeLimitExceededMultiplier:1.5]]
LogConfig: Setting CVar [[s.TimeLimitExceededMinTime:0.005]]
LogConfig: Setting CVar [[s.UseBackgroundLevelStreaming:1]]
LogConfig: Setting CVar [[s.PriorityAsyncLoadingExtraTime:15.0]]
LogConfig: Setting CVar [[s.LevelStreamingActorsUpdateTimeLimit:5.0]]
LogConfig: Setting CVar [[s.PriorityLevelStreamingActorsUpdateExtraTime:5.0]]
LogConfig: Setting CVar [[s.LevelStreamingComponentsRegistrationGranularity:10]]
LogConfig: Setting CVar [[s.UnregisterComponentsTimeLimit:1.0]]
LogConfig: Setting CVar [[s.LevelStreamingComponentsUnregistrationGranularity:5]]
LogConfig: Setting CVar [[s.FlushStreamingOnExit:1]]
LogInit: Object subsystem initialized
LogConfig: Setting CVar [[con.DebugEarlyDefault:1]]
LogConfig: Setting CVar [[r.setres:1280x720]]
[2021.05.15-19.22.38:016][  0]LogConfig: Setting CVar [[r.VSync:0]]
[2021.05.15-19.22.38:016][  0]LogConfig: Setting CVar [[r.RHICmdBypass:0]]
[2021.05.15-19.22.38:016][  0]LogConfig: Applying CVar settings from Section [/Script/Engine.RendererSettings] File [D:/UnrealProjects/OwnProjects/UE4GameMathematics/GameMathematics/Saved/Config/Windows/Engine.ini]
[2021.05.15-19.22.38:016][  0]LogConfig: Setting CVar [[r.GPUCrashDebugging:0]]
[2021.05.15-19.22.38:016][  0]LogConfig: Applying CVar settings from Section [/Script/Engine.RendererOverrideSettings] File [D:/UnrealProjects/OwnProjects/UE4GameMathematics/GameMathematics/Saved/Config/Windows/Engine.ini]
[2021.05.15-19.22.38:017][  0]LogConfig: Applying CVar settings from Section [/Script/Engine.StreamingSettings] File [D:/UnrealProjects/OwnProjects/UE4GameMathematics/GameMathematics/Saved/Config/Windows/Engine.ini]
[2021.05.15-19.22.38:017][  0]LogConfig: Setting CVar [[s.MinBulkDataSizeForAsyncLoading:131072]]
[2021.05.15-19.22.38:017][  0]LogConfig: Setting CVar [[s.AsyncLoadingThreadEnabled:0]]
[2021.05.15-19.22.38:017][  0]LogConfig: Setting CVar [[s.EventDrivenLoaderEnabled:1]]
[2021.05.15-19.22.38:017][  0]LogConfig: Setting CVar [[s.WarnIfTimeLimitExceeded:0]]
[2021.05.15-19.22.38:017][  0]LogConfig: Setting CVar [[s.TimeLimitExceededMultiplier:1.5]]
[2021.05.15-19.22.38:017][  0]LogConfig: Setting CVar [[s.TimeLimitExceededMinTime:0.005]]
[2021.05.15-19.22.38:017][  0]LogConfig: Setting CVar [[s.UseBackgroundLevelStreaming:1]]
[2021.05.15-19.22.38:017][  0]LogConfig: Setting CVar [[s.PriorityAsyncLoadingExtraTime:15.0]]
[2021.05.15-19.22.38:018][  0]LogConfig: Setting CVar [[s.LevelStreamingActorsUpdateTimeLimit:5.0]]
[2021.05.15-19.22.38:018][  0]LogConfig: Setting CVar [[s.PriorityLevelStreamingActorsUpdateExtraTime:5.0]]
[2021.05.15-19.22.38:018][  0]LogConfig: Setting CVar [[s.LevelStreamingComponentsRegistrationGranularity:10]]
[2021.05.15-19.22.38:018][  0]LogConfig: Setting CVar [[s.UnregisterComponentsTimeLimit:1.0]]
[2021.05.15-19.22.38:018][  0]LogConfig: Setting CVar [[s.LevelStreamingComponentsUnregistrationGranularity:5]]
[2021.05.15-19.22.38:018][  0]LogConfig: Setting CVar [[s.FlushStreamingOnExit:1]]
[2021.05.15-19.22.38:018][  0]LogConfig: Applying CVar settings from Section [/Script/Engine.GarbageCollectionSettings] File [D:/UnrealProjects/OwnProjects/UE4GameMathematics/GameMathematics/Saved/Config/Windows/Engine.ini]
[2021.05.15-19.22.38:018][  0]LogConfig: Setting CVar [[gc.MaxObjectsNotConsideredByGC:1]]
[2021.05.15-19.22.38:018][  0]LogConfig: Setting CVar [[gc.SizeOfPermanentObjectPool:0]]
[2021.05.15-19.22.38:018][  0]LogConfig: Setting CVar [[gc.FlushStreamingOnGC:0]]
[2021.05.15-19.22.38:018][  0]LogConfig: Setting CVar [[gc.NumRetriesBeforeForcingGC:10]]
[2021.05.15-19.22.38:018][  0]LogConfig: Setting CVar [[gc.AllowParallelGC:1]]
[2021.05.15-19.22.38:019][  0]LogConfig: Setting CVar [[gc.TimeBetweenPurgingPendingKillObjects:61.1]]
[2021.05.15-19.22.38:019][  0]LogConfig: Setting CVar [[gc.MaxObjectsInEditor:25165824]]
[2021.05.15-19.22.38:019][  0]LogConfig: Setting CVar [[gc.IncrementalBeginDestroyEnabled:1]]
[2021.05.15-19.22.38:019][  0]LogConfig: Setting CVar [[gc.CreateGCClusters:1]]
[2021.05.15-19.22.38:019][  0]LogConfig: Setting CVar [[gc.MinGCClusterSize:5]]
[2021.05.15-19.22.38:019][  0]LogConfig: Setting CVar [[gc.ActorClusteringEnabled:0]]
[2021.05.15-19.22.38:019][  0]LogConfig: Setting CVar [[gc.BlueprintClusteringEnabled:0]]
[2021.05.15-19.22.38:019][  0]LogConfig: Setting CVar [[gc.UseDisregardForGCOnDedicatedServers:0]]
[2021.05.15-19.22.38:019][  0]LogConfig: Applying CVar settings from Section [/Script/Engine.NetworkSettings] File [D:/UnrealProjects/OwnProjects/UE4GameMathematics/GameMathematics/Saved/Config/Windows/Engine.ini]
[2021.05.15-19.22.38:019][  0]LogConfig: Applying CVar settings from Section [/Script/UnrealEd.CookerSettings] File [D:/UnrealProjects/OwnProjects/UE4GameMathematics/GameMathematics/Saved/Config/Windows/Engine.ini]
[2021.05.15-19.22.38:026][  0]LogConfig: Applying CVar settings from Section [ViewDistanceQuality@3] File [D:/UnrealProjects/OwnProjects/UE4GameMathematics/GameMathematics/Saved/Config/Windows/Scalability.ini]
[2021.05.15-19.22.38:026][  0]LogConfig: Setting CVar [[r.SkeletalMeshLODBias:0]]
[2021.05.15-19.22.38:026][  0]LogConfig: Setting CVar [[r.ViewDistanceScale:1.0]]
[2021.05.15-19.22.38:026][  0]LogConfig: Applying CVar settings from Section [AntiAliasingQuality@3] File [D:/UnrealProjects/OwnProjects/UE4GameMathematics/GameMathematics/Saved/Config/Windows/Scalability.ini]
[2021.05.15-19.22.38:026][  0]LogConfig: Setting CVar [[r.PostProcessAAQuality:4]]
[2021.05.15-19.22.38:026][  0]LogConfig: Applying CVar settings from Section [ShadowQuality@3] File [D:/UnrealProjects/OwnProjects/UE4GameMathematics/GameMathematics/Saved/Config/Windows/Scalability.ini]
[2021.05.15-19.22.38:026][  0]LogConfig: Setting CVar [[r.LightFunctionQuality:1]]
[2021.05.15-19.22.38:026][  0]LogConfig: Setting CVar [[r.ShadowQuality:5]]
[2021.05.15-19.22.38:027][  0]LogConfig: Setting CVar [[r.Shadow.CSM.MaxCascades:10]]
[2021.05.15-19.22.38:027][  0]LogConfig: Setting CVar [[r.Shadow.MaxResolution:2048]]
[2021.05.15-19.22.38:027][  0]LogConfig: Setting CVar [[r.Shadow.MaxCSMResolution:2048]]
[2021.05.15-19.22.38:027][  0]LogConfig: Setting CVar [[r.Shadow.RadiusThreshold:0.01]]
[2021.05.15-19.22.38:027][  0]LogConfig: Setting CVar [[r.Shadow.DistanceScale:1.0]]
[2021.05.15-19.22.38:027][  0]LogConfig: Setting CVar [[r.Shadow.CSM.TransitionScale:1.0]]
[2021.05.15-19.22.38:027][  0]LogConfig: Setting CVar [[r.Shadow.PreShadowResolutionFactor:1.0]]
[2021.05.15-19.22.38:027][  0]LogConfig: Setting CVar [[r.DistanceFieldShadowing:1]]
[2021.05.15-19.22.38:027][  0]LogConfig: Setting CVar [[r.DistanceFieldAO:1]]
[2021.05.15-19.22.38:027][  0]LogConfig: Setting CVar [[r.AOQuality:2]]
[2021.05.15-19.22.38:027][  0]LogConfig: Setting CVar [[r.VolumetricFog:1]]
[2021.05.15-19.22.38:027][  0]LogConfig: Setting CVar [[r.VolumetricFog.GridPixelSize:8]]
[2021.05.15-19.22.38:027][  0]LogConfig: Setting CVar [[r.VolumetricFog.GridSizeZ:128]]
[2021.05.15-19.22.38:027][  0]LogConfig: Setting CVar [[r.VolumetricFog.HistoryMissSupersampleCount:4]]
[2021.05.15-19.22.38:027][  0]LogConfig: Setting CVar [[r.LightMaxDrawDistanceScale:1]]
[2021.05.15-19.22.38:027][  0]LogConfig: Setting CVar [[r.CapsuleShadows:1]]
[2021.05.15-19.22.38:027][  0]LogConfig: Applying CVar settings from Section [PostProcessQuality@3] File [D:/UnrealProjects/OwnProjects/UE4GameMathematics/GameMathematics/Saved/Config/Windows/Scalability.ini]
[2021.05.15-19.22.38:027][  0]LogConfig: Setting CVar [[r.MotionBlurQuality:4]]
[2021.05.15-19.22.38:027][  0]LogConfig: Setting CVar [[r.AmbientOcclusionMipLevelFactor:0.4]]
[2021.05.15-19.22.38:028][  0]LogConfig: Setting CVar [[r.AmbientOcclusionMaxQuality:100]]
[2021.05.15-19.22.38:028][  0]LogConfig: Setting CVar [[r.AmbientOcclusionLevels:-1]]
[2021.05.15-19.22.38:028][  0]LogConfig: Setting CVar [[r.AmbientOcclusionRadiusScale:1.0]]
[2021.05.15-19.22.38:028][  0]LogConfig: Setting CVar [[r.DepthOfFieldQuality:2]]
[2021.05.15-19.22.38:028][  0]LogConfig: Setting CVar [[r.RenderTargetPoolMin:400]]
[2021.05.15-19.22.38:028][  0]LogConfig: Setting CVar [[r.LensFlareQuality:2]]
[2021.05.15-19.22.38:028][  0]LogConfig: Setting CVar [[r.SceneColorFringeQuality:1]]
[2021.05.15-19.22.38:028][  0]LogConfig: Setting CVar [[r.EyeAdaptationQuality:2]]
[2021.05.15-19.22.38:028][  0]LogConfig: Setting CVar [[r.BloomQuality:5]]
[2021.05.15-19.22.38:028][  0]LogConfig: Setting CVar [[r.FastBlurThreshold:100]]
[2021.05.15-19.22.38:028][  0]LogConfig: Setting CVar [[r.Upscale.Quality:3]]
[2021.05.15-19.22.38:028][  0]LogConfig: Setting CVar [[r.Tonemapper.GrainQuantization:1]]
[2021.05.15-19.22.38:028][  0]LogConfig: Setting CVar [[r.LightShaftQuality:1]]
[2021.05.15-19.22.38:028][  0]LogConfig: Setting CVar [[r.Filter.SizeScale:1]]
[2021.05.15-19.22.38:028][  0]LogConfig: Setting CVar [[r.Tonemapper.Quality:5]]
[2021.05.15-19.22.38:028][  0]LogConfig: Setting CVar [[r.DOF.Gather.AccumulatorQuality:1        ; higher gathering accumulator quality]]
[2021.05.15-19.22.38:028][  0]LogConfig: Setting CVar [[r.DOF.Gather.PostfilterMethod:1          ; Median3x3 postfilering method]]
[2021.05.15-19.22.38:028][  0]LogConfig: Setting CVar [[r.DOF.Gather.EnableBokehSettings:0       ; no bokeh simulation when gathering]]
[2021.05.15-19.22.38:028][  0]LogConfig: Setting CVar [[r.DOF.Gather.RingCount:4                 ; medium number of samples when gathering]]
[2021.05.15-19.22.38:028][  0]LogConfig: Setting CVar [[r.DOF.Scatter.ForegroundCompositing:1    ; additive foreground scattering]]
[2021.05.15-19.22.38:029][  0]LogConfig: Setting CVar [[r.DOF.Scatter.BackgroundCompositing:2    ; additive background scattering]]
[2021.05.15-19.22.38:029][  0]LogConfig: Setting CVar [[r.DOF.Scatter.EnableBokehSettings:1      ; bokeh simulation when scattering]]
[2021.05.15-19.22.38:029][  0]LogConfig: Setting CVar [[r.DOF.Scatter.MaxSpriteRatio:0.1         ; only a maximum of 10% of scattered bokeh]]
[2021.05.15-19.22.38:029][  0]LogConfig: Setting CVar [[r.DOF.Recombine.Quality:1                ; cheap slight out of focus]]
[2021.05.15-19.22.38:029][  0]LogConfig: Setting CVar [[r.DOF.Recombine.EnableBokehSettings:0    ; no bokeh simulation on slight out of focus]]
[2021.05.15-19.22.38:029][  0]LogConfig: Setting CVar [[r.DOF.TemporalAAQuality:1                ; more stable temporal accumulation]]
[2021.05.15-19.22.38:029][  0]LogConfig: Setting CVar [[r.DOF.Kernel.MaxForegroundRadius:0.025]]
[2021.05.15-19.22.38:029][  0]LogConfig: Setting CVar [[r.DOF.Kernel.MaxBackgroundRadius:0.025]]
[2021.05.15-19.22.38:029][  0]LogConfig: Applying CVar settings from Section [TextureQuality@3] File [D:/UnrealProjects/OwnProjects/UE4GameMathematics/GameMathematics/Saved/Config/Windows/Scalability.ini]
[2021.05.15-19.22.38:029][  0]LogConfig: Setting CVar [[r.Streaming.MipBias:0]]
[2021.05.15-19.22.38:029][  0]LogConfig: Setting CVar [[r.Streaming.AmortizeCPUToGPUCopy:0]]
[2021.05.15-19.22.38:029][  0]LogConfig: Setting CVar [[r.Streaming.MaxNumTexturesToStreamPerFrame:0]]
[2021.05.15-19.22.38:029][  0]LogConfig: Setting CVar [[r.Streaming.Boost:1]]
[2021.05.15-19.22.38:029][  0]LogConfig: Setting CVar [[r.MaxAnisotropy:8]]
[2021.05.15-19.22.38:029][  0]LogConfig: Setting CVar [[r.VT.MaxAnisotropy:8]]
[2021.05.15-19.22.38:029][  0]LogConfig: Setting CVar [[r.Streaming.LimitPoolSizeToVRAM:0]]
[2021.05.15-19.22.38:029][  0]LogConfig: Setting CVar [[r.Streaming.PoolSize:1000]]
[2021.05.15-19.22.38:029][  0]LogConfig: Setting CVar [[r.Streaming.MaxEffectiveScreenSize:0]]
[2021.05.15-19.22.38:029][  0]LogConfig: Applying CVar settings from Section [EffectsQuality@3] File [D:/UnrealProjects/OwnProjects/UE4GameMathematics/GameMathematics/Saved/Config/Windows/Scalability.ini]
[2021.05.15-19.22.38:030][  0]LogConfig: Setting CVar [[r.TranslucencyLightingVolumeDim:64]]
[2021.05.15-19.22.38:030][  0]LogConfig: Setting CVar [[r.RefractionQuality:2]]
[2021.05.15-19.22.38:030][  0]LogConfig: Setting CVar [[r.SSR.Quality:3]]
[2021.05.15-19.22.38:030][  0]LogConfig: Setting CVar [[r.SSR.HalfResSceneColor:0]]
[2021.05.15-19.22.38:030][  0]LogConfig: Setting CVar [[r.SceneColorFormat:4]]
[2021.05.15-19.22.38:030][  0]LogConfig: Setting CVar [[r.DetailMode:2]]
[2021.05.15-19.22.38:030][  0]LogConfig: Setting CVar [[r.TranslucencyVolumeBlur:1]]
[2021.05.15-19.22.38:030][  0]LogConfig: Setting CVar [[r.MaterialQualityLevel:1 ; High quality]]
[2021.05.15-19.22.38:030][  0]LogConfig: Setting CVar [[r.SSS.Scale:1]]
[2021.05.15-19.22.38:030][  0]LogConfig: Setting CVar [[r.SSS.SampleSet:2]]
[2021.05.15-19.22.38:030][  0]LogConfig: Setting CVar [[r.SSS.Quality:1]]
[2021.05.15-19.22.38:030][  0]LogConfig: Setting CVar [[r.SSS.HalfRes:0]]
[2021.05.15-19.22.38:030][  0]LogConfig: Setting CVar [[r.SSGI.Quality:3]]
[2021.05.15-19.22.38:030][  0]LogConfig: Setting CVar [[r.EmitterSpawnRateScale:1.0]]
[2021.05.15-19.22.38:030][  0]LogConfig: Setting CVar [[r.ParticleLightQuality:2]]
[2021.05.15-19.22.38:030][  0]LogConfig: Setting CVar [[r.SkyAtmosphere.AerialPerspectiveLUT.FastApplyOnOpaque:1 ; Always have FastSkyLUT 1 in this case to avoid wrong sky]]
[2021.05.15-19.22.38:030][  0]LogConfig: Setting CVar [[r.SkyAtmosphere.AerialPerspectiveLUT.SampleCountPerSlice:1]]
[2021.05.15-19.22.38:030][  0]LogConfig: Setting CVar [[r.SkyAtmosphere.AerialPerspectiveLUT.DepthResolution:16.0]]
[2021.05.15-19.22.38:030][  0]LogConfig: Setting CVar [[r.SkyAtmosphere.FastSkyLUT:1]]
[2021.05.15-19.22.38:031][  0]LogConfig: Setting CVar [[r.SkyAtmosphere.FastSkyLUT.SampleCountMin:4.0]]
[2021.05.15-19.22.38:031][  0]LogConfig: Setting CVar [[r.SkyAtmosphere.FastSkyLUT.SampleCountMax:32.0]]
[2021.05.15-19.22.38:031][  0]LogConfig: Setting CVar [[r.SkyAtmosphere.SampleCountMin:4.0]]
[2021.05.15-19.22.38:031][  0]LogConfig: Setting CVar [[r.SkyAtmosphere.SampleCountMax:32.0]]
[2021.05.15-19.22.38:031][  0]LogConfig: Setting CVar [[r.SkyAtmosphere.TransmittanceLUT.UseSmallFormat:0]]
[2021.05.15-19.22.38:031][  0]LogConfig: Setting CVar [[r.SkyAtmosphere.TransmittanceLUT.SampleCount:10.0]]
[2021.05.15-19.22.38:031][  0]LogConfig: Setting CVar [[r.SkyAtmosphere.MultiScatteringLUT.SampleCount:15.0]]
[2021.05.15-19.22.38:031][  0]LogConfig: Applying CVar settings from Section [FoliageQuality@3] File [D:/UnrealProjects/OwnProjects/UE4GameMathematics/GameMathematics/Saved/Config/Windows/Scalability.ini]
[2021.05.15-19.22.38:031][  0]LogConfig: Setting CVar [[foliage.DensityScale:1.0]]
[2021.05.15-19.22.38:031][  0]LogConfig: Setting CVar [[grass.DensityScale:1.0]]
[2021.05.15-19.22.38:031][  0]LogConfig: Applying CVar settings from Section [ShadingQuality@3] File [D:/UnrealProjects/OwnProjects/UE4GameMathematics/GameMathematics/Saved/Config/Windows/Scalability.ini]
[2021.05.15-19.22.38:031][  0]LogConfig: Setting CVar [[r.HairStrands.SkyLighting.SampleCount:16]]
[2021.05.15-19.22.38:031][  0]LogConfig: Setting CVar [[r.HairStrands.SkyLighting.JitterIntegration:0]]
[2021.05.15-19.22.38:031][  0]LogConfig: Setting CVar [[r.HairStrands.SkyAO.SampleCount:16]]
[2021.05.15-19.22.38:031][  0]LogConfig: Setting CVar [[r.HairStrands.DeepShadow.SuperSampling:0]]
[2021.05.15-19.22.38:031][  0]LogConfig: Setting CVar [[r.HairStrands.VisibilityPPLL:0]]
[2021.05.15-19.22.38:031][  0]LogConfig: Setting CVar [[r.HairStrands.RasterizationScale:0.5]]
[2021.05.15-19.22.38:031][  0]LogConfig: Setting CVar [[r.HairStrands.VelocityRasterizationScale:1]]
[2021.05.15-19.22.38:032][  0]LogInit: Selected Device Profile: [Windows]
[2021.05.15-19.22.38:032][  0]LogInit: Applying CVar settings loaded from the selected device profile: [Windows]
[2021.05.15-19.22.38:032][  0]LogHAL: Display: Platform has ~ 16 GB [17062100992 / 17179869184 / 16], which maps to Larger [LargestMinGB=32, LargerMinGB=12, DefaultMinGB=8, SmallerMinGB=6, SmallestMinGB=0)
[2021.05.15-19.22.38:032][  0]LogInit: Going up to parent DeviceProfile []
[2021.05.15-19.22.38:032][  0]LogConfig: Applying CVar settings from Section [ViewDistanceQuality@3] File [D:/UnrealProjects/OwnProjects/UE4GameMathematics/GameMathematics/Saved/Config/Windows/Scalability.ini]
[2021.05.15-19.22.38:032][  0]LogConfig: Setting CVar [[r.SkeletalMeshLODBias:0]]
[2021.05.15-19.22.38:032][  0]LogConfig: Setting CVar [[r.ViewDistanceScale:1.0]]
[2021.05.15-19.22.38:032][  0]LogConfig: Applying CVar settings from Section [AntiAliasingQuality@3] File [D:/UnrealProjects/OwnProjects/UE4GameMathematics/GameMathematics/Saved/Config/Windows/Scalability.ini]
[2021.05.15-19.22.38:032][  0]LogConfig: Setting CVar [[r.PostProcessAAQuality:4]]
[2021.05.15-19.22.38:032][  0]LogConfig: Applying CVar settings from Section [ShadowQuality@3] File [D:/UnrealProjects/OwnProjects/UE4GameMathematics/GameMathematics/Saved/Config/Windows/Scalability.ini]
[2021.05.15-19.22.38:032][  0]LogConfig: Setting CVar [[r.LightFunctionQuality:1]]
[2021.05.15-19.22.38:032][  0]LogConfig: Setting CVar [[r.ShadowQuality:5]]
[2021.05.15-19.22.38:032][  0]LogConfig: Setting CVar [[r.Shadow.CSM.MaxCascades:10]]
[2021.05.15-19.22.38:032][  0]LogConfig: Setting CVar [[r.Shadow.MaxResolution:2048]]
[2021.05.15-19.22.38:033][  0]LogConfig: Setting CVar [[r.Shadow.MaxCSMResolution:2048]]
[2021.05.15-19.22.38:033][  0]LogConfig: Setting CVar [[r.Shadow.RadiusThreshold:0.01]]
[2021.05.15-19.22.38:033][  0]LogConfig: Setting CVar [[r.Shadow.DistanceScale:1.0]]
[2021.05.15-19.22.38:033][  0]LogConfig: Setting CVar [[r.Shadow.CSM.TransitionScale:1.0]]
[2021.05.15-19.22.38:033][  0]LogConfig: Setting CVar [[r.Shadow.PreShadowResolutionFactor:1.0]]
[2021.05.15-19.22.38:033][  0]LogConfig: Setting CVar [[r.DistanceFieldShadowing:1]]
[2021.05.15-19.22.38:033][  0]LogConfig: Setting CVar [[r.DistanceFieldAO:1]]
[2021.05.15-19.22.38:033][  0]LogConfig: Setting CVar [[r.AOQuality:2]]
[2021.05.15-19.22.38:033][  0]LogConfig: Setting CVar [[r.VolumetricFog:1]]
[2021.05.15-19.22.38:033][  0]LogConfig: Setting CVar [[r.VolumetricFog.GridPixelSize:8]]
[2021.05.15-19.22.38:033][  0]LogConfig: Setting CVar [[r.VolumetricFog.GridSizeZ:128]]
[2021.05.15-19.22.38:033][  0]LogConfig: Setting CVar [[r.VolumetricFog.HistoryMissSupersampleCount:4]]
[2021.05.15-19.22.38:033][  0]LogConfig: Setting CVar [[r.LightMaxDrawDistanceScale:1]]
[2021.05.15-19.22.38:033][  0]LogConfig: Setting CVar [[r.CapsuleShadows:1]]
[2021.05.15-19.22.38:033][  0]LogConfig: Applying CVar settings from Section [PostProcessQuality@3] File [D:/UnrealProjects/OwnProjects/UE4GameMathematics/GameMathematics/Saved/Config/Windows/Scalability.ini]
[2021.05.15-19.22.38:033][  0]LogConfig: Setting CVar [[r.MotionBlurQuality:4]]
[2021.05.15-19.22.38:033][  0]LogConfig: Setting CVar [[r.AmbientOcclusionMipLevelFactor:0.4]]
[2021.05.15-19.22.38:033][  0]LogConfig: Setting CVar [[r.AmbientOcclusionMaxQuality:100]]
[2021.05.15-19.22.38:033][  0]LogConfig: Setting CVar [[r.AmbientOcclusionLevels:-1]]
[2021.05.15-19.22.38:034][  0]LogConfig: Setting CVar [[r.AmbientOcclusionRadiusScale:1.0]]
[2021.05.15-19.22.38:034][  0]LogConfig: Setting CVar [[r.DepthOfFieldQuality:2]]
[2021.05.15-19.22.38:034][  0]LogConfig: Setting CVar [[r.RenderTargetPoolMin:400]]
[2021.05.15-19.22.38:034][  0]LogConfig: Setting CVar [[r.LensFlareQuality:2]]
[2021.05.15-19.22.38:034][  0]LogConfig: Setting CVar [[r.SceneColorFringeQuality:1]]
[2021.05.15-19.22.38:034][  0]LogConfig: Setting CVar [[r.EyeAdaptationQuality:2]]
[2021.05.15-19.22.38:034][  0]LogConfig: Setting CVar [[r.BloomQuality:5]]
[2021.05.15-19.22.38:034][  0]LogConfig: Setting CVar [[r.FastBlurThreshold:100]]
[2021.05.15-19.22.38:034][  0]LogConfig: Setting CVar [[r.Upscale.Quality:3]]
[2021.05.15-19.22.38:034][  0]LogConfig: Setting CVar [[r.Tonemapper.GrainQuantization:1]]
[2021.05.15-19.22.38:034][  0]LogConfig: Setting CVar [[r.LightShaftQuality:1]]
[2021.05.15-19.22.38:034][  0]LogConfig: Setting CVar [[r.Filter.SizeScale:1]]
[2021.05.15-19.22.38:034][  0]LogConfig: Setting CVar [[r.Tonemapper.Quality:5]]
[2021.05.15-19.22.38:034][  0]LogConfig: Setting CVar [[r.DOF.Gather.AccumulatorQuality:1        ; higher gathering accumulator quality]]
[2021.05.15-19.22.38:034][  0]LogConfig: Setting CVar [[r.DOF.Gather.PostfilterMethod:1          ; Median3x3 postfilering method]]
[2021.05.15-19.22.38:034][  0]LogConfig: Setting CVar [[r.DOF.Gather.EnableBokehSettings:0       ; no bokeh simulation when gathering]]
[2021.05.15-19.22.38:035][  0]LogConfig: Setting CVar [[r.DOF.Gather.RingCount:4                 ; medium number of samples when gathering]]
[2021.05.15-19.22.38:035][  0]LogConfig: Setting CVar [[r.DOF.Scatter.ForegroundCompositing:1    ; additive foreground scattering]]
[2021.05.15-19.22.38:035][  0]LogConfig: Setting CVar [[r.DOF.Scatter.BackgroundCompositing:2    ; additive background scattering]]
[2021.05.15-19.22.38:035][  0]LogConfig: Setting CVar [[r.DOF.Scatter.EnableBokehSettings:1      ; bokeh simulation when scattering]]
[2021.05.15-19.22.38:035][  0]LogConfig: Setting CVar [[r.DOF.Scatter.MaxSpriteRatio:0.1         ; only a maximum of 10% of scattered bokeh]]
[2021.05.15-19.22.38:035][  0]LogConfig: Setting CVar [[r.DOF.Recombine.Quality:1                ; cheap slight out of focus]]
[2021.05.15-19.22.38:035][  0]LogConfig: Setting CVar [[r.DOF.Recombine.EnableBokehSettings:0    ; no bokeh simulation on slight out of focus]]
[2021.05.15-19.22.38:035][  0]LogConfig: Setting CVar [[r.DOF.TemporalAAQuality:1                ; more stable temporal accumulation]]
[2021.05.15-19.22.38:035][  0]LogConfig: Setting CVar [[r.DOF.Kernel.MaxForegroundRadius:0.025]]
[2021.05.15-19.22.38:035][  0]LogConfig: Setting CVar [[r.DOF.Kernel.MaxBackgroundRadius:0.025]]
[2021.05.15-19.22.38:035][  0]LogConfig: Applying CVar settings from Section [TextureQuality@3] File [D:/UnrealProjects/OwnProjects/UE4GameMathematics/GameMathematics/Saved/Config/Windows/Scalability.ini]
[2021.05.15-19.22.38:035][  0]LogConfig: Setting CVar [[r.Streaming.MipBias:0]]
[2021.05.15-19.22.38:035][  0]LogConfig: Setting CVar [[r.Streaming.AmortizeCPUToGPUCopy:0]]
[2021.05.15-19.22.38:035][  0]LogConfig: Setting CVar [[r.Streaming.MaxNumTexturesToStreamPerFrame:0]]
[2021.05.15-19.22.38:035][  0]LogConfig: Setting CVar [[r.Streaming.Boost:1]]
[2021.05.15-19.22.38:035][  0]LogConfig: Setting CVar [[r.MaxAnisotropy:8]]
[2021.05.15-19.22.38:036][  0]LogConfig: Setting CVar [[r.VT.MaxAnisotropy:8]]
[2021.05.15-19.22.38:036][  0]LogConfig: Setting CVar [[r.Streaming.LimitPoolSizeToVRAM:0]]
[2021.05.15-19.22.38:036][  0]LogConfig: Setting CVar [[r.Streaming.PoolSize:1000]]
[2021.05.15-19.22.38:036][  0]LogConfig: Setting CVar [[r.Streaming.MaxEffectiveScreenSize:0]]
[2021.05.15-19.22.38:036][  0]LogConfig: Applying CVar settings from Section [EffectsQuality@3] File [D:/UnrealProjects/OwnProjects/UE4GameMathematics/GameMathematics/Saved/Config/Windows/Scalability.ini]
[2021.05.15-19.22.38:036][  0]LogConfig: Setting CVar [[r.TranslucencyLightingVolumeDim:64]]
[2021.05.15-19.22.38:036][  0]LogConfig: Setting CVar [[r.RefractionQuality:2]]
[2021.05.15-19.22.38:036][  0]LogConfig: Setting CVar [[r.SSR.Quality:3]]
[2021.05.15-19.22.38:036][  0]LogConfig: Setting CVar [[r.SSR.HalfResSceneColor:0]]
[2021.05.15-19.22.38:036][  0]LogConfig: Setting CVar [[r.SceneColorFormat:4]]
[2021.05.15-19.22.38:036][  0]LogConfig: Setting CVar [[r.DetailMode:2]]
[2021.05.15-19.22.38:036][  0]LogConfig: Setting CVar [[r.TranslucencyVolumeBlur:1]]
[2021.05.15-19.22.38:036][  0]LogConfig: Setting CVar [[r.MaterialQualityLevel:1 ; High quality]]
[2021.05.15-19.22.38:036][  0]LogConfig: Setting CVar [[r.SSS.Scale:1]]
[2021.05.15-19.22.38:037][  0]LogConfig: Setting CVar [[r.SSS.SampleSet:2]]
[2021.05.15-19.22.38:037][  0]LogConfig: Setting CVar [[r.SSS.Quality:1]]
[2021.05.15-19.22.38:037][  0]LogConfig: Setting CVar [[r.SSS.HalfRes:0]]
[2021.05.15-19.22.38:037][  0]LogConfig: Setting CVar [[r.SSGI.Quality:3]]
[2021.05.15-19.22.38:037][  0]LogConfig: Setting CVar [[r.EmitterSpawnRateScale:1.0]]
[2021.05.15-19.22.38:037][  0]LogConfig: Setting CVar [[r.ParticleLightQuality:2]]
[2021.05.15-19.22.38:037][  0]LogConfig: Setting CVar [[r.SkyAtmosphere.AerialPerspectiveLUT.FastApplyOnOpaque:1 ; Always have FastSkyLUT 1 in this case to avoid wrong sky]]
[2021.05.15-19.22.38:038][  0]LogConfig: Setting CVar [[r.SkyAtmosphere.AerialPerspectiveLUT.SampleCountPerSlice:1]]
[2021.05.15-19.22.38:038][  0]LogConfig: Setting CVar [[r.SkyAtmosphere.AerialPerspectiveLUT.DepthResolution:16.0]]
[2021.05.15-19.22.38:038][  0]LogConfig: Setting CVar [[r.SkyAtmosphere.FastSkyLUT:1]]
[2021.05.15-19.22.38:038][  0]LogConfig: Setting CVar [[r.SkyAtmosphere.FastSkyLUT.SampleCountMin:4.0]]
[2021.05.15-19.22.38:038][  0]LogConfig: Setting CVar [[r.SkyAtmosphere.FastSkyLUT.SampleCountMax:32.0]]
[2021.05.15-19.22.38:038][  0]LogConfig: Setting CVar [[r.SkyAtmosphere.SampleCountMin:4.0]]
[2021.05.15-19.22.38:038][  0]LogConfig: Setting CVar [[r.SkyAtmosphere.SampleCountMax:32.0]]
[2021.05.15-19.22.38:038][  0]LogConfig: Setting CVar [[r.SkyAtmosphere.TransmittanceLUT.UseSmallFormat:0]]
[2021.05.15-19.22.38:038][  0]LogConfig: Setting CVar [[r.SkyAtmosphere.TransmittanceLUT.SampleCount:10.0]]
[2021.05.15-19.22.38:038][  0]LogConfig: Setting CVar [[r.SkyAtmosphere.MultiScatteringLUT.SampleCount:15.0]]
[2021.05.15-19.22.38:038][  0]LogConfig: Applying CVar settings from Section [FoliageQuality@3] File [D:/UnrealProjects/OwnProjects/UE4GameMathematics/GameMathematics/Saved/Config/Windows/Scalability.ini]
[2021.05.15-19.22.38:038][  0]LogConfig: Setting CVar [[foliage.DensityScale:1.0]]
[2021.05.15-19.22.38:039][  0]LogConfig: Setting CVar [[grass.DensityScale:1.0]]
[2021.05.15-19.22.38:039][  0]LogConfig: Applying CVar settings from Section [ShadingQuality@3] File [D:/UnrealProjects/OwnProjects/UE4GameMathematics/GameMathematics/Saved/Config/Windows/Scalability.ini]
[2021.05.15-19.22.38:039][  0]LogConfig: Setting CVar [[r.HairStrands.SkyLighting.SampleCount:16]]
[2021.05.15-19.22.38:039][  0]LogConfig: Setting CVar [[r.HairStrands.SkyLighting.JitterIntegration:0]]
[2021.05.15-19.22.38:039][  0]LogConfig: Setting CVar [[r.HairStrands.SkyAO.SampleCount:16]]
[2021.05.15-19.22.38:039][  0]LogConfig: Setting CVar [[r.HairStrands.DeepShadow.SuperSampling:0]]
[2021.05.15-19.22.38:039][  0]LogConfig: Setting CVar [[r.HairStrands.VisibilityPPLL:0]]
[2021.05.15-19.22.38:039][  0]LogConfig: Setting CVar [[r.HairStrands.RasterizationScale:0.5]]
[2021.05.15-19.22.38:039][  0]LogConfig: Setting CVar [[r.HairStrands.VelocityRasterizationScale:1]]
[2021.05.15-19.22.38:039][  0]LogConfig: Applying CVar settings from Section [Startup] File [../../../Engine/Config/ConsoleVariables.ini]
[2021.05.15-19.22.38:040][  0]LogConfig: Setting CVar [[net.UseAdaptiveNetUpdateFrequency:0]]
[2021.05.15-19.22.38:040][  0]LogConfig: Setting CVar [[p.chaos.AllowCreatePhysxBodies:1]]
[2021.05.15-19.22.38:040][  0]LogConfig: Setting CVar [[fx.SkipVectorVMBackendOptimizations:1]]
[2021.05.15-19.22.38:040][  0]LogConfig: Applying CVar settings from Section [ConsoleVariables] File [D:/UnrealProjects/OwnProjects/UE4GameMathematics/GameMathematics/Saved/Config/Windows/Engine.ini]
[2021.05.15-19.22.38:040][  0]LogInit: Computer: DESKTOP-RIG8FMN
[2021.05.15-19.22.38:040][  0]LogInit: User: sgfar
[2021.05.15-19.22.38:040][  0]LogInit: CPU Page size=4096, Cores=4
[2021.05.15-19.22.38:040][  0]LogInit: High frequency timer resolution =10.000000 MHz
[2021.05.15-19.22.38:040][  0]LogMemory: Memory total: Physical=15.9GB (16GB approx)
[2021.05.15-19.22.38:041][  0]LogMemory: Platform Memory Stats for Windows
[2021.05.15-19.22.38:041][  0]LogMemory: Process Physical Memory: 115.17 MB used, 115.17 MB peak
[2021.05.15-19.22.38:041][  0]LogMemory: Process Virtual Memory: 95.95 MB used, 95.95 MB peak
[2021.05.15-19.22.38:041][  0]LogMemory: Physical Memory: 8423.02 MB used,  7848.67 MB free, 16271.69 MB total
[2021.05.15-19.22.38:041][  0]LogMemory: Virtual Memory: 5144.86 MB used,  134212584.00 MB free, 134217728.00 MB total
[2021.05.15-19.22.38:059][  0]LogWindows: WindowsPlatformFeatures enabled
[2021.05.15-19.22.38:987][  0]LogInit: Physics initialised using underlying interface: PhysX
[2021.05.15-19.22.38:989][  0]LogInit: Using OS detected language (en-US).
[2021.05.15-19.22.38:989][  0]LogInit: Using OS detected locale (en-US).
[2021.05.15-19.22.38:992][  0]LogTextLocalizationManager: No specific localization for 'en-US' exists, so the 'en' localization will be used.
[2021.05.15-19.22.39:240][  0]LogInit: Setting process to per monitor DPI aware
[2021.05.15-19.22.39:315][  0]LogSlate: New Slate User Created.  User Index 0, Is Virtual User: 0
[2021.05.15-19.22.39:315][  0]LogSlate: Slate User Registered.  User Index 0, Is Virtual User: 0
[2021.05.15-19.22.39:536][  0]LogHMD: Failed to initialize OpenVR with code 110
[2021.05.15-19.22.39:536][  0]LogD3D11RHI: D3D11 min allowed feature level: 11_0
[2021.05.15-19.22.39:536][  0]LogD3D11RHI: D3D11 max allowed feature level: 11_0
[2021.05.15-19.22.39:536][  0]LogD3D11RHI: D3D11 adapters:
[2021.05.15-19.22.40:591][  0]LogD3D11RHI:    0. 'NVIDIA GeForce GTX 1060' (Feature Level 11_0)
[2021.05.15-19.22.40:591][  0]LogD3D11RHI:       6052/0/8135 MB DedicatedVideo/DedicatedSystem/SharedSystem, Outputs:1, VendorId:0x10de
[2021.05.15-19.22.40:655][  0]LogD3D11RHI:    1. 'Intel(R) HD Graphics 630' (Feature Level 11_0)
[2021.05.15-19.22.40:656][  0]LogD3D11RHI:       128/0/8135 MB DedicatedVideo/DedicatedSystem/SharedSystem, Outputs:0, VendorId:0x8086
[2021.05.15-19.22.40:671][  0]LogD3D11RHI:    2. 'Microsoft Basic Render Driver' (Feature Level 11_0)
[2021.05.15-19.22.40:671][  0]LogD3D11RHI:       0/0/8135 MB DedicatedVideo/DedicatedSystem/SharedSystem, Outputs:0, VendorId:0x1414
[2021.05.15-19.22.40:671][  0]LogD3D11RHI: Chosen D3D11 Adapter: 0
[2021.05.15-19.22.40:678][  0]LogD3D11RHI: Creating new Direct3DDevice
[2021.05.15-19.22.40:679][  0]LogD3D11RHI:     GPU DeviceId: 0x1c20 (for the marketing name, search the web for "GPU Device Id")
[2021.05.15-19.22.40:679][  0]LogWindows: EnumDisplayDevices:
[2021.05.15-19.22.40:679][  0]LogWindows:    0. 'Intel(R) HD Graphics 630' (P:1 D:1)
[2021.05.15-19.22.40:679][  0]LogWindows:    1. 'Intel(R) HD Graphics 630' (P:0 D:0)
[2021.05.15-19.22.40:680][  0]LogWindows:    2. 'Intel(R) HD Graphics 630' (P:0 D:0)
[2021.05.15-19.22.40:680][  0]LogWindows:    3. 'NVIDIA GeForce GTX 1060' (P:0 D:0)
[2021.05.15-19.22.40:681][  0]LogWindows:    4. 'NVIDIA GeForce GTX 1060' (P:0 D:0)
[2021.05.15-19.22.40:681][  0]LogWindows:    5. 'NVIDIA GeForce GTX 1060' (P:0 D:0)
[2021.05.15-19.22.40:682][  0]LogWindows:    6. 'NVIDIA GeForce GTX 1060' (P:0 D:0)
[2021.05.15-19.22.40:682][  0]LogWindows: DebugString: PrimaryIsNotTheChoosenAdapter PrimaryIsNotTheChoosenAdapter PrimaryIsNotTheChoosenAdapter FoundDriverCount:4 
[2021.05.15-19.22.40:682][  0]LogD3D11RHI:     Adapter Name: NVIDIA GeForce GTX 1060
[2021.05.15-19.22.40:682][  0]LogD3D11RHI:   Driver Version: 466.27 (internal:27.21.14.6627, unified:466.27)
[2021.05.15-19.22.40:682][  0]LogD3D11RHI:      Driver Date: 4-23-2021
[2021.05.15-19.22.40:682][  0]LogRHI: Texture pool is 4236 MB (70% of 6052 MB)
[2021.05.15-19.22.40:790][  0]LogD3D11RHI: RHI has support for 64 bit atomics
[2021.05.15-19.22.40:790][  0]LogD3D11RHI: Async texture creation enabled
[2021.05.15-19.22.40:790][  0]LogD3D11RHI: Array index from any shader is supported
[2021.05.15-19.22.40:818][  0]LogD3D11RHI: GPU Timing Frequency: 1000.000000 (Debug: 2 1)
[2021.05.15-19.22.41:202][  0]LogTargetPlatformManager: Display: Loaded TargetPlatform 'AllDesktop'
[2021.05.15-19.22.41:229][  0]LogTargetPlatformManager: Display: Loaded TargetPlatform 'Android'
[2021.05.15-19.22.41:229][  0]LogTargetPlatformManager: Display: Loaded TargetPlatform 'Android_ASTC'
[2021.05.15-19.22.41:229][  0]LogTargetPlatformManager: Display: Loaded TargetPlatform 'Android_DXT'
[2021.05.15-19.22.41:229][  0]LogTargetPlatformManager: Display: Loaded TargetPlatform 'Android_ETC2'
[2021.05.15-19.22.41:229][  0]LogTargetPlatformManager: Display: Loaded TargetPlatform 'AndroidClient'
[2021.05.15-19.22.41:229][  0]LogTargetPlatformManager: Display: Loaded TargetPlatform 'Android_ASTCClient'
[2021.05.15-19.22.41:229][  0]LogTargetPlatformManager: Display: Loaded TargetPlatform 'Android_DXTClient'
[2021.05.15-19.22.41:230][  0]LogTargetPlatformManager: Display: Loaded TargetPlatform 'Android_ETC2Client'
[2021.05.15-19.22.41:230][  0]LogTargetPlatformManager: Display: Loaded TargetPlatform 'Android_Multi'
[2021.05.15-19.22.41:230][  0]LogTargetPlatformManager: Display: Loaded TargetPlatform 'Android_MultiClient'
[2021.05.15-19.22.41:269][  0]LogTargetPlatformManager: Display: Loaded TargetPlatform 'IOSClient'
[2021.05.15-19.22.41:269][  0]LogTargetPlatformManager: Display: Loaded TargetPlatform 'IOS'
[2021.05.15-19.22.41:281][  0]LogTargetPlatformManager: Display: Loaded TargetPlatform 'Linux'
[2021.05.15-19.22.41:293][  0]LogTargetPlatformManager: Display: Loaded TargetPlatform 'LinuxNoEditor'
[2021.05.15-19.22.41:310][  0]LogTargetPlatformManager: Display: Loaded TargetPlatform 'LinuxClient'
[2021.05.15-19.22.41:323][  0]LogTargetPlatformManager: Display: Loaded TargetPlatform 'LinuxServer'
[2021.05.15-19.22.41:339][  0]LogTargetPlatformManager: Display: Loaded TargetPlatform 'LinuxAArch64NoEditor'
[2021.05.15-19.22.41:352][  0]LogTargetPlatformManager: Display: Loaded TargetPlatform 'LinuxAArch64Client'
[2021.05.15-19.22.41:366][  0]LogTargetPlatformManager: Display: Loaded TargetPlatform 'LinuxAArch64Server'
[2021.05.15-19.22.41:399][  0]LogTargetPlatformManager: Display: Loaded TargetPlatform 'Lumin'
[2021.05.15-19.22.41:399][  0]LogTargetPlatformManager: Display: Loaded TargetPlatform 'LuminClient'
[2021.05.15-19.22.41:420][  0]LogTargetPlatformManager: Display: Loaded TargetPlatform 'TVOSClient'
[2021.05.15-19.22.41:420][  0]LogTargetPlatformManager: Display: Loaded TargetPlatform 'TVOS'
[2021.05.15-19.22.41:434][  0]LogTargetPlatformManager: Display: Loaded TargetPlatform 'WindowsNoEditor'
[2021.05.15-19.22.41:452][  0]LogTargetPlatformManager: Display: Loaded TargetPlatform 'Windows'
[2021.05.15-19.22.41:466][  0]LogTargetPlatformManager: Display: Loaded TargetPlatform 'WindowsClient'
[2021.05.15-19.22.41:477][  0]LogTargetPlatformManager: Display: Loaded TargetPlatform 'WindowsServer'
[2021.05.15-19.22.41:478][  0]LogTargetPlatformManager: Display: Building Assets For Windows
[2021.05.15-19.22.41:495][  0]LogAudioDebug: Display: Lib vorbis DLL was dynamically loaded.
[2021.05.15-19.22.41:644][  0]LogShaderCompilers: Guid format shader working directory is -36 characters bigger than the processId version (../../../../../../../UnrealProjects/OwnProjects/UE4GameMathematics/GameMathematics/Intermediate/Shaders/WorkingDirectory/2808/).
[2021.05.15-19.22.41:644][  0]LogShaderCompilers: Cleaned the shader compiler working directory 'C:/Users/sgfar/AppData/Local/Temp/UnrealShaderWorkingDir/858588B54BA4A71D883F848356583DF7/'.
[2021.05.15-19.22.41:645][  0]LogXGEController: Cleaning working directory: C:/Users/sgfar/AppData/Local/Temp/UnrealXGEWorkingDir/
[2021.05.15-19.22.41:645][  0]LogXGEController: Cannot use XGE Controller as Incredibuild is not installed on this machine.
[2021.05.15-19.22.41:645][  0]LogShaderCompilers: Cannot use XGE Shader Compiler as Incredibuild is not installed on this machine.
[2021.05.15-19.22.41:646][  0]LogShaderCompilers: Display: Using Local Shader Compiler.
[2021.05.15-19.22.42:597][  0]LogDerivedDataCache: Display: Max Cache Size: 512 MB
[2021.05.15-19.22.42:653][  0]LogDerivedDataCache: Loaded boot cache 0.06s 79MB C:/Users/sgfar/AppData/Local/UnrealEngine/4.25/DerivedDataCache/Boot.ddc.
[2021.05.15-19.22.42:653][  0]LogDerivedDataCache: Display: Loaded Boot cache: C:/Users/sgfar/AppData/Local/UnrealEngine/4.25/DerivedDataCache/Boot.ddc
[2021.05.15-19.22.42:653][  0]LogDerivedDataCache: FDerivedDataBackendGraph:  Pak pak cache file ../../../../../../../UnrealProjects/OwnProjects/UE4GameMathematics/GameMathematics/DerivedDataCache/DDC.ddp not found, will not use a pak cache.
[2021.05.15-19.22.42:653][  0]LogDerivedDataCache: Unable to find inner node Pak for hierarchical cache Hierarchy.
[2021.05.15-19.22.42:653][  0]LogDerivedDataCache: FDerivedDataBackendGraph:  CompressedPak pak cache file ../../../../../../../UnrealProjects/OwnProjects/UE4GameMathematics/GameMathematics/DerivedDataCache/Compressed.ddp not found, will not use a pak cache.
[2021.05.15-19.22.42:653][  0]LogDerivedDataCache: Unable to find inner node CompressedPak for hierarchical cache Hierarchy.
[2021.05.15-19.22.42:665][  0]LogDerivedDataCache: Display: Pak cache opened for reading ../../../Engine/DerivedDataCache/Compressed.ddp.
[2021.05.15-19.22.42:665][  0]LogDerivedDataCache: FDerivedDataBackendGraph:  EnterprisePak pak cache file ../../../Enterprise/DerivedDataCache/Compressed.ddp not found, will not use a pak cache.
[2021.05.15-19.22.42:665][  0]LogDerivedDataCache: Unable to find inner node EnterprisePak for hierarchical cache Hierarchy.
[2021.05.15-19.22.42:668][  0]LogDerivedDataCache: Using Local data cache path C:/Users/sgfar/AppData/Local/UnrealEngine/Common/DerivedDataCache: Writable
[2021.05.15-19.22.42:669][  0]LogDerivedDataCache: Shared data cache path not found in *engine.ini, will not use an Shared cache.
[2021.05.15-19.22.42:669][  0]LogDerivedDataCache: Unable to find inner node Shared for hierarchical cache Hierarchy.
[2021.05.15-19.22.42:742][  0]LogSlate: Using FreeType 2.10.0
[2021.05.15-19.22.42:743][  0]LogSlate: SlateFontServices - WITH_FREETYPE: 1, WITH_HARFBUZZ: 1
[2021.05.15-19.22.42:781][  0]LogAssetRegistry: FAssetRegistry took 0.0058 seconds to start up
[2021.05.15-19.22.43:113][  0]LogInit: Selected Device Profile: [Windows]
[2021.05.15-19.22.43:341][  0]LogMeshReduction: Using QuadricMeshReduction for automatic static mesh reduction
[2021.05.15-19.22.43:341][  0]LogMeshReduction: Using SimplygonMeshReduction for automatic skeletal mesh reduction
[2021.05.15-19.22.43:341][  0]LogMeshReduction: Using ProxyLODMeshReduction for automatic mesh merging
[2021.05.15-19.22.43:341][  0]LogMeshReduction: No distributed automatic mesh merging module available
[2021.05.15-19.22.43:341][  0]LogMeshMerging: No distributed automatic mesh merging module available
[2021.05.15-19.22.43:361][  0]LogNetVersion: GameMathematics 1.0.0, NetCL: 13144385, EngineNetVer: 14, GameNetVer: 0 (Checksum: 3306851746)
[2021.05.15-19.22.43:989][  0]LogAISub: UAISubsystem::UAISubsystem AISubsystem (000001B00205C2C0), frame # 0
[2021.05.15-19.22.43:989][  0]LogAISub: UAISubsystem::UAISubsystem AIPerceptionSystem (000001B002F9D1C0), frame # 0
[2021.05.15-19.22.43:997][  0]LogAISub: UAISubsystem::UAISubsystem EnvQueryManager (000001B002014A00), frame # 0
[2021.05.15-19.22.44:083][  0]LogPackageLocalizationCache: Processed 19 localized package path(s) for 1 prioritized culture(s) in 0.045691 seconds
[2021.05.15-19.22.44:089][  0]LogUObjectArray: 15917 objects as part of root set at end of initial load.
[2021.05.15-19.22.44:089][  0]LogUObjectAllocator: 3965568 out of 0 bytes used by permanent object pool.
[2021.05.15-19.22.44:089][  0]LogUObjectArray: CloseDisregardForGC: 0/0 objects in disregard for GC pool
[2021.05.15-19.22.44:757][  0]LogTcpMessaging: Initializing TcpMessaging bridge
[2021.05.15-19.22.44:767][  0]LogUdpMessaging: Initializing bridge on interface 0.0.0.0:0 to multicast group 230.0.0.1:6666.
[2021.05.15-19.22.45:811][  0]SourceControl: Source control is disabled
[2021.05.15-19.22.45:811][  0]SourceControl: Source control is disabled
[2021.05.15-19.22.45:903][  0]SourceControl: Source control is disabled
[2021.05.15-19.22.45:990][  0]SourceControl: Source control is disabled
[2021.05.15-19.22.46:075][  0]SourceControl: Source control is disabled
[2021.05.15-19.22.50:357][  0]LogAndroidPermission: UAndroidPermissionCallbackProxy::GetInstance
[2021.05.15-19.22.50:608][  0]LogAudioCaptureCore: Display: No Audio Capture implementations found. Audio input will be silent.
[2021.05.15-19.22.50:608][  0]LogAudioCaptureCore: Display: No Audio Capture implementations found. Audio input will be silent.
[2021.05.15-19.22.51:004][  0]LogOcInput: OculusInput pre-init called
[2021.05.15-19.22.51:093][  0]LogWindows: Failed to load 'OVRPlugin.dll' (GetLastError=126)
[2021.05.15-19.22.51:094][  0]LogWindows: File 'OVRPlugin.dll' does not exist
[2021.05.15-19.22.51:472][  0]LogEngine: Initializing Engine...
[2021.05.15-19.22.51:474][  0]LogHMD: Failed to initialize OpenVR with code 110
[2021.05.15-19.22.51:474][  0]LogMagicLeap: Warning: VR disabled because ZI is not enabled.  To enable, in the editor, Edit -> Project Settings -> Plugins -> Magic Leap Plugin -> Enable Zero Iteration
[2021.05.15-19.22.51:475][  0]LogStats: UGameplayTagsManager::InitializeManager -  0.000 s
[2021.05.15-19.22.51:840][  0]LogInit: Initializing FReadOnlyCVARCache
[2021.05.15-19.22.51:880][  0]LogAIModule: Creating AISystem for world Untitled
[2021.05.15-19.22.51:881][  0]LogAISub: UAISubsystem::UAISubsystem EnvQueryManager (000001B005B35C00), frame # 0
[2021.05.15-19.22.51:882][  0]LogAISub: UAISubsystem::UAISubsystem AIPerceptionSystem (000001B005B1BB00), frame # 0
[2021.05.15-19.22.51:892][  0]LogAudioMixer: Display: Audio Mixer Platform Settings:
[2021.05.15-19.22.51:892][  0]LogAudioMixer: Display: 	Sample Rate:						  48000
[2021.05.15-19.22.51:892][  0]LogAudioMixer: Display: 	Callback Buffer Frame Size Requested: 1024
[2021.05.15-19.22.51:892][  0]LogAudioMixer: Display: 	Callback Buffer Frame Size To Use:	  1024
[2021.05.15-19.22.51:892][  0]LogAudioMixer: Display: 	Number of buffers to queue:			  2
[2021.05.15-19.22.51:892][  0]LogAudioMixer: Display: 	Max Channels (voices):				  32
[2021.05.15-19.22.51:893][  0]LogAudioMixer: Display: 	Number of Async Source Workers:		  0
[2021.05.15-19.22.51:893][  0]LogAudio: Display: AudioDevice MaxSources: 32
[2021.05.15-19.22.51:893][  0]LogAudio: Display: Using built-in audio occlusion.
[2021.05.15-19.22.51:893][  0]LogAudioMixer: Display: Initializing audio mixer.
[2021.05.15-19.22.51:926][  0]LogAudioMixer: Display: 0: FrontLeft
[2021.05.15-19.22.51:926][  0]LogAudioMixer: Display: 1: FrontRight
[2021.05.15-19.22.52:088][  0]LogAudioMixer: Display: Using Audio Device HeadPhone/Digital Output (Realtek High Definition Audio)
[2021.05.15-19.22.52:091][  0]LogAudioMixer: Display: Initializing Sound Submixes...
[2021.05.15-19.22.52:099][  0]LogAudioMixer: Display: Creating Master Submix 'MasterSubmixDefault'
[2021.05.15-19.22.52:099][  0]LogAudioMixer: Display: Creating Master Submix 'MasterReverbSubmixDefault'
[2021.05.15-19.22.52:101][  0]LogAudioMixer: Display: Creating Master Submix 'MasterEQSubmixDefault'
[2021.05.15-19.22.52:104][  0]LogInit: FAudioDevice initialized.
[2021.05.15-19.22.52:104][  0]LogNetVersion: Set ProjectVersion to 1.0.0.0. Version Checksum will be recalculated on next use.
[2021.05.15-19.22.52:194][  0]LogDerivedDataCache: Saved boot cache 0.09s 75MB C:/Users/sgfar/AppData/Local/UnrealEngine/4.25/DerivedDataCache/Boot.ddc.
[2021.05.15-19.22.52:195][  0]LogInit: Texture streaming: Enabled
[2021.05.15-19.22.52:263][  0]LogEngineSessionManager: EngineSessionManager initialized
[2021.05.15-19.22.52:264][  0]LogEngineSessionManager: EngineSessionManager sent abnormal shutdown report. Type=Crashed, SessionId={338F2AA5-4655-2471-FA4D-C888945D32F0}
[2021.05.15-19.22.52:265][  0]LogEditorSessionSummary: Verbose: Initializing EditorSessionSummaryWriter for editor session tracking
[2021.05.15-19.22.52:267][  0]LogEditorSessionSummary: EditorSessionSummaryWriter initialized
[2021.05.15-19.22.52:390][  0]LogInit: Transaction tracking system initialized
[2021.05.15-19.22.53:130][  0]BlueprintLog: New page: Editor Load
[2021.05.15-19.22.54:379][  0]LocalizationService: Localization service is disabled
[2021.05.15-19.22.55:945][  0]LogCook: Display: Max memory allowance for cook 16384mb min free memory 0mb
[2021.05.15-19.22.55:946][  0]LogCook: Display: Mobile HDR setting 1
[2021.05.15-19.22.56:717][  0]LogFileCache: Scanning file cache for directory 'D:/UnrealProjects/OwnProjects/UE4GameMathematics/GameMathematics/Content/' took 0.02s
[2021.05.15-19.22.57:691][  0]SourceControl: Source control is disabled
[2021.05.15-19.22.57:692][  0]LogUnrealEdMisc: Loading editor; pre map load, took 21.869
[2021.05.15-19.22.57:692][  0]Cmd: MAP LOAD FILE="../../../Engine/Content/Maps/Templates/Template_Default.umap" TEMPLATE=1 SHOWPROGRESS=1 FEATURELEVEL=3
[2021.05.15-19.22.57:708][  0]LightingResults: New page: Lighting Build
[2021.05.15-19.22.57:725][  0]LogWorld: UWorld::CleanupWorld for Untitled, bSessionEnded=true, bCleanupResources=true
[2021.05.15-19.22.57:725][  0]LogSlate: InvalidateAllWidgets triggered.  All widgets were invalidated
[2021.05.15-19.22.57:725][  0]MapCheck: New page: Map Check
[2021.05.15-19.22.57:725][  0]LightingResults: New page: Lighting Build
[2021.05.15-19.22.57:735][  0]LogAISub: UAISubsystem::~UAISubsystem EnvQueryManager (000001B005B35C00), frame # 0
[2021.05.15-19.22.57:736][  0]LogAISub: UAISubsystem::~UAISubsystem AIPerceptionSystem (000001B005B1BB00), frame # 0
[2021.05.15-19.22.57:737][  0]LogUObjectHash: Compacting FUObjectHashTables data took   0.90ms
[2021.05.15-19.22.58:058][  0]LogAIModule: Creating AISystem for world Untitled_1
[2021.05.15-19.22.58:058][  0]LogAISub: UAISubsystem::UAISubsystem EnvQueryManager (000001B015CE7E00), frame # 0
[2021.05.15-19.22.58:058][  0]LogAISub: UAISubsystem::UAISubsystem AIPerceptionSystem (000001B07EA26200), frame # 0
[2021.05.15-19.22.58:087][  0]LogEditorServer: Finished looking for orphan Actors (0.000 secs)
[2021.05.15-19.22.58:098][  0]LogUObjectHash: Compacting FUObjectHashTables data took   0.74ms
[2021.05.15-19.22.58:098][  0]Cmd: MAP CHECKDEP NOCLEARLOG
[2021.05.15-19.22.58:099][  0]MapCheck: Map check complete: 0 Error(s), 0 Warning(s), took 0.233ms to complete.
[2021.05.15-19.22.58:099][  0]LogFileHelpers: Loading map 'Template_Default' took 0.407
[2021.05.15-19.22.58:102][  0]LogUnrealEdMisc: Total Editor Startup Time, took 22.279
[2021.05.15-19.22.58:249][  0]LogSlate: Updating window title bar state: overlay mode, drag disabled, window buttons hidden, title bar hidden
[2021.05.15-19.22.58:257][  0]LogSlate: Updating window title bar state: overlay mode, drag disabled, window buttons hidden, title bar hidden
[2021.05.15-19.22.58:267][  0]LogSlate: Updating window title bar state: overlay mode, drag disabled, window buttons hidden, title bar hidden
[2021.05.15-19.22.58:274][  0]LogSlate: Updating window title bar state: overlay mode, drag disabled, window buttons hidden, title bar hidden
[2021.05.15-19.22.58:297][  0]LogCollectionManager: Loaded 0 collections in 0.000816 seconds
[2021.05.15-19.22.58:323][  0]LogFileCache: Scanning file cache for directory 'D:/UnrealProjects/OwnProjects/UE4GameMathematics/GameMathematics/Saved/Collections/' took 0.00s
[2021.05.15-19.22.58:324][  0]LogFileCache: Scanning file cache for directory 'D:/UnrealProjects/OwnProjects/UE4GameMathematics/GameMathematics/Content/Developers/sgfar/Collections/' took 0.00s
[2021.05.15-19.22.58:324][  0]LogFileCache: Scanning file cache for directory 'D:/UnrealProjects/OwnProjects/UE4GameMathematics/GameMathematics/Content/Collections/' took 0.00s
[2021.05.15-19.22.58:324][  0]LogContentBrowser: Native class hierarchy populated in 0.0105 seconds. Added 3431 classes and 825 folders.
[2021.05.15-19.22.58:357][  0]LogContentBrowser: Native class hierarchy updated for 'WidgetCarousel' in 0.0005 seconds. Added 0 classes and 0 folders.
[2021.05.15-19.23.01:837][  0]LogContentBrowser: Native class hierarchy updated for 'AddContentDialog' in 0.0004 seconds. Added 0 classes and 0 folders.
[2021.05.15-19.23.01:841][  0]LogContentBrowser: Native class hierarchy updated for 'SceneOutliner' in 0.0004 seconds. Added 2 classes and 0 folders.
[2021.05.15-19.23.03:093][  0]LogSlate: Took 0.000234 seconds to synchronously load lazily loaded font '../../../Engine/Content/Slate/Fonts/Roboto-Regular.ttf' (155K)
[2021.05.15-19.23.03:096][  0]LogSlate: Took 0.000399 seconds to synchronously load lazily loaded font '../../../Engine/Content/Slate/Fonts/Roboto-Bold.ttf' (160K)
[2021.05.15-19.23.03:220][  0]LogSlate: Took 0.118559 seconds to synchronously load lazily loaded font '../../../Engine/Content/Editor/Slate/Fonts/FontAwesome.ttf' (139K)
[2021.05.15-19.23.03:445][  0]LogRenderer: Reallocating scene render targets to support 964x432 Format 10 NumSamples 1 (Frame:1).
[2021.05.15-19.23.03:578][  0]LogContentBrowser: Native class hierarchy updated for 'HierarchicalLODOutliner' in 0.0004 seconds. Added 0 classes and 0 folders.
[2021.05.15-19.23.03:578][  0]LogLoad: (Engine Initialization) Total time: 27.76 seconds
[2021.05.15-19.23.03:578][  0]LogLoad: (Engine Initialization) Total Blueprint compile time: 0.00 seconds
[2021.05.15-19.23.03:722][  0]LogAssetRegistry: Asset discovery search completed in 20.9452 seconds
[2021.05.15-19.23.03:726][  0]LogCollectionManager: Fixed up redirectors for 0 collections in 0.000002 seconds (updated 0 objects)
[2021.05.15-19.23.03:728][  0]LogContentStreaming: Texture pool size now 1000 MB
[2021.05.15-19.23.03:790][  0]LogSlate: Took 0.046346 seconds to synchronously load lazily loaded font '../../../Engine/Content/Slate/Fonts/Roboto-Light.ttf' (167K)
[2021.05.15-19.23.07:199][195]LogSlate: Took 0.000174 seconds to synchronously load lazily loaded font '../../../Engine/Content/Slate/Fonts/Roboto-Light.ttf' (167K)
[2021.05.15-19.23.07:624][195]LogAssetEditorSubsystem: Opening Asset editor for World /Game/Levels/2DMathematics.2DMathematics
[2021.05.15-19.23.07:647][195]LogUObjectHash: Compacting FUObjectHashTables data took   0.65ms
[2021.05.15-19.23.07:653][195]Cmd: MAP LOAD FILE="../../../../../../../UnrealProjects/OwnProjects/UE4GameMathematics/GameMathematics/Content/Levels/2DMathematics.umap" TEMPLATE=0 SHOWPROGRESS=1 FEATURELEVEL=3
[2021.05.15-19.23.07:653][195]LightingResults: New page: Lighting Build
[2021.05.15-19.23.07:653][195]LoadErrors: New page: Loading map: 2DMathematics.umap
[2021.05.15-19.23.07:681][195]LogWorld: UWorld::CleanupWorld for Untitled_1, bSessionEnded=true, bCleanupResources=true
[2021.05.15-19.23.07:699][195]LogSlate: InvalidateAllWidgets triggered.  All widgets were invalidated
[2021.05.15-19.23.07:699][195]MapCheck: New page: Map Check
[2021.05.15-19.23.07:699][195]LightingResults: New page: Lighting Build
[2021.05.15-19.23.07:772][195]LogAISub: UAISubsystem::~UAISubsystem EnvQueryManager (000001B015CE7E00), frame # 195
[2021.05.15-19.23.07:773][195]LogAISub: UAISubsystem::~UAISubsystem AIPerceptionSystem (000001B07EA26200), frame # 195
[2021.05.15-19.23.07:805][195]LogUObjectHash: Compacting FUObjectHashTables data took   0.72ms
[2021.05.15-19.23.07:809][195]LogEditorServer: Finished looking for orphan Actors (0.000 secs)
[2021.05.15-19.23.07:810][195]LogAIModule: Creating AISystem for world 2DMathematics
[2021.05.15-19.23.07:810][195]LogAISub: UAISubsystem::UAISubsystem EnvQueryManager (000001B005B34200), frame # 195
[2021.05.15-19.23.07:810][195]LogAISub: UAISubsystem::UAISubsystem AIPerceptionSystem (000001B07EA26340), frame # 195
[2021.05.15-19.23.07:822][195]LogUObjectHash: Compacting FUObjectHashTables data took   0.94ms
[2021.05.15-19.23.07:829][195]Cmd: MAP CHECKDEP NOCLEARLOG
[2021.05.15-19.23.07:829][195]MapCheck: Map check complete: 0 Error(s), 0 Warning(s), took 0.184ms to complete.
[2021.05.15-19.23.07:830][195]LogFileHelpers: Loading map '2DMathematics' took 0.177
[2021.05.15-19.23.12:035][445]LogUObjectHash: Compacting FUObjectHashTables data took   0.22ms
[2021.05.15-19.23.14:321][581]LogTemp: Repeating last play command: Simulate
[2021.05.15-19.23.14:327][581]LogPlayLevel: PlayLevel: No blueprints needed recompiling
[2021.05.15-19.23.14:328][581]PIE: New page: SIE session: 2DMathematics (May 15, 2021, 9:23:14 AM)
[2021.05.15-19.23.14:330][581]LogOnline: OSS: Creating online subsystem instance for: NULL
[2021.05.15-19.23.14:333][581]LogOnline: OSS: TryLoadSubsystemAndSetDefault: Loaded subsystem for module [NULL]
[2021.05.15-19.23.14:334][581]LogPlayLevel: Creating play world package: /Game/Levels/UEDPIE_0_2DMathematics
[2021.05.15-19.23.14:336][581]LogPlayLevel: PIE: StaticDuplicateObject took: (0.002447s)
[2021.05.15-19.23.14:338][581]LogAIModule: Creating AISystem for world 2DMathematics
[2021.05.15-19.23.14:338][581]LogAISub: UAISubsystem::UAISubsystem EnvQueryManager (000001B03D21D600), frame # 581
[2021.05.15-19.23.14:339][581]LogAISub: UAISubsystem::UAISubsystem AIPerceptionSystem (000001B01547DBC0), frame # 581
[2021.05.15-19.23.14:339][581]LogPlayLevel: PIE: World Init took: (0.002675s)
[2021.05.15-19.23.14:339][581]LogPlayLevel: PIE: Created PIE world by copying editor world from /Game/Levels/2DMathematics.2DMathematics to /Game/Levels/UEDPIE_0_2DMathematics.2DMathematics (0.005771s)
[2021.05.15-19.23.14:349][581]LogUObjectHash: Compacting FUObjectHashTables data took   0.57ms
[2021.05.15-19.23.14:350][581]LogAudioMixer: Display: Audio Mixer Platform Settings:
[2021.05.15-19.23.14:350][581]LogAudioMixer: Display: 	Sample Rate:						  48000
[2021.05.15-19.23.14:351][581]LogAudioMixer: Display: 	Callback Buffer Frame Size Requested: 1024
[2021.05.15-19.23.14:351][581]LogAudioMixer: Display: 	Callback Buffer Frame Size To Use:	  1024
[2021.05.15-19.23.14:351][581]LogAudioMixer: Display: 	Number of buffers to queue:			  2
[2021.05.15-19.23.14:351][581]LogAudioMixer: Display: 	Max Channels (voices):				  32
[2021.05.15-19.23.14:351][581]LogAudioMixer: Display: 	Number of Async Source Workers:		  0
[2021.05.15-19.23.14:351][581]LogAudio: Display: AudioDevice MaxSources: 32
[2021.05.15-19.23.14:352][581]LogAudio: Display: Using built-in audio occlusion.
[2021.05.15-19.23.14:352][581]LogAudioMixer: Display: Initializing audio mixer.
[2021.05.15-19.23.14:354][581]LogAudioMixer: Display: 0: FrontLeft
[2021.05.15-19.23.14:354][581]LogAudioMixer: Display: 1: FrontRight
[2021.05.15-19.23.14:470][581]LogAudioMixer: Display: Using Audio Device HeadPhone/Digital Output (Realtek High Definition Audio)
[2021.05.15-19.23.14:470][581]LogAudioMixer: Display: Initializing Sound Submixes...
[2021.05.15-19.23.14:470][581]LogAudioMixer: Display: Creating Master Submix 'MasterSubmixDefault'
[2021.05.15-19.23.14:471][581]LogAudioMixer: Display: Creating Master Submix 'MasterReverbSubmixDefault'
[2021.05.15-19.23.14:471][581]LogAudioMixer: Display: Creating Master Submix 'MasterEQSubmixDefault'
[2021.05.15-19.23.14:489][581]LogInit: FAudioDevice initialized.
[2021.05.15-19.23.14:504][581]LogLoad: Game class is 'GameModeBase'
[2021.05.15-19.23.14:507][581]LogWorld: Bringing World /Game/Levels/UEDPIE_0_2DMathematics.2DMathematics up for play (max tick rate 60) at 2021.05.15-14.23.14
[2021.05.15-19.23.14:508][581]LogWorld: Bringing up level for play took: 0.001760
[2021.05.15-19.23.14:509][581]LogOnline: OSS: Creating online subsystem instance for: :Context_2
[2021.05.15-19.23.14:513][581]LogGameMode: FindPlayerStart: PATHS NOT DEFINED or NO PLAYERSTART with positive rating
[2021.05.15-19.23.14:531][581]LogContentBrowser: Native class hierarchy updated for 'MovieSceneCapture' in 0.0005 seconds. Added 20 classes and 0 folders.
[2021.05.15-19.23.14:533][581]PIE: Server logged in
[2021.05.15-19.23.14:536][581]PIE: Play in editor total start time 0.209 seconds.
[2021.05.15-19.23.18:944][838]LogSlate: Updating window title bar state: overlay mode, drag disabled, window buttons hidden, title bar hidden
[2021.05.15-19.23.18:944][838]LogWorld: BeginTearingDown for /Game/Levels/UEDPIE_0_2DMathematics
[2021.05.15-19.23.18:945][838]LogWorld: UWorld::CleanupWorld for 2DMathematics, bSessionEnded=true, bCleanupResources=true
[2021.05.15-19.23.18:945][838]LogSlate: InvalidateAllWidgets triggered.  All widgets were invalidated
[2021.05.15-19.23.18:963][838]LogPlayLevel: Display: Shutting down PIE online subsystems
[2021.05.15-19.23.18:964][838]LogSlate: InvalidateAllWidgets triggered.  All widgets were invalidated
[2021.05.15-19.23.18:972][838]LogSlate: Updating window title bar state: overlay mode, drag disabled, window buttons hidden, title bar hidden
[2021.05.15-19.23.19:032][838]LogAISub: UAISubsystem::~UAISubsystem AIPerceptionSystem (000001B01547DBC0), frame # 838
[2021.05.15-19.23.19:032][838]LogAISub: UAISubsystem::~UAISubsystem EnvQueryManager (000001B03D21D600), frame # 838
[2021.05.15-19.23.19:034][838]LogUObjectHash: Compacting FUObjectHashTables data took   0.96ms
[2021.05.15-19.23.19:049][839]LogPlayLevel: Display: Destroying online subsystem :Context_2
[2021.05.15-19.23.27:608][350]LogEditorViewport: Clicking on Actor (LMB): BP_Sky_Sphere_C (Sky Sphere)
[2021.05.15-19.23.48:543][558]LogUObjectHash: Compacting FUObjectHashTables data took   0.51ms
[2021.05.15-19.23.49:539][558]LogSlate: Window 'Save Content' being destroyed
[2021.05.15-19.23.49:590][558]LogUObjectHash: Compacting FUObjectHashTables data took   0.20ms
[2021.05.15-19.23.49:607][558]LogSavePackage: Moving '../../../../../../../UnrealProjects/OwnProjects/UE4GameMathematics/GameMathematics/Saved/2DMathematicsBCC4DA554E8E260AD07CE8A2865E86D8.tmp' to '../../../../../../../UnrealProjects/OwnProjects/UE4GameMathematics/GameMathematics/Content/Levels/2DMathematics.umap'
[2021.05.15-19.23.49:616][558]LogFileHelpers: Saving map '2DMathematics' took 0.036
[2021.05.15-19.23.49:628][558]LogSavePackage: Moving '../../../../../../../UnrealProjects/OwnProjects/UE4GameMathematics/GameMathematics/Saved/2DMathematics_BuiltData59049DA94AE9B795030965B2AC83AC39.tmp' to '../../../../../../../UnrealProjects/OwnProjects/UE4GameMathematics/GameMathematics/Content/Levels/2DMathematics_BuiltData.uasset'
[2021.05.15-19.23.49:644][558]AssetCheck: New page: Asset Save: multiple assets
[2021.05.15-19.23.49:644][558]LogContentValidation: Display: Validating World /Game/Levels/2DMathematics.2DMathematics
[2021.05.15-19.23.49:644][558]LogContentValidation: Display: Validating MapBuildDataRegistry /Game/Levels/2DMathematics_BuiltData.2DMathematics_BuiltData
[2021.05.15-19.23.51:204][649]LogTemp: Repeating last play command: Simulate
[2021.05.15-19.23.51:209][649]LogPlayLevel: PlayLevel: No blueprints needed recompiling
[2021.05.15-19.23.51:210][649]PIE: New page: SIE session: 2DMathematics (May 15, 2021, 9:23:51 AM)
[2021.05.15-19.23.51:210][649]LogPlayLevel: Creating play world package: /Game/Levels/UEDPIE_0_2DMathematics
[2021.05.15-19.23.51:213][649]LogPlayLevel: PIE: StaticDuplicateObject took: (0.002609s)
[2021.05.15-19.23.51:214][649]LogAIModule: Creating AISystem for world 2DMathematics
[2021.05.15-19.23.51:215][649]LogAISub: UAISubsystem::UAISubsystem EnvQueryManager (000001B03D2A7200), frame # 2649
[2021.05.15-19.23.51:215][649]LogAISub: UAISubsystem::UAISubsystem AIPerceptionSystem (000001B03D42CF40), frame # 2649
[2021.05.15-19.23.51:216][649]LogPlayLevel: PIE: World Init took: (0.002785s)
[2021.05.15-19.23.51:216][649]LogPlayLevel: PIE: Created PIE world by copying editor world from /Game/Levels/2DMathematics.2DMathematics to /Game/Levels/UEDPIE_0_2DMathematics.2DMathematics (0.005913s)
[2021.05.15-19.23.51:225][649]LogUObjectHash: Compacting FUObjectHashTables data took   0.69ms
[2021.05.15-19.23.51:227][649]LogAudioMixer: Display: Audio Mixer Platform Settings:
[2021.05.15-19.23.51:227][649]LogAudioMixer: Display: 	Sample Rate:						  48000
[2021.05.15-19.23.51:227][649]LogAudioMixer: Display: 	Callback Buffer Frame Size Requested: 1024
[2021.05.15-19.23.51:227][649]LogAudioMixer: Display: 	Callback Buffer Frame Size To Use:	  1024
[2021.05.15-19.23.51:228][649]LogAudioMixer: Display: 	Number of buffers to queue:			  2
[2021.05.15-19.23.51:228][649]LogAudioMixer: Display: 	Max Channels (voices):				  32
[2021.05.15-19.23.51:228][649]LogAudioMixer: Display: 	Number of Async Source Workers:		  0
[2021.05.15-19.23.51:228][649]LogAudio: Display: AudioDevice MaxSources: 32
[2021.05.15-19.23.51:229][649]LogAudio: Display: Using built-in audio occlusion.
[2021.05.15-19.23.51:229][649]LogAudioMixer: Display: Initializing audio mixer.
[2021.05.15-19.23.51:231][649]LogAudioMixer: Display: 0: FrontLeft
[2021.05.15-19.23.51:231][649]LogAudioMixer: Display: 1: FrontRight
[2021.05.15-19.23.51:339][649]LogAudioMixer: Display: Using Audio Device HeadPhone/Digital Output (Realtek High Definition Audio)
[2021.05.15-19.23.51:339][649]LogAudioMixer: Display: Initializing Sound Submixes...
[2021.05.15-19.23.51:339][649]LogAudioMixer: Display: Creating Master Submix 'MasterSubmixDefault'
[2021.05.15-19.23.51:339][649]LogAudioMixer: Display: Creating Master Submix 'MasterReverbSubmixDefault'
[2021.05.15-19.23.51:340][649]LogAudioMixer: Display: Creating Master Submix 'MasterEQSubmixDefault'
[2021.05.15-19.23.51:357][649]LogInit: FAudioDevice initialized.
[2021.05.15-19.23.51:374][649]LogLoad: Game class is 'GameMathematicsGameModeBase'
[2021.05.15-19.23.51:376][649]LogWorld: Bringing World /Game/Levels/UEDPIE_0_2DMathematics.2DMathematics up for play (max tick rate 60) at 2021.05.15-14.23.51
[2021.05.15-19.23.51:376][649]LogWorld: Bringing up level for play took: 0.000802
[2021.05.15-19.23.51:377][649]LogOnline: OSS: Creating online subsystem instance for: :Context_3
[2021.05.15-19.23.51:380][649]LogGameMode: FindPlayerStart: PATHS NOT DEFINED or NO PLAYERSTART with positive rating
[2021.05.15-19.23.51:381][649]PIE: Server logged in
[2021.05.15-19.23.51:382][649]PIE: Play in editor total start time 0.173 seconds.
[2021.05.15-19.23.54:358][824]LogEditorViewport: Clicking on Actor (LMB): BP_Sky_Sphere_C (Sky Sphere)
[2021.05.15-19.23.56:054][923]LogSlate: Updating window title bar state: overlay mode, drag disabled, window buttons hidden, title bar hidden
[2021.05.15-19.23.56:054][923]LogWorld: BeginTearingDown for /Game/Levels/UEDPIE_0_2DMathematics
[2021.05.15-19.23.56:055][923]LogWorld: UWorld::CleanupWorld for 2DMathematics, bSessionEnded=true, bCleanupResources=true
[2021.05.15-19.23.56:055][923]LogSlate: InvalidateAllWidgets triggered.  All widgets were invalidated
[2021.05.15-19.23.56:073][923]LogPlayLevel: Display: Shutting down PIE online subsystems
[2021.05.15-19.23.56:075][923]LogSlate: InvalidateAllWidgets triggered.  All widgets were invalidated
[2021.05.15-19.23.56:083][923]LogSlate: Updating window title bar state: overlay mode, drag disabled, window buttons hidden, title bar hidden
[2021.05.15-19.23.56:136][923]LogAISub: UAISubsystem::~UAISubsystem AIPerceptionSystem (000001B03D42CF40), frame # 2923
[2021.05.15-19.23.56:136][923]LogAISub: UAISubsystem::~UAISubsystem EnvQueryManager (000001B03D2A7200), frame # 2923
[2021.05.15-19.23.56:137][923]LogUObjectHash: Compacting FUObjectHashTables data took   0.72ms
[2021.05.15-19.23.56:150][924]LogPlayLevel: Display: Destroying online subsystem :Context_3
[2021.05.15-19.24.14:605][ 24]LogUObjectHash: Compacting FUObjectHashTables data took   0.59ms
[2021.05.15-19.24.16:221][121]LogUObjectHash: Compacting FUObjectHashTables data took   0.23ms
[2021.05.15-19.24.16:372][130]LogUObjectHash: Compacting FUObjectHashTables data took   0.23ms
[2021.05.15-19.24.16:538][140]LogUObjectHash: Compacting FUObjectHashTables data took   0.21ms
[2021.05.15-19.24.16:739][152]LogUObjectHash: Compacting FUObjectHashTables data took   0.28ms
[2021.05.15-19.24.16:905][162]LogUObjectHash: Compacting FUObjectHashTables data took   0.22ms
[2021.05.15-19.24.17:090][173]LogUObjectHash: Compacting FUObjectHashTables data took   0.21ms
[2021.05.15-19.24.17:274][184]LogUObjectHash: Compacting FUObjectHashTables data took   0.27ms
[2021.05.15-19.24.17:460][195]LogUObjectHash: Compacting FUObjectHashTables data took   0.82ms
[2021.05.15-19.24.17:628][205]LogUObjectHash: Compacting FUObjectHashTables data took   0.23ms
[2021.05.15-19.24.17:812][216]LogUObjectHash: Compacting FUObjectHashTables data took   0.20ms
[2021.05.15-19.24.17:978][226]LogUObjectHash: Compacting FUObjectHashTables data took   0.21ms
