Log file open, 05/15/21 10:31:20
LogInit: Display: Running engine for game: GameMathematics
LogPlatformFile: Not using cached read wrapper
LogTaskGraph: Started task graph with 5 named threads and 23 total threads with 3 sets of task threads.
LogStats: Stats thread started at 0.280910
LogD3D11RHI: Loaded GFSDK_Aftermath_Lib.x64.dll
LogICUInternationalization: ICU TimeZone Detection - Raw Offset: -6:00, Platform Override: ''
LogPluginManager: Mounting plugin Paper2D
LogPluginManager: Mounting plugin AISupport
LogPluginManager: Mounting plugin LightPropagationVolume
LogPluginManager: Mounting plugin CameraShakePreviewer
LogPluginManager: Mounting plugin ActorLayerUtilities
LogPluginManager: Mounting plugin AnimationSharing
LogPluginManager: Mounting plugin CLionSourceCodeAccess
LogPluginManager: Mounting plugin CodeLiteSourceCodeAccess
LogPluginManager: Mounting plugin GitSourceControl
LogPluginManager: Mounting plugin KDevelopSourceCodeAccess
LogPluginManager: Mounting plugin NullSourceCodeAccess
LogPluginManager: Mounting plugin PerforceSourceControl
LogPluginManager: Mounting plugin PlasticSourceControl
LogPluginManager: Mounting plugin RiderSourceCodeAccess
LogPluginManager: Mounting plugin SubversionSourceControl
LogPluginManager: Mounting plugin UObjectPlugin
LogPluginManager: Mounting plugin VisualStudioCodeSourceCodeAccess
LogPluginManager: Mounting plugin VisualStudioSourceCodeAccess
LogPluginManager: Mounting plugin XCodeSourceCodeAccess
LogPluginManager: Mounting plugin AssetManagerEditor
LogPluginManager: Mounting plugin CryptoKeys
LogPluginManager: Mounting plugin CurveEditorTools
LogPluginManager: Mounting plugin DataValidation
LogPluginManager: Mounting plugin EditorScriptingUtilities
LogPluginManager: Mounting plugin FacialAnimation
LogPluginManager: Mounting plugin GameplayTagsEditor
LogPluginManager: Mounting plugin GeometryMode
LogPluginManager: Mounting plugin MacGraphicsSwitching
LogPluginManager: Mounting plugin MaterialAnalyzer
LogPluginManager: Mounting plugin MobileLauncherProfileWizard
LogPluginManager: Mounting plugin PluginBrowser
LogPluginManager: Mounting plugin SpeedTreeImporter
LogPluginManager: Mounting plugin DatasmithContent
LogPluginManager: Mounting plugin VariantManagerContent
LogPluginManager: Mounting plugin AlembicImporter
LogPluginManager: Mounting plugin AutomationUtils
LogPluginManager: Mounting plugin BackChannel
LogPluginManager: Mounting plugin ChaosCloth
LogPluginManager: Mounting plugin ChaosClothEditor
LogPluginManager: Mounting plugin ChaosEditor
LogPluginManager: Mounting plugin ChaosNiagara
LogPluginManager: Mounting plugin ChaosSolverPlugin
LogPluginManager: Mounting plugin CharacterAI
LogPluginManager: Mounting plugin GeometryCache
LogPluginManager: Mounting plugin GeometryCollectionPlugin
LogPluginManager: Mounting plugin GeometryProcessing
LogPluginManager: Mounting plugin PlanarCut
LogPluginManager: Mounting plugin PlatformCrypto
LogPluginManager: Mounting plugin ProxyLODPlugin
LogPluginManager: Mounting plugin SkeletalReduction
LogPluginManager: Mounting plugin Niagara
LogPluginManager: Mounting plugin MagicLeap
LogPluginManager: Mounting plugin MagicLeapLightEstimation
LogPluginManager: Mounting plugin MagicLeapMedia
LogPluginManager: Mounting plugin MagicLeapPassableWorld
LogPluginManager: Mounting plugin MLSDK
LogPluginManager: Mounting plugin AndroidMedia
LogPluginManager: Mounting plugin AvfMedia
LogPluginManager: Mounting plugin ImgMedia
LogPluginManager: Mounting plugin MediaCompositing
LogPluginManager: Mounting plugin MediaPlayerEditor
LogPluginManager: Mounting plugin WebMMedia
LogPluginManager: Mounting plugin WmfMedia
LogPluginManager: Mounting plugin MeshPainting
LogPluginManager: Mounting plugin TcpMessaging
LogPluginManager: Mounting plugin UdpMessaging
LogPluginManager: Mounting plugin ActorSequence
LogPluginManager: Mounting plugin LevelSequenceEditor
LogPluginManager: Mounting plugin MatineeToLevelSequence
LogPluginManager: Mounting plugin MovieRenderPipeline
LogPluginManager: Mounting plugin TemplateSequence
LogPluginManager: Mounting plugin NetcodeUnitTest
LogPluginManager: Mounting plugin NUTUnrealEngine4
LogPluginManager: Mounting plugin OnlineSubsystemGooglePlay
LogPluginManager: Mounting plugin OnlineSubsystemIOS
LogPluginManager: Mounting plugin OnlineSubsystem
LogPluginManager: Mounting plugin OnlineSubsystemNull
LogPluginManager: Mounting plugin OnlineSubsystemUtils
LogPluginManager: Mounting plugin LauncherChunkInstaller
LogPluginManager: Mounting plugin AndroidDeviceProfileSelector
LogPluginManager: Mounting plugin AndroidMoviePlayer
LogPluginManager: Mounting plugin AndroidPermission
LogPluginManager: Mounting plugin AppleImageUtils
LogPluginManager: Mounting plugin AppleMoviePlayer
LogPluginManager: Mounting plugin ArchVisCharacter
LogPluginManager: Mounting plugin AssetTags
LogPluginManager: Mounting plugin AudioCapture
LogPluginManager: Mounting plugin CableComponent
LogPluginManager: Mounting plugin CustomMeshComponent
LogPluginManager: Mounting plugin EditableMesh
LogPluginManager: Mounting plugin ExampleDeviceProfileSelector
LogPluginManager: Mounting plugin GoogleCloudMessaging
LogPluginManager: Mounting plugin GooglePAD
LogPluginManager: Mounting plugin IOSDeviceProfileSelector
LogPluginManager: Mounting plugin LinuxDeviceProfileSelector
LogPluginManager: Mounting plugin LocationServicesBPLibrary
LogPluginManager: Mounting plugin MobilePatchingUtils
LogPluginManager: Mounting plugin OculusVR
LogPluginManager: Mounting plugin PhysXVehicles
LogPluginManager: Mounting plugin PostSplashScreen
LogPluginManager: Mounting plugin ProceduralMeshComponent
LogPluginManager: Mounting plugin RuntimePhysXCooking
LogPluginManager: Mounting plugin SignificanceManager
LogPluginManager: Mounting plugin SoundFields
LogPluginManager: Mounting plugin SteamVR
LogPluginManager: Mounting plugin Synthesis
LogPluginManager: Mounting plugin WebMMoviePlayer
LogPluginManager: Mounting plugin WindowsMoviePlayer
LogPluginManager: Mounting plugin ScreenshotTools
LogInit: Using libcurl 7.55.1-DEV
LogInit:  - built for x86_64-pc-win32
LogInit:  - supports SSL with OpenSSL/1.1.1
LogInit:  - supports HTTP deflate (compression) using libz 1.2.8
LogInit:  - other features:
LogInit:      CURL_VERSION_SSL
LogInit:      CURL_VERSION_LIBZ
LogInit:      CURL_VERSION_IPV6
LogInit:      CURL_VERSION_ASYNCHDNS
LogInit:      CURL_VERSION_LARGEFILE
LogInit:      CURL_VERSION_IDN
LogInit:  CurlRequestOptions (configurable via config and command line):
LogInit:  - bVerifyPeer = true  - Libcurl will verify peer certificate
LogInit:  - bUseHttpProxy = false  - Libcurl will NOT use HTTP proxy
LogInit:  - bDontReuseConnections = false  - Libcurl will reuse connections
LogInit:  - MaxHostConnections = 16  - Libcurl will limit the number of connections to a host
LogInit:  - LocalHostAddr = Default
LogInit:  - BufferSize = 65536
LogOnline: OSS: Creating online subsystem instance for: NULL
LogInit: WinSock: version 1.1 (2.2), MaxSocks=32767, MaxUdp=65467
LogOnline: OSS: TryLoadSubsystemAndSetDefault: Loaded subsystem for module [NULL]
LogInit: Build: ++UE4+Release-4.25-CL-14469661
LogInit: Engine Version: 4.25.4-14469661+++UE4+Release-4.25
LogInit: Compatible Engine Version: 4.25.0-13144385+++UE4+Release-4.25
LogInit: Net CL: 13144385
LogInit: OS: Windows 10 (Release 2009) (), CPU: Intel(R) Core(TM) i7-7700HQ CPU @ 2.80GHz, GPU: Intel(R) HD Graphics 630
LogInit: Compiled (64-bit): Oct 11 2020 08:10:49
LogInit: Compiled with Visual C++: 19.24.28315.00
LogInit: Build Configuration: Development
LogInit: Branch Name: ++UE4+Release-4.25
LogInit: Command Line: 
LogInit: Base Directory: D:/Program Files/Epic Games/UE_4.25/UE_4.25/Engine/Binaries/Win64/
LogInit: Allocator: TBB
LogInit: Installed Engine Build: 1
LogDevObjectVersion: Number of dev versions registered: 26
LogDevObjectVersion:   Dev-Blueprints (B0D832E4-1F89-4F0D-ACCF-7EB736FD4AA2): 10
LogDevObjectVersion:   Dev-Build (E1C64328-A22C-4D53-A36C-8E866417BD8C): 0
LogDevObjectVersion:   Dev-Core (375EC13C-06E4-48FB-B500-84F0262A717E): 4
LogDevObjectVersion:   Dev-Editor (E4B068ED-F494-42E9-A231-DA0B2E46BB41): 38
LogDevObjectVersion:   Dev-Framework (CFFC743F-43B0-4480-9391-14DF171D2073): 37
LogDevObjectVersion:   Dev-Mobile (B02B49B5-BB20-44E9-A304-32B752E40360): 2
LogDevObjectVersion:   Dev-Networking (A4E4105C-59A1-49B5-A7C5-40C4547EDFEE): 0
LogDevObjectVersion:   Dev-Online (39C831C9-5AE6-47DC-9A44-9C173E1C8E7C): 0
LogDevObjectVersion:   Dev-Physics (78F01B33-EBEA-4F98-B9B4-84EACCB95AA2): 4
LogDevObjectVersion:   Dev-Platform (6631380F-2D4D-43E0-8009-CF276956A95A): 0
LogDevObjectVersion:   Dev-Rendering (12F88B9F-8875-4AFC-A67C-D90C383ABD29): 43
LogDevObjectVersion:   Dev-Sequencer (7B5AE74C-D270-4C10-A958-57980B212A5A): 12
LogDevObjectVersion:   Dev-VR (D7296918-1DD6-4BDD-9DE2-64A83CC13884): 3
LogDevObjectVersion:   Dev-LoadTimes (C2A15278-BFE7-4AFE-6C17-90FF531DF755): 1
LogDevObjectVersion:   Private-Geometry (6EACA3D4-40EC-4CC1-B786-8BED09428FC5): 3
LogDevObjectVersion:   Dev-AnimPhys (29E575DD-E0A3-4627-9D10-D276232CDCEA): 17
LogDevObjectVersion:   Dev-Anim (AF43A65D-7FD3-4947-9873-3E8ED9C1BB05): 7
LogDevObjectVersion:   Dev-ReflectionCapture (6B266CEC-1EC7-4B8F-A30B-E4D90942FC07): 1
LogDevObjectVersion:   Dev-Automation (0DF73D61-A23F-47EA-B727-89E90C41499A): 1
LogDevObjectVersion:   FortniteMain (601D1886-AC64-4F84-AA16-D3DE0DEAC7D6): 31
LogDevObjectVersion:   Dev-Enterprise (9DFFBCD6-494F-0158-E221-12823C92A888): 10
LogDevObjectVersion:   Dev-Niagara (F2AED0AC-9AFE-416F-8664-AA7FFA26D6FC): 1
LogDevObjectVersion:   Dev-Destruction (174F1F0B-B4C6-45A5-B13F-2EE8D0FB917D): 10
LogDevObjectVersion:   Dev-Physics-Ext (35F94A83-E258-406C-A318-09F59610247C): 37
LogDevObjectVersion:   Dev-PhysicsMaterial-Chaos (B68FC16E-8B1B-42E2-B453-215C058844FE): 1
LogDevObjectVersion:   Dev-CineCamera (B2E18506-4273-CFC2-A54E-F4BB758BBA07): 1
LogInit: Presizing for max 25165824 objects, including 0 objects not considered by GC, pre-allocating 0 bytes for permanent pool.
LogConfig: Applying CVar settings from Section [/Script/Engine.StreamingSettings] File [D:/UnrealProjects/OwnProjects/UE4GameMathematics/GameMathematics/Saved/Config/Windows/Engine.ini]
LogConfig: Setting CVar [[s.MinBulkDataSizeForAsyncLoading:131072]]
LogConfig: Setting CVar [[s.AsyncLoadingThreadEnabled:0]]
LogConfig: Setting CVar [[s.EventDrivenLoaderEnabled:1]]
LogConfig: Setting CVar [[s.WarnIfTimeLimitExceeded:0]]
LogConfig: Setting CVar [[s.TimeLimitExceededMultiplier:1.5]]
LogConfig: Setting CVar [[s.TimeLimitExceededMinTime:0.005]]
LogConfig: Setting CVar [[s.UseBackgroundLevelStreaming:1]]
LogConfig: Setting CVar [[s.PriorityAsyncLoadingExtraTime:15.0]]
LogConfig: Setting CVar [[s.LevelStreamingActorsUpdateTimeLimit:5.0]]
LogConfig: Setting CVar [[s.PriorityLevelStreamingActorsUpdateExtraTime:5.0]]
LogConfig: Setting CVar [[s.LevelStreamingComponentsRegistrationGranularity:10]]
LogConfig: Setting CVar [[s.UnregisterComponentsTimeLimit:1.0]]
LogConfig: Setting CVar [[s.LevelStreamingComponentsUnregistrationGranularity:5]]
LogConfig: Setting CVar [[s.FlushStreamingOnExit:1]]
LogInit: Object subsystem initialized
LogConfig: Setting CVar [[con.DebugEarlyDefault:1]]
LogConfig: Setting CVar [[r.setres:1280x720]]
[2021.05.15-15.31.20:936][  0]LogConfig: Setting CVar [[r.VSync:0]]
[2021.05.15-15.31.20:936][  0]LogConfig: Setting CVar [[r.RHICmdBypass:0]]
[2021.05.15-15.31.20:936][  0]LogConfig: Applying CVar settings from Section [/Script/Engine.RendererSettings] File [D:/UnrealProjects/OwnProjects/UE4GameMathematics/GameMathematics/Saved/Config/Windows/Engine.ini]
[2021.05.15-15.31.20:936][  0]LogConfig: Setting CVar [[r.GPUCrashDebugging:0]]
[2021.05.15-15.31.20:936][  0]LogConfig: Applying CVar settings from Section [/Script/Engine.RendererOverrideSettings] File [D:/UnrealProjects/OwnProjects/UE4GameMathematics/GameMathematics/Saved/Config/Windows/Engine.ini]
[2021.05.15-15.31.20:936][  0]LogConfig: Applying CVar settings from Section [/Script/Engine.StreamingSettings] File [D:/UnrealProjects/OwnProjects/UE4GameMathematics/GameMathematics/Saved/Config/Windows/Engine.ini]
[2021.05.15-15.31.20:936][  0]LogConfig: Setting CVar [[s.MinBulkDataSizeForAsyncLoading:131072]]
[2021.05.15-15.31.20:936][  0]LogConfig: Setting CVar [[s.AsyncLoadingThreadEnabled:0]]
[2021.05.15-15.31.20:936][  0]LogConfig: Setting CVar [[s.EventDrivenLoaderEnabled:1]]
[2021.05.15-15.31.20:936][  0]LogConfig: Setting CVar [[s.WarnIfTimeLimitExceeded:0]]
[2021.05.15-15.31.20:936][  0]LogConfig: Setting CVar [[s.TimeLimitExceededMultiplier:1.5]]
[2021.05.15-15.31.20:936][  0]LogConfig: Setting CVar [[s.TimeLimitExceededMinTime:0.005]]
[2021.05.15-15.31.20:936][  0]LogConfig: Setting CVar [[s.UseBackgroundLevelStreaming:1]]
[2021.05.15-15.31.20:936][  0]LogConfig: Setting CVar [[s.PriorityAsyncLoadingExtraTime:15.0]]
[2021.05.15-15.31.20:936][  0]LogConfig: Setting CVar [[s.LevelStreamingActorsUpdateTimeLimit:5.0]]
[2021.05.15-15.31.20:936][  0]LogConfig: Setting CVar [[s.PriorityLevelStreamingActorsUpdateExtraTime:5.0]]
[2021.05.15-15.31.20:936][  0]LogConfig: Setting CVar [[s.LevelStreamingComponentsRegistrationGranularity:10]]
[2021.05.15-15.31.20:937][  0]LogConfig: Setting CVar [[s.UnregisterComponentsTimeLimit:1.0]]
[2021.05.15-15.31.20:937][  0]LogConfig: Setting CVar [[s.LevelStreamingComponentsUnregistrationGranularity:5]]
[2021.05.15-15.31.20:937][  0]LogConfig: Setting CVar [[s.FlushStreamingOnExit:1]]
[2021.05.15-15.31.20:937][  0]LogConfig: Applying CVar settings from Section [/Script/Engine.GarbageCollectionSettings] File [D:/UnrealProjects/OwnProjects/UE4GameMathematics/GameMathematics/Saved/Config/Windows/Engine.ini]
[2021.05.15-15.31.20:937][  0]LogConfig: Setting CVar [[gc.MaxObjectsNotConsideredByGC:1]]
[2021.05.15-15.31.20:937][  0]LogConfig: Setting CVar [[gc.SizeOfPermanentObjectPool:0]]
[2021.05.15-15.31.20:937][  0]LogConfig: Setting CVar [[gc.FlushStreamingOnGC:0]]
[2021.05.15-15.31.20:937][  0]LogConfig: Setting CVar [[gc.NumRetriesBeforeForcingGC:10]]
[2021.05.15-15.31.20:937][  0]LogConfig: Setting CVar [[gc.AllowParallelGC:1]]
[2021.05.15-15.31.20:937][  0]LogConfig: Setting CVar [[gc.TimeBetweenPurgingPendingKillObjects:61.1]]
[2021.05.15-15.31.20:937][  0]LogConfig: Setting CVar [[gc.MaxObjectsInEditor:25165824]]
[2021.05.15-15.31.20:937][  0]LogConfig: Setting CVar [[gc.IncrementalBeginDestroyEnabled:1]]
[2021.05.15-15.31.20:937][  0]LogConfig: Setting CVar [[gc.CreateGCClusters:1]]
[2021.05.15-15.31.20:937][  0]LogConfig: Setting CVar [[gc.MinGCClusterSize:5]]
[2021.05.15-15.31.20:937][  0]LogConfig: Setting CVar [[gc.ActorClusteringEnabled:0]]
[2021.05.15-15.31.20:937][  0]LogConfig: Setting CVar [[gc.BlueprintClusteringEnabled:0]]
[2021.05.15-15.31.20:937][  0]LogConfig: Setting CVar [[gc.UseDisregardForGCOnDedicatedServers:0]]
[2021.05.15-15.31.20:937][  0]LogConfig: Applying CVar settings from Section [/Script/Engine.NetworkSettings] File [D:/UnrealProjects/OwnProjects/UE4GameMathematics/GameMathematics/Saved/Config/Windows/Engine.ini]
[2021.05.15-15.31.20:937][  0]LogConfig: Applying CVar settings from Section [/Script/UnrealEd.CookerSettings] File [D:/UnrealProjects/OwnProjects/UE4GameMathematics/GameMathematics/Saved/Config/Windows/Engine.ini]
[2021.05.15-15.31.20:941][  0]LogConfig: Applying CVar settings from Section [ViewDistanceQuality@3] File [D:/UnrealProjects/OwnProjects/UE4GameMathematics/GameMathematics/Saved/Config/Windows/Scalability.ini]
[2021.05.15-15.31.20:941][  0]LogConfig: Setting CVar [[r.SkeletalMeshLODBias:0]]
[2021.05.15-15.31.20:941][  0]LogConfig: Setting CVar [[r.ViewDistanceScale:1.0]]
[2021.05.15-15.31.20:941][  0]LogConfig: Applying CVar settings from Section [AntiAliasingQuality@3] File [D:/UnrealProjects/OwnProjects/UE4GameMathematics/GameMathematics/Saved/Config/Windows/Scalability.ini]
[2021.05.15-15.31.20:941][  0]LogConfig: Setting CVar [[r.PostProcessAAQuality:4]]
[2021.05.15-15.31.20:941][  0]LogConfig: Applying CVar settings from Section [ShadowQuality@3] File [D:/UnrealProjects/OwnProjects/UE4GameMathematics/GameMathematics/Saved/Config/Windows/Scalability.ini]
[2021.05.15-15.31.20:941][  0]LogConfig: Setting CVar [[r.LightFunctionQuality:1]]
[2021.05.15-15.31.20:941][  0]LogConfig: Setting CVar [[r.ShadowQuality:5]]
[2021.05.15-15.31.20:941][  0]LogConfig: Setting CVar [[r.Shadow.CSM.MaxCascades:10]]
[2021.05.15-15.31.20:941][  0]LogConfig: Setting CVar [[r.Shadow.MaxResolution:2048]]
[2021.05.15-15.31.20:941][  0]LogConfig: Setting CVar [[r.Shadow.MaxCSMResolution:2048]]
[2021.05.15-15.31.20:941][  0]LogConfig: Setting CVar [[r.Shadow.RadiusThreshold:0.01]]
[2021.05.15-15.31.20:941][  0]LogConfig: Setting CVar [[r.Shadow.DistanceScale:1.0]]
[2021.05.15-15.31.20:941][  0]LogConfig: Setting CVar [[r.Shadow.CSM.TransitionScale:1.0]]
[2021.05.15-15.31.20:941][  0]LogConfig: Setting CVar [[r.Shadow.PreShadowResolutionFactor:1.0]]
[2021.05.15-15.31.20:941][  0]LogConfig: Setting CVar [[r.DistanceFieldShadowing:1]]
[2021.05.15-15.31.20:941][  0]LogConfig: Setting CVar [[r.DistanceFieldAO:1]]
[2021.05.15-15.31.20:941][  0]LogConfig: Setting CVar [[r.AOQuality:2]]
[2021.05.15-15.31.20:941][  0]LogConfig: Setting CVar [[r.VolumetricFog:1]]
[2021.05.15-15.31.20:941][  0]LogConfig: Setting CVar [[r.VolumetricFog.GridPixelSize:8]]
[2021.05.15-15.31.20:941][  0]LogConfig: Setting CVar [[r.VolumetricFog.GridSizeZ:128]]
[2021.05.15-15.31.20:941][  0]LogConfig: Setting CVar [[r.VolumetricFog.HistoryMissSupersampleCount:4]]
[2021.05.15-15.31.20:941][  0]LogConfig: Setting CVar [[r.LightMaxDrawDistanceScale:1]]
[2021.05.15-15.31.20:941][  0]LogConfig: Setting CVar [[r.CapsuleShadows:1]]
[2021.05.15-15.31.20:941][  0]LogConfig: Applying CVar settings from Section [PostProcessQuality@3] File [D:/UnrealProjects/OwnProjects/UE4GameMathematics/GameMathematics/Saved/Config/Windows/Scalability.ini]
[2021.05.15-15.31.20:941][  0]LogConfig: Setting CVar [[r.MotionBlurQuality:4]]
[2021.05.15-15.31.20:941][  0]LogConfig: Setting CVar [[r.AmbientOcclusionMipLevelFactor:0.4]]
[2021.05.15-15.31.20:941][  0]LogConfig: Setting CVar [[r.AmbientOcclusionMaxQuality:100]]
[2021.05.15-15.31.20:941][  0]LogConfig: Setting CVar [[r.AmbientOcclusionLevels:-1]]
[2021.05.15-15.31.20:941][  0]LogConfig: Setting CVar [[r.AmbientOcclusionRadiusScale:1.0]]
[2021.05.15-15.31.20:941][  0]LogConfig: Setting CVar [[r.DepthOfFieldQuality:2]]
[2021.05.15-15.31.20:941][  0]LogConfig: Setting CVar [[r.RenderTargetPoolMin:400]]
[2021.05.15-15.31.20:941][  0]LogConfig: Setting CVar [[r.LensFlareQuality:2]]
[2021.05.15-15.31.20:941][  0]LogConfig: Setting CVar [[r.SceneColorFringeQuality:1]]
[2021.05.15-15.31.20:941][  0]LogConfig: Setting CVar [[r.EyeAdaptationQuality:2]]
[2021.05.15-15.31.20:941][  0]LogConfig: Setting CVar [[r.BloomQuality:5]]
[2021.05.15-15.31.20:941][  0]LogConfig: Setting CVar [[r.FastBlurThreshold:100]]
[2021.05.15-15.31.20:941][  0]LogConfig: Setting CVar [[r.Upscale.Quality:3]]
[2021.05.15-15.31.20:941][  0]LogConfig: Setting CVar [[r.Tonemapper.GrainQuantization:1]]
[2021.05.15-15.31.20:941][  0]LogConfig: Setting CVar [[r.LightShaftQuality:1]]
[2021.05.15-15.31.20:941][  0]LogConfig: Setting CVar [[r.Filter.SizeScale:1]]
[2021.05.15-15.31.20:941][  0]LogConfig: Setting CVar [[r.Tonemapper.Quality:5]]
[2021.05.15-15.31.20:941][  0]LogConfig: Setting CVar [[r.DOF.Gather.AccumulatorQuality:1        ; higher gathering accumulator quality]]
[2021.05.15-15.31.20:941][  0]LogConfig: Setting CVar [[r.DOF.Gather.PostfilterMethod:1          ; Median3x3 postfilering method]]
[2021.05.15-15.31.20:941][  0]LogConfig: Setting CVar [[r.DOF.Gather.EnableBokehSettings:0       ; no bokeh simulation when gathering]]
[2021.05.15-15.31.20:941][  0]LogConfig: Setting CVar [[r.DOF.Gather.RingCount:4                 ; medium number of samples when gathering]]
[2021.05.15-15.31.20:941][  0]LogConfig: Setting CVar [[r.DOF.Scatter.ForegroundCompositing:1    ; additive foreground scattering]]
[2021.05.15-15.31.20:941][  0]LogConfig: Setting CVar [[r.DOF.Scatter.BackgroundCompositing:2    ; additive background scattering]]
[2021.05.15-15.31.20:941][  0]LogConfig: Setting CVar [[r.DOF.Scatter.EnableBokehSettings:1      ; bokeh simulation when scattering]]
[2021.05.15-15.31.20:941][  0]LogConfig: Setting CVar [[r.DOF.Scatter.MaxSpriteRatio:0.1         ; only a maximum of 10% of scattered bokeh]]
[2021.05.15-15.31.20:941][  0]LogConfig: Setting CVar [[r.DOF.Recombine.Quality:1                ; cheap slight out of focus]]
[2021.05.15-15.31.20:941][  0]LogConfig: Setting CVar [[r.DOF.Recombine.EnableBokehSettings:0    ; no bokeh simulation on slight out of focus]]
[2021.05.15-15.31.20:941][  0]LogConfig: Setting CVar [[r.DOF.TemporalAAQuality:1                ; more stable temporal accumulation]]
[2021.05.15-15.31.20:941][  0]LogConfig: Setting CVar [[r.DOF.Kernel.MaxForegroundRadius:0.025]]
[2021.05.15-15.31.20:941][  0]LogConfig: Setting CVar [[r.DOF.Kernel.MaxBackgroundRadius:0.025]]
[2021.05.15-15.31.20:941][  0]LogConfig: Applying CVar settings from Section [TextureQuality@3] File [D:/UnrealProjects/OwnProjects/UE4GameMathematics/GameMathematics/Saved/Config/Windows/Scalability.ini]
[2021.05.15-15.31.20:942][  0]LogConfig: Setting CVar [[r.Streaming.MipBias:0]]
[2021.05.15-15.31.20:942][  0]LogConfig: Setting CVar [[r.Streaming.AmortizeCPUToGPUCopy:0]]
[2021.05.15-15.31.20:942][  0]LogConfig: Setting CVar [[r.Streaming.MaxNumTexturesToStreamPerFrame:0]]
[2021.05.15-15.31.20:942][  0]LogConfig: Setting CVar [[r.Streaming.Boost:1]]
[2021.05.15-15.31.20:942][  0]LogConfig: Setting CVar [[r.MaxAnisotropy:8]]
[2021.05.15-15.31.20:942][  0]LogConfig: Setting CVar [[r.VT.MaxAnisotropy:8]]
[2021.05.15-15.31.20:942][  0]LogConfig: Setting CVar [[r.Streaming.LimitPoolSizeToVRAM:0]]
[2021.05.15-15.31.20:942][  0]LogConfig: Setting CVar [[r.Streaming.PoolSize:1000]]
[2021.05.15-15.31.20:942][  0]LogConfig: Setting CVar [[r.Streaming.MaxEffectiveScreenSize:0]]
[2021.05.15-15.31.20:942][  0]LogConfig: Applying CVar settings from Section [EffectsQuality@3] File [D:/UnrealProjects/OwnProjects/UE4GameMathematics/GameMathematics/Saved/Config/Windows/Scalability.ini]
[2021.05.15-15.31.20:942][  0]LogConfig: Setting CVar [[r.TranslucencyLightingVolumeDim:64]]
[2021.05.15-15.31.20:942][  0]LogConfig: Setting CVar [[r.RefractionQuality:2]]
[2021.05.15-15.31.20:942][  0]LogConfig: Setting CVar [[r.SSR.Quality:3]]
[2021.05.15-15.31.20:942][  0]LogConfig: Setting CVar [[r.SSR.HalfResSceneColor:0]]
[2021.05.15-15.31.20:942][  0]LogConfig: Setting CVar [[r.SceneColorFormat:4]]
[2021.05.15-15.31.20:942][  0]LogConfig: Setting CVar [[r.DetailMode:2]]
[2021.05.15-15.31.20:942][  0]LogConfig: Setting CVar [[r.TranslucencyVolumeBlur:1]]
[2021.05.15-15.31.20:942][  0]LogConfig: Setting CVar [[r.MaterialQualityLevel:1 ; High quality]]
[2021.05.15-15.31.20:942][  0]LogConfig: Setting CVar [[r.SSS.Scale:1]]
[2021.05.15-15.31.20:942][  0]LogConfig: Setting CVar [[r.SSS.SampleSet:2]]
[2021.05.15-15.31.20:942][  0]LogConfig: Setting CVar [[r.SSS.Quality:1]]
[2021.05.15-15.31.20:942][  0]LogConfig: Setting CVar [[r.SSS.HalfRes:0]]
[2021.05.15-15.31.20:942][  0]LogConfig: Setting CVar [[r.SSGI.Quality:3]]
[2021.05.15-15.31.20:942][  0]LogConfig: Setting CVar [[r.EmitterSpawnRateScale:1.0]]
[2021.05.15-15.31.20:942][  0]LogConfig: Setting CVar [[r.ParticleLightQuality:2]]
[2021.05.15-15.31.20:942][  0]LogConfig: Setting CVar [[r.SkyAtmosphere.AerialPerspectiveLUT.FastApplyOnOpaque:1 ; Always have FastSkyLUT 1 in this case to avoid wrong sky]]
[2021.05.15-15.31.20:942][  0]LogConfig: Setting CVar [[r.SkyAtmosphere.AerialPerspectiveLUT.SampleCountPerSlice:1]]
[2021.05.15-15.31.20:942][  0]LogConfig: Setting CVar [[r.SkyAtmosphere.AerialPerspectiveLUT.DepthResolution:16.0]]
[2021.05.15-15.31.20:942][  0]LogConfig: Setting CVar [[r.SkyAtmosphere.FastSkyLUT:1]]
[2021.05.15-15.31.20:942][  0]LogConfig: Setting CVar [[r.SkyAtmosphere.FastSkyLUT.SampleCountMin:4.0]]
[2021.05.15-15.31.20:942][  0]LogConfig: Setting CVar [[r.SkyAtmosphere.FastSkyLUT.SampleCountMax:32.0]]
[2021.05.15-15.31.20:942][  0]LogConfig: Setting CVar [[r.SkyAtmosphere.SampleCountMin:4.0]]
[2021.05.15-15.31.20:942][  0]LogConfig: Setting CVar [[r.SkyAtmosphere.SampleCountMax:32.0]]
[2021.05.15-15.31.20:942][  0]LogConfig: Setting CVar [[r.SkyAtmosphere.TransmittanceLUT.UseSmallFormat:0]]
[2021.05.15-15.31.20:942][  0]LogConfig: Setting CVar [[r.SkyAtmosphere.TransmittanceLUT.SampleCount:10.0]]
[2021.05.15-15.31.20:942][  0]LogConfig: Setting CVar [[r.SkyAtmosphere.MultiScatteringLUT.SampleCount:15.0]]
[2021.05.15-15.31.20:942][  0]LogConfig: Applying CVar settings from Section [FoliageQuality@3] File [D:/UnrealProjects/OwnProjects/UE4GameMathematics/GameMathematics/Saved/Config/Windows/Scalability.ini]
[2021.05.15-15.31.20:942][  0]LogConfig: Setting CVar [[foliage.DensityScale:1.0]]
[2021.05.15-15.31.20:942][  0]LogConfig: Setting CVar [[grass.DensityScale:1.0]]
[2021.05.15-15.31.20:942][  0]LogConfig: Applying CVar settings from Section [ShadingQuality@3] File [D:/UnrealProjects/OwnProjects/UE4GameMathematics/GameMathematics/Saved/Config/Windows/Scalability.ini]
[2021.05.15-15.31.20:942][  0]LogConfig: Setting CVar [[r.HairStrands.SkyLighting.SampleCount:16]]
[2021.05.15-15.31.20:942][  0]LogConfig: Setting CVar [[r.HairStrands.SkyLighting.JitterIntegration:0]]
[2021.05.15-15.31.20:942][  0]LogConfig: Setting CVar [[r.HairStrands.SkyAO.SampleCount:16]]
[2021.05.15-15.31.20:942][  0]LogConfig: Setting CVar [[r.HairStrands.DeepShadow.SuperSampling:0]]
[2021.05.15-15.31.20:942][  0]LogConfig: Setting CVar [[r.HairStrands.VisibilityPPLL:0]]
[2021.05.15-15.31.20:942][  0]LogConfig: Setting CVar [[r.HairStrands.RasterizationScale:0.5]]
[2021.05.15-15.31.20:942][  0]LogConfig: Setting CVar [[r.HairStrands.VelocityRasterizationScale:1]]
[2021.05.15-15.31.20:942][  0]LogInit: Selected Device Profile: [Windows]
[2021.05.15-15.31.20:942][  0]LogInit: Applying CVar settings loaded from the selected device profile: [Windows]
[2021.05.15-15.31.20:942][  0]LogHAL: Display: Platform has ~ 16 GB [17062100992 / 17179869184 / 16], which maps to Larger [LargestMinGB=32, LargerMinGB=12, DefaultMinGB=8, SmallerMinGB=6, SmallestMinGB=0)
[2021.05.15-15.31.20:942][  0]LogInit: Going up to parent DeviceProfile []
[2021.05.15-15.31.20:942][  0]LogConfig: Applying CVar settings from Section [ViewDistanceQuality@3] File [D:/UnrealProjects/OwnProjects/UE4GameMathematics/GameMathematics/Saved/Config/Windows/Scalability.ini]
[2021.05.15-15.31.20:942][  0]LogConfig: Setting CVar [[r.SkeletalMeshLODBias:0]]
[2021.05.15-15.31.20:942][  0]LogConfig: Setting CVar [[r.ViewDistanceScale:1.0]]
[2021.05.15-15.31.20:942][  0]LogConfig: Applying CVar settings from Section [AntiAliasingQuality@3] File [D:/UnrealProjects/OwnProjects/UE4GameMathematics/GameMathematics/Saved/Config/Windows/Scalability.ini]
[2021.05.15-15.31.20:942][  0]LogConfig: Setting CVar [[r.PostProcessAAQuality:4]]
[2021.05.15-15.31.20:942][  0]LogConfig: Applying CVar settings from Section [ShadowQuality@3] File [D:/UnrealProjects/OwnProjects/UE4GameMathematics/GameMathematics/Saved/Config/Windows/Scalability.ini]
[2021.05.15-15.31.20:942][  0]LogConfig: Setting CVar [[r.LightFunctionQuality:1]]
[2021.05.15-15.31.20:943][  0]LogConfig: Setting CVar [[r.ShadowQuality:5]]
[2021.05.15-15.31.20:943][  0]LogConfig: Setting CVar [[r.Shadow.CSM.MaxCascades:10]]
[2021.05.15-15.31.20:943][  0]LogConfig: Setting CVar [[r.Shadow.MaxResolution:2048]]
[2021.05.15-15.31.20:943][  0]LogConfig: Setting CVar [[r.Shadow.MaxCSMResolution:2048]]
[2021.05.15-15.31.20:943][  0]LogConfig: Setting CVar [[r.Shadow.RadiusThreshold:0.01]]
[2021.05.15-15.31.20:943][  0]LogConfig: Setting CVar [[r.Shadow.DistanceScale:1.0]]
[2021.05.15-15.31.20:943][  0]LogConfig: Setting CVar [[r.Shadow.CSM.TransitionScale:1.0]]
[2021.05.15-15.31.20:943][  0]LogConfig: Setting CVar [[r.Shadow.PreShadowResolutionFactor:1.0]]
[2021.05.15-15.31.20:943][  0]LogConfig: Setting CVar [[r.DistanceFieldShadowing:1]]
[2021.05.15-15.31.20:943][  0]LogConfig: Setting CVar [[r.DistanceFieldAO:1]]
[2021.05.15-15.31.20:943][  0]LogConfig: Setting CVar [[r.AOQuality:2]]
[2021.05.15-15.31.20:943][  0]LogConfig: Setting CVar [[r.VolumetricFog:1]]
[2021.05.15-15.31.20:943][  0]LogConfig: Setting CVar [[r.VolumetricFog.GridPixelSize:8]]
[2021.05.15-15.31.20:943][  0]LogConfig: Setting CVar [[r.VolumetricFog.GridSizeZ:128]]
[2021.05.15-15.31.20:943][  0]LogConfig: Setting CVar [[r.VolumetricFog.HistoryMissSupersampleCount:4]]
[2021.05.15-15.31.20:943][  0]LogConfig: Setting CVar [[r.LightMaxDrawDistanceScale:1]]
[2021.05.15-15.31.20:943][  0]LogConfig: Setting CVar [[r.CapsuleShadows:1]]
[2021.05.15-15.31.20:943][  0]LogConfig: Applying CVar settings from Section [PostProcessQuality@3] File [D:/UnrealProjects/OwnProjects/UE4GameMathematics/GameMathematics/Saved/Config/Windows/Scalability.ini]
[2021.05.15-15.31.20:943][  0]LogConfig: Setting CVar [[r.MotionBlurQuality:4]]
[2021.05.15-15.31.20:943][  0]LogConfig: Setting CVar [[r.AmbientOcclusionMipLevelFactor:0.4]]
[2021.05.15-15.31.20:943][  0]LogConfig: Setting CVar [[r.AmbientOcclusionMaxQuality:100]]
[2021.05.15-15.31.20:943][  0]LogConfig: Setting CVar [[r.AmbientOcclusionLevels:-1]]
[2021.05.15-15.31.20:943][  0]LogConfig: Setting CVar [[r.AmbientOcclusionRadiusScale:1.0]]
[2021.05.15-15.31.20:943][  0]LogConfig: Setting CVar [[r.DepthOfFieldQuality:2]]
[2021.05.15-15.31.20:943][  0]LogConfig: Setting CVar [[r.RenderTargetPoolMin:400]]
[2021.05.15-15.31.20:943][  0]LogConfig: Setting CVar [[r.LensFlareQuality:2]]
[2021.05.15-15.31.20:943][  0]LogConfig: Setting CVar [[r.SceneColorFringeQuality:1]]
[2021.05.15-15.31.20:943][  0]LogConfig: Setting CVar [[r.EyeAdaptationQuality:2]]
[2021.05.15-15.31.20:943][  0]LogConfig: Setting CVar [[r.BloomQuality:5]]
[2021.05.15-15.31.20:943][  0]LogConfig: Setting CVar [[r.FastBlurThreshold:100]]
[2021.05.15-15.31.20:943][  0]LogConfig: Setting CVar [[r.Upscale.Quality:3]]
[2021.05.15-15.31.20:943][  0]LogConfig: Setting CVar [[r.Tonemapper.GrainQuantization:1]]
[2021.05.15-15.31.20:943][  0]LogConfig: Setting CVar [[r.LightShaftQuality:1]]
[2021.05.15-15.31.20:943][  0]LogConfig: Setting CVar [[r.Filter.SizeScale:1]]
[2021.05.15-15.31.20:943][  0]LogConfig: Setting CVar [[r.Tonemapper.Quality:5]]
[2021.05.15-15.31.20:943][  0]LogConfig: Setting CVar [[r.DOF.Gather.AccumulatorQuality:1        ; higher gathering accumulator quality]]
[2021.05.15-15.31.20:943][  0]LogConfig: Setting CVar [[r.DOF.Gather.PostfilterMethod:1          ; Median3x3 postfilering method]]
[2021.05.15-15.31.20:943][  0]LogConfig: Setting CVar [[r.DOF.Gather.EnableBokehSettings:0       ; no bokeh simulation when gathering]]
[2021.05.15-15.31.20:943][  0]LogConfig: Setting CVar [[r.DOF.Gather.RingCount:4                 ; medium number of samples when gathering]]
[2021.05.15-15.31.20:943][  0]LogConfig: Setting CVar [[r.DOF.Scatter.ForegroundCompositing:1    ; additive foreground scattering]]
[2021.05.15-15.31.20:943][  0]LogConfig: Setting CVar [[r.DOF.Scatter.BackgroundCompositing:2    ; additive background scattering]]
[2021.05.15-15.31.20:944][  0]LogConfig: Setting CVar [[r.DOF.Scatter.EnableBokehSettings:1      ; bokeh simulation when scattering]]
[2021.05.15-15.31.20:944][  0]LogConfig: Setting CVar [[r.DOF.Scatter.MaxSpriteRatio:0.1         ; only a maximum of 10% of scattered bokeh]]
[2021.05.15-15.31.20:944][  0]LogConfig: Setting CVar [[r.DOF.Recombine.Quality:1                ; cheap slight out of focus]]
[2021.05.15-15.31.20:944][  0]LogConfig: Setting CVar [[r.DOF.Recombine.EnableBokehSettings:0    ; no bokeh simulation on slight out of focus]]
[2021.05.15-15.31.20:944][  0]LogConfig: Setting CVar [[r.DOF.TemporalAAQuality:1                ; more stable temporal accumulation]]
[2021.05.15-15.31.20:944][  0]LogConfig: Setting CVar [[r.DOF.Kernel.MaxForegroundRadius:0.025]]
[2021.05.15-15.31.20:944][  0]LogConfig: Setting CVar [[r.DOF.Kernel.MaxBackgroundRadius:0.025]]
[2021.05.15-15.31.20:944][  0]LogConfig: Applying CVar settings from Section [TextureQuality@3] File [D:/UnrealProjects/OwnProjects/UE4GameMathematics/GameMathematics/Saved/Config/Windows/Scalability.ini]
[2021.05.15-15.31.20:944][  0]LogConfig: Setting CVar [[r.Streaming.MipBias:0]]
[2021.05.15-15.31.20:944][  0]LogConfig: Setting CVar [[r.Streaming.AmortizeCPUToGPUCopy:0]]
[2021.05.15-15.31.20:944][  0]LogConfig: Setting CVar [[r.Streaming.MaxNumTexturesToStreamPerFrame:0]]
[2021.05.15-15.31.20:944][  0]LogConfig: Setting CVar [[r.Streaming.Boost:1]]
[2021.05.15-15.31.20:944][  0]LogConfig: Setting CVar [[r.MaxAnisotropy:8]]
[2021.05.15-15.31.20:944][  0]LogConfig: Setting CVar [[r.VT.MaxAnisotropy:8]]
[2021.05.15-15.31.20:944][  0]LogConfig: Setting CVar [[r.Streaming.LimitPoolSizeToVRAM:0]]
[2021.05.15-15.31.20:944][  0]LogConfig: Setting CVar [[r.Streaming.PoolSize:1000]]
[2021.05.15-15.31.20:944][  0]LogConfig: Setting CVar [[r.Streaming.MaxEffectiveScreenSize:0]]
[2021.05.15-15.31.20:944][  0]LogConfig: Applying CVar settings from Section [EffectsQuality@3] File [D:/UnrealProjects/OwnProjects/UE4GameMathematics/GameMathematics/Saved/Config/Windows/Scalability.ini]
[2021.05.15-15.31.20:944][  0]LogConfig: Setting CVar [[r.TranslucencyLightingVolumeDim:64]]
[2021.05.15-15.31.20:944][  0]LogConfig: Setting CVar [[r.RefractionQuality:2]]
[2021.05.15-15.31.20:944][  0]LogConfig: Setting CVar [[r.SSR.Quality:3]]
[2021.05.15-15.31.20:944][  0]LogConfig: Setting CVar [[r.SSR.HalfResSceneColor:0]]
[2021.05.15-15.31.20:944][  0]LogConfig: Setting CVar [[r.SceneColorFormat:4]]
[2021.05.15-15.31.20:944][  0]LogConfig: Setting CVar [[r.DetailMode:2]]
[2021.05.15-15.31.20:944][  0]LogConfig: Setting CVar [[r.TranslucencyVolumeBlur:1]]
[2021.05.15-15.31.20:944][  0]LogConfig: Setting CVar [[r.MaterialQualityLevel:1 ; High quality]]
[2021.05.15-15.31.20:944][  0]LogConfig: Setting CVar [[r.SSS.Scale:1]]
[2021.05.15-15.31.20:944][  0]LogConfig: Setting CVar [[r.SSS.SampleSet:2]]
[2021.05.15-15.31.20:944][  0]LogConfig: Setting CVar [[r.SSS.Quality:1]]
[2021.05.15-15.31.20:944][  0]LogConfig: Setting CVar [[r.SSS.HalfRes:0]]
[2021.05.15-15.31.20:944][  0]LogConfig: Setting CVar [[r.SSGI.Quality:3]]
[2021.05.15-15.31.20:944][  0]LogConfig: Setting CVar [[r.EmitterSpawnRateScale:1.0]]
[2021.05.15-15.31.20:944][  0]LogConfig: Setting CVar [[r.ParticleLightQuality:2]]
[2021.05.15-15.31.20:944][  0]LogConfig: Setting CVar [[r.SkyAtmosphere.AerialPerspectiveLUT.FastApplyOnOpaque:1 ; Always have FastSkyLUT 1 in this case to avoid wrong sky]]
[2021.05.15-15.31.20:944][  0]LogConfig: Setting CVar [[r.SkyAtmosphere.AerialPerspectiveLUT.SampleCountPerSlice:1]]
[2021.05.15-15.31.20:944][  0]LogConfig: Setting CVar [[r.SkyAtmosphere.AerialPerspectiveLUT.DepthResolution:16.0]]
[2021.05.15-15.31.20:944][  0]LogConfig: Setting CVar [[r.SkyAtmosphere.FastSkyLUT:1]]
[2021.05.15-15.31.20:944][  0]LogConfig: Setting CVar [[r.SkyAtmosphere.FastSkyLUT.SampleCountMin:4.0]]
[2021.05.15-15.31.20:945][  0]LogConfig: Setting CVar [[r.SkyAtmosphere.FastSkyLUT.SampleCountMax:32.0]]
[2021.05.15-15.31.20:945][  0]LogConfig: Setting CVar [[r.SkyAtmosphere.SampleCountMin:4.0]]
[2021.05.15-15.31.20:945][  0]LogConfig: Setting CVar [[r.SkyAtmosphere.SampleCountMax:32.0]]
[2021.05.15-15.31.20:945][  0]LogConfig: Setting CVar [[r.SkyAtmosphere.TransmittanceLUT.UseSmallFormat:0]]
[2021.05.15-15.31.20:945][  0]LogConfig: Setting CVar [[r.SkyAtmosphere.TransmittanceLUT.SampleCount:10.0]]
[2021.05.15-15.31.20:945][  0]LogConfig: Setting CVar [[r.SkyAtmosphere.MultiScatteringLUT.SampleCount:15.0]]
[2021.05.15-15.31.20:945][  0]LogConfig: Applying CVar settings from Section [FoliageQuality@3] File [D:/UnrealProjects/OwnProjects/UE4GameMathematics/GameMathematics/Saved/Config/Windows/Scalability.ini]
[2021.05.15-15.31.20:945][  0]LogConfig: Setting CVar [[foliage.DensityScale:1.0]]
[2021.05.15-15.31.20:945][  0]LogConfig: Setting CVar [[grass.DensityScale:1.0]]
[2021.05.15-15.31.20:945][  0]LogConfig: Applying CVar settings from Section [ShadingQuality@3] File [D:/UnrealProjects/OwnProjects/UE4GameMathematics/GameMathematics/Saved/Config/Windows/Scalability.ini]
[2021.05.15-15.31.20:945][  0]LogConfig: Setting CVar [[r.HairStrands.SkyLighting.SampleCount:16]]
[2021.05.15-15.31.20:945][  0]LogConfig: Setting CVar [[r.HairStrands.SkyLighting.JitterIntegration:0]]
[2021.05.15-15.31.20:945][  0]LogConfig: Setting CVar [[r.HairStrands.SkyAO.SampleCount:16]]
[2021.05.15-15.31.20:945][  0]LogConfig: Setting CVar [[r.HairStrands.DeepShadow.SuperSampling:0]]
[2021.05.15-15.31.20:945][  0]LogConfig: Setting CVar [[r.HairStrands.VisibilityPPLL:0]]
[2021.05.15-15.31.20:945][  0]LogConfig: Setting CVar [[r.HairStrands.RasterizationScale:0.5]]
[2021.05.15-15.31.20:945][  0]LogConfig: Setting CVar [[r.HairStrands.VelocityRasterizationScale:1]]
[2021.05.15-15.31.20:945][  0]LogConfig: Applying CVar settings from Section [Startup] File [../../../Engine/Config/ConsoleVariables.ini]
[2021.05.15-15.31.20:945][  0]LogConfig: Setting CVar [[net.UseAdaptiveNetUpdateFrequency:0]]
[2021.05.15-15.31.20:945][  0]LogConfig: Setting CVar [[p.chaos.AllowCreatePhysxBodies:1]]
[2021.05.15-15.31.20:945][  0]LogConfig: Setting CVar [[fx.SkipVectorVMBackendOptimizations:1]]
[2021.05.15-15.31.20:945][  0]LogConfig: Applying CVar settings from Section [ConsoleVariables] File [D:/UnrealProjects/OwnProjects/UE4GameMathematics/GameMathematics/Saved/Config/Windows/Engine.ini]
[2021.05.15-15.31.20:945][  0]LogInit: Computer: DESKTOP-RIG8FMN
[2021.05.15-15.31.20:945][  0]LogInit: User: sgfar
[2021.05.15-15.31.20:945][  0]LogInit: CPU Page size=4096, Cores=4
[2021.05.15-15.31.20:945][  0]LogInit: High frequency timer resolution =10.000000 MHz
[2021.05.15-15.31.20:946][  0]LogMemory: Memory total: Physical=15.9GB (16GB approx)
[2021.05.15-15.31.20:946][  0]LogMemory: Platform Memory Stats for Windows
[2021.05.15-15.31.20:946][  0]LogMemory: Process Physical Memory: 114.86 MB used, 114.86 MB peak
[2021.05.15-15.31.20:946][  0]LogMemory: Process Virtual Memory: 95.99 MB used, 95.99 MB peak
[2021.05.15-15.31.20:946][  0]LogMemory: Physical Memory: 7899.05 MB used,  8372.64 MB free, 16271.69 MB total
[2021.05.15-15.31.20:946][  0]LogMemory: Virtual Memory: 5144.86 MB used,  134212584.00 MB free, 134217728.00 MB total
[2021.05.15-15.31.20:952][  0]LogWindows: WindowsPlatformFeatures enabled
[2021.05.15-15.31.21:041][  0]LogInit: Physics initialised using underlying interface: PhysX
[2021.05.15-15.31.21:043][  0]LogInit: Using OS detected language (en-US).
[2021.05.15-15.31.21:043][  0]LogInit: Using OS detected locale (en-US).
[2021.05.15-15.31.21:050][  0]LogTextLocalizationManager: No specific localization for 'en-US' exists, so the 'en' localization will be used.
[2021.05.15-15.31.21:398][  0]LogInit: Setting process to per monitor DPI aware
[2021.05.15-15.31.21:439][  0]LogSlate: New Slate User Created.  User Index 0, Is Virtual User: 0
[2021.05.15-15.31.21:439][  0]LogSlate: Slate User Registered.  User Index 0, Is Virtual User: 0
[2021.05.15-15.31.21:764][  0]LogHMD: Failed to initialize OpenVR with code 110
[2021.05.15-15.31.21:764][  0]LogD3D11RHI: D3D11 min allowed feature level: 11_0
[2021.05.15-15.31.21:764][  0]LogD3D11RHI: D3D11 max allowed feature level: 11_0
[2021.05.15-15.31.21:764][  0]LogD3D11RHI: D3D11 adapters:
[2021.05.15-15.31.21:959][  0]LogD3D11RHI:    0. 'NVIDIA GeForce GTX 1060' (Feature Level 11_0)
[2021.05.15-15.31.21:959][  0]LogD3D11RHI:       6052/0/8135 MB DedicatedVideo/DedicatedSystem/SharedSystem, Outputs:1, VendorId:0x10de
[2021.05.15-15.31.22:007][  0]LogD3D11RHI:    1. 'Intel(R) HD Graphics 630' (Feature Level 11_0)
[2021.05.15-15.31.22:007][  0]LogD3D11RHI:       128/0/8135 MB DedicatedVideo/DedicatedSystem/SharedSystem, Outputs:0, VendorId:0x8086
[2021.05.15-15.31.22:009][  0]LogD3D11RHI:    2. 'Microsoft Basic Render Driver' (Feature Level 11_0)
[2021.05.15-15.31.22:009][  0]LogD3D11RHI:       0/0/8135 MB DedicatedVideo/DedicatedSystem/SharedSystem, Outputs:0, VendorId:0x1414
[2021.05.15-15.31.22:009][  0]LogD3D11RHI: Chosen D3D11 Adapter: 0
[2021.05.15-15.31.22:021][  0]LogD3D11RHI: Creating new Direct3DDevice
[2021.05.15-15.31.22:021][  0]LogD3D11RHI:     GPU DeviceId: 0x1c20 (for the marketing name, search the web for "GPU Device Id")
[2021.05.15-15.31.22:021][  0]LogWindows: EnumDisplayDevices:
[2021.05.15-15.31.22:021][  0]LogWindows:    0. 'Intel(R) HD Graphics 630' (P:1 D:1)
[2021.05.15-15.31.22:022][  0]LogWindows:    1. 'Intel(R) HD Graphics 630' (P:0 D:0)
[2021.05.15-15.31.22:023][  0]LogWindows:    2. 'Intel(R) HD Graphics 630' (P:0 D:0)
[2021.05.15-15.31.22:023][  0]LogWindows:    3. 'NVIDIA GeForce GTX 1060' (P:0 D:0)
[2021.05.15-15.31.22:024][  0]LogWindows:    4. 'NVIDIA GeForce GTX 1060' (P:0 D:0)
[2021.05.15-15.31.22:024][  0]LogWindows:    5. 'NVIDIA GeForce GTX 1060' (P:0 D:0)
[2021.05.15-15.31.22:025][  0]LogWindows:    6. 'NVIDIA GeForce GTX 1060' (P:0 D:0)
[2021.05.15-15.31.22:025][  0]LogWindows: DebugString: PrimaryIsNotTheChoosenAdapter PrimaryIsNotTheChoosenAdapter PrimaryIsNotTheChoosenAdapter FoundDriverCount:4 
[2021.05.15-15.31.22:025][  0]LogD3D11RHI:     Adapter Name: NVIDIA GeForce GTX 1060
[2021.05.15-15.31.22:025][  0]LogD3D11RHI:   Driver Version: 466.27 (internal:27.21.14.6627, unified:466.27)
[2021.05.15-15.31.22:025][  0]LogD3D11RHI:      Driver Date: 4-23-2021
[2021.05.15-15.31.22:025][  0]LogRHI: Texture pool is 4236 MB (70% of 6052 MB)
[2021.05.15-15.31.22:161][  0]LogD3D11RHI: RHI has support for 64 bit atomics
[2021.05.15-15.31.22:161][  0]LogD3D11RHI: Async texture creation enabled
[2021.05.15-15.31.22:161][  0]LogD3D11RHI: Array index from any shader is supported
[2021.05.15-15.31.22:200][  0]LogD3D11RHI: GPU Timing Frequency: 1000.000000 (Debug: 2 1)
[2021.05.15-15.31.22:675][  0]LogTargetPlatformManager: Display: Loaded TargetPlatform 'AllDesktop'
[2021.05.15-15.31.22:703][  0]LogTargetPlatformManager: Display: Loaded TargetPlatform 'Android'
[2021.05.15-15.31.22:703][  0]LogTargetPlatformManager: Display: Loaded TargetPlatform 'Android_ASTC'
[2021.05.15-15.31.22:704][  0]LogTargetPlatformManager: Display: Loaded TargetPlatform 'Android_DXT'
[2021.05.15-15.31.22:704][  0]LogTargetPlatformManager: Display: Loaded TargetPlatform 'Android_ETC2'
[2021.05.15-15.31.22:704][  0]LogTargetPlatformManager: Display: Loaded TargetPlatform 'AndroidClient'
[2021.05.15-15.31.22:704][  0]LogTargetPlatformManager: Display: Loaded TargetPlatform 'Android_ASTCClient'
[2021.05.15-15.31.22:704][  0]LogTargetPlatformManager: Display: Loaded TargetPlatform 'Android_DXTClient'
[2021.05.15-15.31.22:704][  0]LogTargetPlatformManager: Display: Loaded TargetPlatform 'Android_ETC2Client'
[2021.05.15-15.31.22:704][  0]LogTargetPlatformManager: Display: Loaded TargetPlatform 'Android_Multi'
[2021.05.15-15.31.22:704][  0]LogTargetPlatformManager: Display: Loaded TargetPlatform 'Android_MultiClient'
[2021.05.15-15.31.22:735][  0]LogTargetPlatformManager: Display: Loaded TargetPlatform 'IOSClient'
[2021.05.15-15.31.22:735][  0]LogTargetPlatformManager: Display: Loaded TargetPlatform 'IOS'
[2021.05.15-15.31.22:747][  0]LogTargetPlatformManager: Display: Loaded TargetPlatform 'Linux'
[2021.05.15-15.31.22:756][  0]LogTargetPlatformManager: Display: Loaded TargetPlatform 'LinuxNoEditor'
[2021.05.15-15.31.22:766][  0]LogTargetPlatformManager: Display: Loaded TargetPlatform 'LinuxClient'
[2021.05.15-15.31.22:779][  0]LogTargetPlatformManager: Display: Loaded TargetPlatform 'LinuxServer'
[2021.05.15-15.31.22:789][  0]LogTargetPlatformManager: Display: Loaded TargetPlatform 'LinuxAArch64NoEditor'
[2021.05.15-15.31.22:799][  0]LogTargetPlatformManager: Display: Loaded TargetPlatform 'LinuxAArch64Client'
[2021.05.15-15.31.22:808][  0]LogTargetPlatformManager: Display: Loaded TargetPlatform 'LinuxAArch64Server'
[2021.05.15-15.31.22:843][  0]LogTargetPlatformManager: Display: Loaded TargetPlatform 'Lumin'
[2021.05.15-15.31.22:843][  0]LogTargetPlatformManager: Display: Loaded TargetPlatform 'LuminClient'
[2021.05.15-15.31.22:868][  0]LogTargetPlatformManager: Display: Loaded TargetPlatform 'TVOSClient'
[2021.05.15-15.31.22:868][  0]LogTargetPlatformManager: Display: Loaded TargetPlatform 'TVOS'
[2021.05.15-15.31.22:882][  0]LogTargetPlatformManager: Display: Loaded TargetPlatform 'WindowsNoEditor'
[2021.05.15-15.31.22:896][  0]LogTargetPlatformManager: Display: Loaded TargetPlatform 'Windows'
[2021.05.15-15.31.22:908][  0]LogTargetPlatformManager: Display: Loaded TargetPlatform 'WindowsClient'
[2021.05.15-15.31.22:919][  0]LogTargetPlatformManager: Display: Loaded TargetPlatform 'WindowsServer'
[2021.05.15-15.31.22:919][  0]LogTargetPlatformManager: Display: Building Assets For Windows
[2021.05.15-15.31.22:926][  0]LogAudioDebug: Display: Lib vorbis DLL was dynamically loaded.
[2021.05.15-15.31.22:992][  0]LogShaderCompilers: Guid format shader working directory is -37 characters bigger than the processId version (../../../../../../../UnrealProjects/OwnProjects/UE4GameMathematics/GameMathematics/Intermediate/Shaders/WorkingDirectory/10112/).
[2021.05.15-15.31.22:992][  0]LogShaderCompilers: Cleaned the shader compiler working directory 'C:/Users/sgfar/AppData/Local/Temp/UnrealShaderWorkingDir/2C3AE4164F6B85A9112E1DA73832A5FA/'.
[2021.05.15-15.31.22:992][  0]LogXGEController: Cannot use XGE Controller as Incredibuild is not installed on this machine.
[2021.05.15-15.31.22:992][  0]LogShaderCompilers: Cannot use XGE Shader Compiler as Incredibuild is not installed on this machine.
[2021.05.15-15.31.22:993][  0]LogShaderCompilers: Display: Using Local Shader Compiler.
[2021.05.15-15.31.24:034][  0]LogDerivedDataCache: Display: Max Cache Size: 512 MB
[2021.05.15-15.31.24:109][  0]LogDerivedDataCache: Loaded boot cache 0.07s 79MB C:/Users/sgfar/AppData/Local/UnrealEngine/4.25/DerivedDataCache/Boot.ddc.
[2021.05.15-15.31.24:109][  0]LogDerivedDataCache: Display: Loaded Boot cache: C:/Users/sgfar/AppData/Local/UnrealEngine/4.25/DerivedDataCache/Boot.ddc
[2021.05.15-15.31.24:109][  0]LogDerivedDataCache: FDerivedDataBackendGraph:  Pak pak cache file ../../../../../../../UnrealProjects/OwnProjects/UE4GameMathematics/GameMathematics/DerivedDataCache/DDC.ddp not found, will not use a pak cache.
[2021.05.15-15.31.24:109][  0]LogDerivedDataCache: Unable to find inner node Pak for hierarchical cache Hierarchy.
[2021.05.15-15.31.24:109][  0]LogDerivedDataCache: FDerivedDataBackendGraph:  CompressedPak pak cache file ../../../../../../../UnrealProjects/OwnProjects/UE4GameMathematics/GameMathematics/DerivedDataCache/Compressed.ddp not found, will not use a pak cache.
[2021.05.15-15.31.24:109][  0]LogDerivedDataCache: Unable to find inner node CompressedPak for hierarchical cache Hierarchy.
[2021.05.15-15.31.24:122][  0]LogDerivedDataCache: Display: Pak cache opened for reading ../../../Engine/DerivedDataCache/Compressed.ddp.
[2021.05.15-15.31.24:122][  0]LogDerivedDataCache: FDerivedDataBackendGraph:  EnterprisePak pak cache file ../../../Enterprise/DerivedDataCache/Compressed.ddp not found, will not use a pak cache.
[2021.05.15-15.31.24:122][  0]LogDerivedDataCache: Unable to find inner node EnterprisePak for hierarchical cache Hierarchy.
[2021.05.15-15.31.24:123][  0]LogDerivedDataCache: Using Local data cache path C:/Users/sgfar/AppData/Local/UnrealEngine/Common/DerivedDataCache: Writable
[2021.05.15-15.31.24:123][  0]LogDerivedDataCache: Shared data cache path not found in *engine.ini, will not use an Shared cache.
[2021.05.15-15.31.24:123][  0]LogDerivedDataCache: Unable to find inner node Shared for hierarchical cache Hierarchy.
[2021.05.15-15.31.24:214][  0]LogSlate: Using FreeType 2.10.0
[2021.05.15-15.31.24:215][  0]LogSlate: SlateFontServices - WITH_FREETYPE: 1, WITH_HARFBUZZ: 1
[2021.05.15-15.31.24:249][  0]LogAssetRegistry: FAssetRegistry took 0.0042 seconds to start up
[2021.05.15-15.31.24:606][  0]LogInit: Selected Device Profile: [Windows]
[2021.05.15-15.31.24:782][  0]LogMeshReduction: Using QuadricMeshReduction for automatic static mesh reduction
[2021.05.15-15.31.24:782][  0]LogMeshReduction: Using SimplygonMeshReduction for automatic skeletal mesh reduction
[2021.05.15-15.31.24:782][  0]LogMeshReduction: Using ProxyLODMeshReduction for automatic mesh merging
[2021.05.15-15.31.24:782][  0]LogMeshReduction: No distributed automatic mesh merging module available
[2021.05.15-15.31.24:782][  0]LogMeshMerging: No distributed automatic mesh merging module available
[2021.05.15-15.31.24:813][  0]LogNetVersion: GameMathematics 1.0.0, NetCL: 13144385, EngineNetVer: 14, GameNetVer: 0 (Checksum: 3306851746)
[2021.05.15-15.31.25:396][  0]LogAISub: UAISubsystem::UAISubsystem AISubsystem (00000274B690C2C0), frame # 0
[2021.05.15-15.31.25:396][  0]LogAISub: UAISubsystem::UAISubsystem AIPerceptionSystem (00000274B78511C0), frame # 0
[2021.05.15-15.31.25:398][  0]LogAISub: UAISubsystem::UAISubsystem EnvQueryManager (00000274B68C4A00), frame # 0
[2021.05.15-15.31.25:482][  0]LogPackageLocalizationCache: Processed 19 localized package path(s) for 1 prioritized culture(s) in 0.073687 seconds
[2021.05.15-15.31.25:490][  0]LogUObjectArray: 15917 objects as part of root set at end of initial load.
[2021.05.15-15.31.25:490][  0]LogUObjectAllocator: 3965568 out of 0 bytes used by permanent object pool.
[2021.05.15-15.31.25:490][  0]LogUObjectArray: CloseDisregardForGC: 0/0 objects in disregard for GC pool
[2021.05.15-15.31.25:910][  0]LogTcpMessaging: Initializing TcpMessaging bridge
[2021.05.15-15.31.26:007][  0]LogUdpMessaging: Initializing bridge on interface 0.0.0.0:0 to multicast group 230.0.0.1:6666.
[2021.05.15-15.31.26:112][  0]SourceControl: Source control is disabled
[2021.05.15-15.31.26:112][  0]SourceControl: Source control is disabled
[2021.05.15-15.31.26:115][  0]SourceControl: Source control is disabled
[2021.05.15-15.31.26:118][  0]SourceControl: Source control is disabled
[2021.05.15-15.31.26:128][  0]SourceControl: Source control is disabled
[2021.05.15-15.31.26:489][  0]LogAndroidPermission: UAndroidPermissionCallbackProxy::GetInstance
[2021.05.15-15.31.26:517][  0]LogAudioCaptureCore: Display: No Audio Capture implementations found. Audio input will be silent.
[2021.05.15-15.31.26:517][  0]LogAudioCaptureCore: Display: No Audio Capture implementations found. Audio input will be silent.
[2021.05.15-15.31.26:607][  0]LogOcInput: OculusInput pre-init called
[2021.05.15-15.31.26:625][  0]LogWindows: Failed to load 'OVRPlugin.dll' (GetLastError=126)
[2021.05.15-15.31.26:625][  0]LogWindows: File 'OVRPlugin.dll' does not exist
[2021.05.15-15.31.26:705][  0]LogEngine: Initializing Engine...
[2021.05.15-15.31.26:706][  0]LogHMD: Failed to initialize OpenVR with code 110
[2021.05.15-15.31.26:706][  0]LogMagicLeap: Warning: VR disabled because ZI is not enabled.  To enable, in the editor, Edit -> Project Settings -> Plugins -> Magic Leap Plugin -> Enable Zero Iteration
[2021.05.15-15.31.26:707][  0]LogStats: UGameplayTagsManager::InitializeManager -  0.000 s
[2021.05.15-15.31.26:852][  0]LogInit: Initializing FReadOnlyCVARCache
[2021.05.15-15.31.26:860][  0]LogAIModule: Creating AISystem for world Untitled
[2021.05.15-15.31.26:861][  0]LogAISub: UAISubsystem::UAISubsystem EnvQueryManager (00000274BB955C00), frame # 0
[2021.05.15-15.31.26:861][  0]LogAISub: UAISubsystem::UAISubsystem AIPerceptionSystem (00000274BB998A40), frame # 0
[2021.05.15-15.31.26:888][  0]LogAudioMixer: Display: Audio Mixer Platform Settings:
[2021.05.15-15.31.26:888][  0]LogAudioMixer: Display: 	Sample Rate:						  48000
[2021.05.15-15.31.26:888][  0]LogAudioMixer: Display: 	Callback Buffer Frame Size Requested: 1024
[2021.05.15-15.31.26:888][  0]LogAudioMixer: Display: 	Callback Buffer Frame Size To Use:	  1024
[2021.05.15-15.31.26:888][  0]LogAudioMixer: Display: 	Number of buffers to queue:			  2
[2021.05.15-15.31.26:888][  0]LogAudioMixer: Display: 	Max Channels (voices):				  32
[2021.05.15-15.31.26:888][  0]LogAudioMixer: Display: 	Number of Async Source Workers:		  0
[2021.05.15-15.31.26:888][  0]LogAudio: Display: AudioDevice MaxSources: 32
[2021.05.15-15.31.26:888][  0]LogAudio: Display: Using built-in audio occlusion.
[2021.05.15-15.31.26:888][  0]LogAudioMixer: Display: Initializing audio mixer.
[2021.05.15-15.31.26:902][  0]LogAudioMixer: Display: 0: FrontLeft
[2021.05.15-15.31.26:902][  0]LogAudioMixer: Display: 1: FrontRight
[2021.05.15-15.31.27:013][  0]LogAudioMixer: Display: Using Audio Device HeadPhone/Digital Output (Realtek High Definition Audio)
[2021.05.15-15.31.27:017][  0]LogAudioMixer: Display: Initializing Sound Submixes...
[2021.05.15-15.31.27:020][  0]LogAudioMixer: Display: Creating Master Submix 'MasterSubmixDefault'
[2021.05.15-15.31.27:020][  0]LogAudioMixer: Display: Creating Master Submix 'MasterReverbSubmixDefault'
[2021.05.15-15.31.27:021][  0]LogAudioMixer: Display: Creating Master Submix 'MasterEQSubmixDefault'
[2021.05.15-15.31.27:022][  0]LogInit: FAudioDevice initialized.
[2021.05.15-15.31.27:022][  0]LogNetVersion: Set ProjectVersion to 1.0.0.0. Version Checksum will be recalculated on next use.
[2021.05.15-15.31.27:109][  0]LogDerivedDataCache: Saved boot cache 0.09s 79MB C:/Users/sgfar/AppData/Local/UnrealEngine/4.25/DerivedDataCache/Boot.ddc.
[2021.05.15-15.31.27:109][  0]LogInit: Texture streaming: Enabled
[2021.05.15-15.31.27:127][  0]LogEngineSessionManager: EngineSessionManager initialized
[2021.05.15-15.31.27:127][  0]LogEditorSessionSummary: Verbose: Initializing EditorSessionSummaryWriter for editor session tracking
[2021.05.15-15.31.27:129][  0]LogEditorSessionSummary: EditorSessionSummaryWriter initialized
[2021.05.15-15.31.27:149][  0]LogInit: Transaction tracking system initialized
[2021.05.15-15.31.27:173][  0]BlueprintLog: New page: Editor Load
[2021.05.15-15.31.27:420][  0]LocalizationService: Localization service is disabled
[2021.05.15-15.31.28:017][  0]LogFileCache: Scanning file cache for directory 'D:/UnrealProjects/OwnProjects/UE4GameMathematics/GameMathematics/Content/' took 0.00s
[2021.05.15-15.31.28:017][  0]LogCook: Display: Max memory allowance for cook 16384mb min free memory 0mb
[2021.05.15-15.31.28:017][  0]LogCook: Display: Mobile HDR setting 1
[2021.05.15-15.31.28:474][  0]SourceControl: Source control is disabled
[2021.05.15-15.31.28:474][  0]LogUnrealEdMisc: Loading editor; pre map load, took 9.350
[2021.05.15-15.31.28:474][  0]Cmd: MAP LOAD FILE="../../../Engine/Content/Maps/Templates/Template_Default.umap" TEMPLATE=1 SHOWPROGRESS=1 FEATURELEVEL=3
[2021.05.15-15.31.28:474][  0]LightingResults: New page: Lighting Build
[2021.05.15-15.31.28:475][  0]LogWorld: UWorld::CleanupWorld for Untitled, bSessionEnded=true, bCleanupResources=true
[2021.05.15-15.31.28:475][  0]LogSlate: InvalidateAllWidgets triggered.  All widgets were invalidated
[2021.05.15-15.31.28:475][  0]MapCheck: New page: Map Check
[2021.05.15-15.31.28:475][  0]LightingResults: New page: Lighting Build
[2021.05.15-15.31.28:489][  0]LogAISub: UAISubsystem::~UAISubsystem EnvQueryManager (00000274BB955C00), frame # 0
[2021.05.15-15.31.28:489][  0]LogAISub: UAISubsystem::~UAISubsystem AIPerceptionSystem (00000274BB998A40), frame # 0
[2021.05.15-15.31.28:490][  0]LogUObjectHash: Compacting FUObjectHashTables data took   0.75ms
[2021.05.15-15.31.28:593][  0]LogAIModule: Creating AISystem for world Untitled_1
[2021.05.15-15.31.28:593][  0]LogAISub: UAISubsystem::UAISubsystem EnvQueryManager (00000274A5C35E00), frame # 0
[2021.05.15-15.31.28:593][  0]LogAISub: UAISubsystem::UAISubsystem AIPerceptionSystem (00000274A9E95A80), frame # 0
[2021.05.15-15.31.28:598][  0]LogEditorServer: Finished looking for orphan Actors (0.000 secs)
[2021.05.15-15.31.28:610][  0]LogUObjectHash: Compacting FUObjectHashTables data took   0.98ms
[2021.05.15-15.31.28:610][  0]Cmd: MAP CHECKDEP NOCLEARLOG
[2021.05.15-15.31.28:611][  0]MapCheck: Map check complete: 0 Error(s), 0 Warning(s), took 0.127ms to complete.
[2021.05.15-15.31.28:611][  0]LogFileHelpers: Loading map 'Template_Default' took 0.136
[2021.05.15-15.31.28:612][  0]LogUnrealEdMisc: Total Editor Startup Time, took 9.489
[2021.05.15-15.31.28:853][  0]LogSlate: Updating window title bar state: overlay mode, drag disabled, window buttons hidden, title bar hidden
[2021.05.15-15.31.28:860][  0]LogSlate: Updating window title bar state: overlay mode, drag disabled, window buttons hidden, title bar hidden
[2021.05.15-15.31.28:873][  0]LogSlate: Updating window title bar state: overlay mode, drag disabled, window buttons hidden, title bar hidden
[2021.05.15-15.31.28:884][  0]LogSlate: Updating window title bar state: overlay mode, drag disabled, window buttons hidden, title bar hidden
[2021.05.15-15.31.28:890][  0]LogCollectionManager: Loaded 0 collections in 0.000773 seconds
[2021.05.15-15.31.28:910][  0]LogFileCache: Scanning file cache for directory 'D:/UnrealProjects/OwnProjects/UE4GameMathematics/GameMathematics/Saved/Collections/' took 0.00s
[2021.05.15-15.31.28:910][  0]LogFileCache: Scanning file cache for directory 'D:/UnrealProjects/OwnProjects/UE4GameMathematics/GameMathematics/Content/Developers/sgfar/Collections/' took 0.00s
[2021.05.15-15.31.28:910][  0]LogFileCache: Scanning file cache for directory 'D:/UnrealProjects/OwnProjects/UE4GameMathematics/GameMathematics/Content/Collections/' took 0.00s
[2021.05.15-15.31.28:910][  0]LogContentBrowser: Native class hierarchy populated in 0.0136 seconds. Added 3428 classes and 823 folders.
[2021.05.15-15.31.28:913][  0]LogContentBrowser: Native class hierarchy updated for 'WidgetCarousel' in 0.0005 seconds. Added 0 classes and 0 folders.
[2021.05.15-15.31.28:984][  0]LogContentBrowser: Native class hierarchy updated for 'AddContentDialog' in 0.0004 seconds. Added 0 classes and 0 folders.
[2021.05.15-15.31.28:988][  0]LogContentBrowser: Native class hierarchy updated for 'SceneOutliner' in 0.0004 seconds. Added 2 classes and 0 folders.
[2021.05.15-15.31.29:582][  0]LogSlate: Took 0.000236 seconds to synchronously load lazily loaded font '../../../Engine/Content/Slate/Fonts/Roboto-Regular.ttf' (155K)
[2021.05.15-15.31.29:586][  0]LogSlate: Took 0.000268 seconds to synchronously load lazily loaded font '../../../Engine/Content/Slate/Fonts/Roboto-Bold.ttf' (160K)
[2021.05.15-15.31.29:592][  0]LogSlate: Took 0.000162 seconds to synchronously load lazily loaded font '../../../Engine/Content/Editor/Slate/Fonts/FontAwesome.ttf' (139K)
[2021.05.15-15.31.29:687][  0]LogRenderer: Reallocating scene render targets to support 964x432 Format 10 NumSamples 1 (Frame:1).
[2021.05.15-15.31.30:059][  0]LogContentBrowser: Native class hierarchy updated for 'HierarchicalLODOutliner' in 0.0006 seconds. Added 0 classes and 0 folders.
[2021.05.15-15.31.30:059][  0]LogLoad: (Engine Initialization) Total time: 10.94 seconds
[2021.05.15-15.31.30:059][  0]LogLoad: (Engine Initialization) Total Blueprint compile time: 0.00 seconds
[2021.05.15-15.31.30:176][  0]LogAssetRegistry: Asset discovery search completed in 5.9281 seconds
[2021.05.15-15.31.30:181][  0]LogCollectionManager: Fixed up redirectors for 0 collections in 0.000004 seconds (updated 0 objects)
[2021.05.15-15.31.30:183][  0]LogContentStreaming: Texture pool size now 1000 MB
[2021.05.15-15.34.19:863][259]LogEditorViewport: Clicking on Actor (LMB): StaticMeshActor (Floor)
[2021.05.15-15.35.48:328][844]LogSlate: Took 0.000226 seconds to synchronously load lazily loaded font '../../../Engine/Content/Slate/Fonts/Roboto-Light.ttf' (167K)
[2021.05.15-15.36.37:641][108]LogUObjectHash: Compacting FUObjectHashTables data took   1.16ms
[2021.05.15-15.36.38:483][155]LogUObjectHash: Compacting FUObjectHashTables data took   0.33ms
[2021.05.15-15.36.38:654][165]LogUObjectHash: Compacting FUObjectHashTables data took   0.21ms
[2021.05.15-15.36.38:825][175]LogUObjectHash: Compacting FUObjectHashTables data took   0.83ms
[2021.05.15-15.36.39:003][181]LogUObjectHash: Compacting FUObjectHashTables data took   0.23ms
[2021.05.15-15.36.39:154][190]LogUObjectHash: Compacting FUObjectHashTables data took   0.21ms
[2021.05.15-15.36.39:308][199]LogUObjectHash: Compacting FUObjectHashTables data took   0.35ms
[2021.05.15-15.38.30:068][828]LogEditorViewport: Clicking on Actor (LMB): StaticMeshActor (Floor)
[2021.05.15-15.40.12:621][483]LogUObjectHash: Compacting FUObjectHashTables data took   0.67ms
[2021.05.15-15.40.17:675][773]LogSlate: Took 0.000161 seconds to synchronously load lazily loaded font '../../../Engine/Content/Slate/Fonts/Roboto-Light.ttf' (167K)
[2021.05.15-15.40.17:775][773]LogSlate: WidgetSwitcher ('None') active index changed to -1
[2021.05.15-15.40.17:775][773]LogSlate: WidgetSwitcher ('None') active index changed to 0
[2021.05.15-15.40.18:033][773]LogSlate: Took 0.000169 seconds to synchronously load lazily loaded font '../../../Engine/Content/Slate/Fonts/Roboto-BoldCondensed.ttf' (158K)
[2021.05.15-15.40.21:130][946]LogSlate: WidgetSwitcher ('None') active index changed to 1
[2021.05.15-15.40.39:616][ 43]Running D:/Program Files/Epic Games/UE_4.25/UE_4.25/Engine/Binaries/DotNET/UnrealBuildTool.exe  -projectfiles -project="D:/UnrealProjects/OwnProjects/UE4GameMathematics/GameMathematics/GameMathematics.uproject" -game -rocket -progress
[2021.05.15-15.40.40:236][ 43]Discovering modules, targets and source code for project...
[2021.05.15-15.40.42:350][ 43]Binding IntelliSense data...
[2021.05.15-15.40.45:789][ 43]Binding IntelliSense data... 100%
[2021.05.15-15.40.45:789][ 43]Writing project files...
[2021.05.15-15.40.53:153][ 43]Writing project files... 100%
[2021.05.15-15.40.53:706][ 43]Candidate modules for hot reload:
[2021.05.15-15.40.53:707][ 43]  GameMathematics
[2021.05.15-15.40.53:707][ 43]Launching UnrealBuildTool... [D:/Program Files/Epic Games/UE_4.25/UE_4.25/Engine/Binaries/DotNET/UnrealBuildTool.exe  -ModuleWithSuffix=GameMathematics,2721 GameMathematicsEditor Win64 Development -Project="D:/UnrealProjects/OwnProjects/UE4GameMathematics/GameMathematics/GameMathematics.uproject" "D:/UnrealProjects/OwnProjects/UE4GameMathematics/GameMathematics/GameMathematics.uproject"  -IgnoreJunk]
[2021.05.15-15.41.08:592][ 43]CompilerResultsLog: New page: Compilation - May 15, 2021, 5:41:08 AM
[2021.05.15-15.41.08:619][ 43]CompilerResultsLog: Using 'git status' to determine working set for adaptive non-unity build (D:\UnrealProjects\OwnProjects\UE4GameMathematics).
[2021.05.15-15.41.08:619][ 43]CompilerResultsLog: Creating makefile for GameMathematicsEditor (no existing makefile)
[2021.05.15-15.41.08:619][ 43]CompilerResultsLog: Parsing headers for GameMathematicsEditor
[2021.05.15-15.41.08:619][ 43]CompilerResultsLog:   Running UnrealHeaderTool "D:\UnrealProjects\OwnProjects\UE4GameMathematics\GameMathematics\GameMathematics.uproject" "D:\UnrealProjects\OwnProjects\UE4GameMathematics\GameMathematics\Intermediate\Build\Win64\GameMathematicsEditor\Development\GameMathematicsEditor.uhtmanifest" -LogCmds="loginit warning, logexit warning, logdatabase error" -Unattended -WarningsAsErrors -abslog="C:\Users\sgfar\AppData\Local\UnrealBuildTool\Log_UHT.txt" -installed
[2021.05.15-15.41.08:619][ 43]CompilerResultsLog: Reflection code generated for GameMathematicsEditor in 7.6117838 seconds
[2021.05.15-15.41.08:619][ 43]CompilerResultsLog: Building GameMathematicsEditor...
[2021.05.15-15.41.08:619][ 43]CompilerResultsLog: Using Visual Studio 2019 14.28.29910 toolchain (D:\Program Files (x86)\Microsoft Visual Studio\2019\Community\VC\Tools\MSVC\14.28.29910) and Windows 10.0.18362.0 SDK (C:\Program Files (x86)\Windows Kits\10).
[2021.05.15-15.41.08:619][ 43]CompilerResultsLog: Building 9 actions with 8 processes...
[2021.05.15-15.41.08:619][ 43]CompilerResultsLog:   [1/9] GameMathematics.init.gen.cpp
[2021.05.15-15.41.08:619][ 43]CompilerResultsLog:   [2/9] GameMathematics.cpp
[2021.05.15-15.41.08:619][ 43]CompilerResultsLog:   [3/9] ShipPawn.cpp
[2021.05.15-15.41.08:619][ 43]CompilerResultsLog:   [4/9] GameMathematicsGameModeBase.cpp
[2021.05.15-15.41.08:619][ 43]CompilerResultsLog:   [5/9] ShipPawn.gen.cpp
[2021.05.15-15.41.08:619][ 43]CompilerResultsLog:   [6/9] GameMathematicsGameModeBase.gen.cpp
[2021.05.15-15.41.08:619][ 43]CompilerResultsLog:   [7/9] UE4Editor-GameMathematics-2721.lib
[2021.05.15-15.41.08:619][ 43]CompilerResultsLog:      Creating library D:\UnrealProjects\OwnProjects\UE4GameMathematics\GameMathematics\Intermediate\Build\Win64\UE4Editor\Development\GameMathematics\UE4Editor-GameMathematics-2721.lib and object D:\UnrealProjects\OwnProjects\UE4GameMathematics\GameMathematics\Intermediate\Build\Win64\UE4Editor\Development\GameMathematics\UE4Editor-GameMathematics-2721.exp
[2021.05.15-15.41.08:619][ 43]CompilerResultsLog:   [8/9] UE4Editor-GameMathematics-2721.dll
[2021.05.15-15.41.08:619][ 43]CompilerResultsLog:      Creating library D:\UnrealProjects\OwnProjects\UE4GameMathematics\GameMathematics\Intermediate\Build\Win64\UE4Editor\Development\GameMathematics\UE4Editor-GameMathematics-2721.suppressed.lib and object D:\UnrealProjects\OwnProjects\UE4GameMathematics\GameMathematics\Intermediate\Build\Win64\UE4Editor\Development\GameMathematics\UE4Editor-GameMathematics-2721.suppressed.exp
[2021.05.15-15.41.08:619][ 43]CompilerResultsLog:   [9/9] GameMathematicsEditor.target
[2021.05.15-15.41.08:619][ 43]CompilerResultsLog: Total time in Parallel executor: 3.48 seconds
[2021.05.15-15.41.08:619][ 43]CompilerResultsLog: Total execution time: 14.52 seconds
[2021.05.15-15.41.08:620][ 43]LogMainFrame: MainFrame: Module compiling took 15.277 seconds
[2021.05.15-15.41.08:750][ 43]LogClass: Could not find existing class ShipPawn in package /Script/GameMathematics for HotReload, assuming new class
[2021.05.15-15.41.08:752][ 43]LogContentBrowser: Native class hierarchy updated for 'GameMathematics' in 0.0006 seconds. Added 2 classes and 3 folders.
[2021.05.15-15.41.08:754][ 43]Display: HotReload successful (0 functions remapped  0 scriptstructs remapped)
[2021.05.15-15.41.09:257][ 43]LogContentBrowser: Native class hierarchy populated in 0.0147 seconds. Added 3429 classes and 824 folders.
[2021.05.15-15.41.09:296][ 43]Display: HotReload took 16.0s.
[2021.05.15-15.41.09:308][ 43]Warning: HotReload operation took 16.0s.
[2021.05.15-15.41.09:754][ 43]LogVSAccessor: Warning: Couldn't open file 'D:/UnrealProjects/OwnProjects/UE4GameMathematics/GameMathematics/Source/GameMathematics/Pawns/ShipPawn.h'.
[2021.05.15-15.41.09:756][ 43]LogVSAccessor: Warning: Couldn't open file 'D:/UnrealProjects/OwnProjects/UE4GameMathematics/GameMathematics/Source/GameMathematics/Pawns/ShipPawn.cpp'.
[2021.05.15-15.41.09:762][ 43]LogVSAccessor: Warning: Couldn't access Visual Studio
[2021.05.15-15.41.09:776][ 43]LogVSAccessor: Warning: Couldn't access module table
[2021.05.15-15.41.09:777][ 43]LogVSAccessor: Warning: Couldn't access module table
[2021.05.15-15.41.09:777][ 43]LogVSAccessor: Warning: Couldn't access module table
[2021.05.15-15.41.09:777][ 43]LogVSAccessor: Warning: Couldn't access module table
[2021.05.15-15.41.09:777][ 43]LogVSAccessor: Warning: Couldn't access module table
[2021.05.15-15.41.09:777][ 43]LogVSAccessor: Warning: Couldn't access module table
[2021.05.15-15.41.09:777][ 43]LogVSAccessor: Warning: Couldn't access module table
[2021.05.15-15.41.09:777][ 43]LogVSAccessor: Warning: Couldn't access module table
[2021.05.15-15.41.09:777][ 43]LogVSAccessor: Warning: Couldn't access module table
[2021.05.15-15.41.09:777][ 43]LogVSAccessor: Warning: Couldn't access module table
[2021.05.15-15.41.09:777][ 43]LogVSAccessor: Warning: Couldn't access module table
[2021.05.15-15.41.09:778][ 43]LogVSAccessor: Warning: Couldn't access module table
[2021.05.15-15.41.09:778][ 43]LogVSAccessor: Warning: Couldn't access module table
[2021.05.15-15.41.09:778][ 43]LogVSAccessor: Warning: Couldn't access module table
[2021.05.15-15.41.09:778][ 43]LogVSAccessor: Warning: Couldn't access module table
[2021.05.15-15.41.09:778][ 43]LogVSAccessor: Warning: Couldn't access module table
[2021.05.15-15.41.09:778][ 43]LogVSAccessor: Warning: Couldn't access module table
[2021.05.15-15.41.09:778][ 43]LogVSAccessor: Warning: Couldn't access module table
[2021.05.15-15.41.09:778][ 43]LogVSAccessor: Warning: Couldn't access module table
[2021.05.15-15.41.09:778][ 43]LogVSAccessor: Warning: Couldn't access module table
[2021.05.15-15.41.09:778][ 43]LogVSAccessor: Warning: Couldn't access module table
[2021.05.15-15.41.09:778][ 43]LogVSAccessor: Warning: Couldn't access module table
[2021.05.15-15.41.09:778][ 43]LogVSAccessor: Warning: Couldn't access module table
[2021.05.15-15.41.09:779][ 43]LogVSAccessor: Warning: Couldn't access module table
[2021.05.15-15.41.09:779][ 43]LogVSAccessor: Warning: Couldn't access module table
[2021.05.15-15.41.09:779][ 43]LogVSAccessor: Warning: Couldn't access module table
[2021.05.15-15.41.09:779][ 43]LogVSAccessor: Warning: Couldn't access module table
[2021.05.15-15.41.09:779][ 43]LogVSAccessor: Warning: Couldn't access module table
[2021.05.15-15.41.09:779][ 43]LogVSAccessor: Warning: Couldn't access module table
[2021.05.15-15.41.09:779][ 43]LogVSAccessor: Warning: Couldn't access module table
[2021.05.15-15.41.09:779][ 43]LogVSAccessor: Warning: Couldn't access module table
[2021.05.15-15.41.09:779][ 43]LogVSAccessor: Warning: Couldn't access module table
[2021.05.15-15.41.09:779][ 43]LogVSAccessor: Warning: Couldn't access module table
[2021.05.15-15.41.09:780][ 43]LogVSAccessor: Warning: Couldn't access module table
[2021.05.15-15.41.09:780][ 43]LogVSAccessor: Warning: Couldn't access module table
[2021.05.15-15.41.09:780][ 43]LogVSAccessor: Warning: Couldn't access module table
[2021.05.15-15.41.09:780][ 43]LogVSAccessor: Warning: Couldn't access module table
[2021.05.15-15.41.09:780][ 43]LogVSAccessor: Warning: Couldn't access module table
[2021.05.15-15.41.09:780][ 43]LogVSAccessor: Warning: Couldn't access module table
[2021.05.15-15.41.09:780][ 43]LogVSAccessor: Warning: Couldn't access module table
[2021.05.15-15.41.09:780][ 43]LogVSAccessor: Warning: Couldn't access module table
[2021.05.15-15.41.09:780][ 43]LogVSAccessor: Warning: Couldn't access module table
[2021.05.15-15.41.09:781][ 43]LogVSAccessor: Warning: Couldn't access module table
[2021.05.15-15.41.09:781][ 43]LogVSAccessor: Warning: Couldn't access module table
[2021.05.15-15.41.09:781][ 43]LogVSAccessor: Warning: Couldn't access module table
[2021.05.15-15.41.09:781][ 43]LogVSAccessor: Warning: Couldn't access module table
[2021.05.15-15.41.09:781][ 43]LogVSAccessor: Warning: Couldn't access module table
[2021.05.15-15.41.09:781][ 43]LogVSAccessor: Warning: Couldn't access module table
[2021.05.15-15.41.09:781][ 43]LogVSAccessor: Warning: Couldn't access module table
[2021.05.15-15.41.09:782][ 43]LogVSAccessor: Warning: Couldn't access module table
[2021.05.15-15.41.09:782][ 43]LogVSAccessor: Warning: Couldn't access module table
[2021.05.15-15.41.09:782][ 43]LogVSAccessor: Warning: Couldn't access module table
[2021.05.15-15.41.09:782][ 43]LogVSAccessor: Warning: Couldn't access module table
[2021.05.15-15.41.09:782][ 43]LogVSAccessor: Warning: Couldn't access module table
[2021.05.15-15.41.09:782][ 43]LogVSAccessor: Warning: Couldn't access module table
[2021.05.15-15.41.09:782][ 43]LogVSAccessor: Warning: Couldn't access module table
[2021.05.15-15.41.09:782][ 43]LogVSAccessor: Warning: Couldn't access module table
[2021.05.15-15.41.09:783][ 43]LogVSAccessor: Warning: Couldn't access module table
[2021.05.15-15.41.09:783][ 43]LogVSAccessor: Warning: Couldn't access module table
[2021.05.15-15.41.09:783][ 43]LogVSAccessor: Warning: Couldn't access module table
[2021.05.15-15.41.09:783][ 43]LogVSAccessor: Warning: Couldn't access module table
[2021.05.15-15.41.09:783][ 43]LogVSAccessor: Warning: Couldn't access module table
[2021.05.15-15.41.09:783][ 43]LogVSAccessor: Warning: Couldn't access module table
[2021.05.15-15.41.09:783][ 43]LogVSAccessor: Warning: Couldn't access module table
[2021.05.15-15.41.09:783][ 43]LogVSAccessor: Warning: Couldn't access module table
[2021.05.15-15.41.09:783][ 43]LogVSAccessor: Warning: Couldn't access module table
[2021.05.15-15.41.09:784][ 43]LogVSAccessor: Warning: Couldn't access module table
[2021.05.15-15.41.09:784][ 43]LogVSAccessor: Warning: Couldn't access module table
[2021.05.15-15.41.09:784][ 43]LogVSAccessor: Warning: Couldn't access module table
[2021.05.15-15.41.09:784][ 43]LogVSAccessor: Warning: Couldn't access module table
[2021.05.15-15.41.09:784][ 43]LogVSAccessor: Warning: Couldn't access module table
[2021.05.15-15.41.09:784][ 43]LogVSAccessor: Warning: Couldn't access module table
[2021.05.15-15.41.09:784][ 43]LogVSAccessor: Warning: Couldn't access module table
[2021.05.15-15.41.09:784][ 43]LogVSAccessor: Warning: Couldn't access module table
[2021.05.15-15.41.09:785][ 43]LogVSAccessor: Warning: Couldn't access module table
[2021.05.15-15.41.09:785][ 43]LogVSAccessor: Warning: Couldn't access module table
[2021.05.15-15.41.09:785][ 43]LogVSAccessor: Warning: Couldn't access module table
[2021.05.15-15.41.09:785][ 43]LogVSAccessor: Warning: Couldn't access module table
[2021.05.15-15.41.09:785][ 43]LogVSAccessor: Warning: Couldn't access module table
[2021.05.15-15.41.09:785][ 43]LogVSAccessor: Warning: Couldn't access module table
[2021.05.15-15.41.09:785][ 43]LogVSAccessor: Warning: Couldn't access module table
[2021.05.15-15.41.09:785][ 43]LogVSAccessor: Warning: Couldn't access module table
[2021.05.15-15.41.09:785][ 43]LogVSAccessor: Warning: Couldn't access module table
[2021.05.15-15.41.09:785][ 43]LogVSAccessor: Warning: Couldn't access module table
[2021.05.15-15.41.09:786][ 43]LogVSAccessor: Warning: Couldn't access module table
[2021.05.15-15.41.09:786][ 43]LogVSAccessor: Warning: Couldn't access module table
[2021.05.15-15.41.09:786][ 43]LogVSAccessor: Warning: Couldn't access module table
[2021.05.15-15.41.09:786][ 43]LogVSAccessor: Warning: Couldn't access module table
[2021.05.15-15.41.09:786][ 43]LogVSAccessor: Warning: Couldn't access module table
[2021.05.15-15.41.09:786][ 43]LogVSAccessor: Warning: Couldn't access module table
[2021.05.15-15.41.09:786][ 43]LogVSAccessor: Warning: Couldn't access module table
[2021.05.15-15.41.09:786][ 43]LogVSAccessor: Warning: Couldn't access module table
[2021.05.15-15.41.09:786][ 43]LogVSAccessor: Warning: Couldn't access module table
[2021.05.15-15.41.09:786][ 43]LogVSAccessor: Warning: Couldn't access module table
[2021.05.15-15.41.09:786][ 43]LogVSAccessor: Warning: Couldn't access module table
[2021.05.15-15.41.09:786][ 43]LogVSAccessor: Warning: Couldn't access module table
[2021.05.15-15.41.09:786][ 43]LogVSAccessor: Warning: Couldn't access module table
[2021.05.15-15.41.09:787][ 43]LogVSAccessor: Warning: Couldn't access module table
[2021.05.15-15.41.09:787][ 43]LogVSAccessor: Warning: Couldn't access module table
[2021.05.15-15.41.09:787][ 43]LogVSAccessor: Warning: Couldn't access module table
[2021.05.15-15.41.09:787][ 43]LogVSAccessor: Warning: Couldn't access module table
[2021.05.15-15.41.09:787][ 43]LogVSAccessor: Warning: Couldn't access module table
[2021.05.15-15.41.09:787][ 43]LogVSAccessor: Warning: Couldn't access module table
[2021.05.15-15.41.09:787][ 43]LogVSAccessor: Warning: Couldn't access module table
[2021.05.15-15.41.09:787][ 43]LogVSAccessor: Warning: Couldn't access module table
[2021.05.15-15.41.09:787][ 43]LogVSAccessor: Warning: Couldn't access module table
[2021.05.15-15.41.09:787][ 43]LogVSAccessor: Warning: Couldn't access module table
[2021.05.15-15.41.09:787][ 43]LogVSAccessor: Warning: Couldn't access module table
[2021.05.15-15.41.09:787][ 43]LogVSAccessor: Warning: Couldn't access module table
[2021.05.15-15.41.09:788][ 43]LogVSAccessor: Warning: Couldn't access module table
[2021.05.15-15.41.09:788][ 43]LogVSAccessor: Warning: Couldn't access module table
[2021.05.15-15.41.09:788][ 43]LogVSAccessor: Warning: Couldn't access module table
[2021.05.15-15.41.09:788][ 43]LogVSAccessor: Warning: Couldn't access module table
[2021.05.15-15.41.09:788][ 43]LogVSAccessor: Warning: Couldn't access module table
[2021.05.15-15.41.09:788][ 43]LogVSAccessor: Warning: Couldn't access module table
[2021.05.15-15.41.09:788][ 43]LogVSAccessor: Warning: Couldn't access module table
[2021.05.15-15.41.09:788][ 43]LogVSAccessor: Warning: Couldn't access module table
[2021.05.15-15.41.09:788][ 43]LogVSAccessor: Warning: Couldn't access module table
[2021.05.15-15.41.09:788][ 43]LogVSAccessor: Warning: Couldn't access module table
[2021.05.15-15.41.09:789][ 43]LogVSAccessor: Warning: Couldn't access module table
[2021.05.15-15.41.09:789][ 43]LogVSAccessor: Warning: Couldn't access module table
[2021.05.15-15.41.09:799][ 43]LogVSAccessor: Warning: Couldn't access module table
[2021.05.15-15.41.09:799][ 43]LogVSAccessor: Warning: Couldn't access module table
[2021.05.15-15.41.09:799][ 43]LogVSAccessor: Warning: Couldn't access module table
[2021.05.15-15.41.09:799][ 43]LogVSAccessor: Warning: Couldn't access module table
[2021.05.15-15.41.09:806][ 43]LogVSAccessor: Warning: Couldn't access module table
[2021.05.15-15.41.09:808][ 43]LogVSAccessor: Warning: Couldn't access module table
[2021.05.15-15.41.09:808][ 43]LogVSAccessor: Warning: Couldn't access module table
[2021.05.15-15.41.09:853][ 43]LogVSAccessor: Warning: Couldn't access module table
[2021.05.15-15.41.09:855][ 43]LogVSAccessor: Warning: Couldn't access module table
[2021.05.15-15.41.09:864][ 43]LogVSAccessor: Warning: Couldn't access module table
[2021.05.15-15.41.09:864][ 43]LogVSAccessor: Warning: Couldn't access module table
[2021.05.15-15.41.09:866][ 43]LogVSAccessor: Warning: Couldn't access module table
[2021.05.15-15.41.09:884][ 43]LogVSAccessor: Warning: Couldn't access module table
[2021.05.15-15.41.09:888][ 43]LogVSAccessor: Warning: Couldn't access module table
[2021.05.15-15.41.09:888][ 43]LogVSAccessor: Warning: Couldn't access module table
[2021.05.15-15.41.09:888][ 43]LogVSAccessor: Warning: Couldn't access module table
[2021.05.15-15.41.09:931][ 43]LogVSAccessor: Warning: Couldn't access module table
[2021.05.15-15.41.10:014][ 43]LogVSAccessor: Warning: Couldn't access module table
[2021.05.15-15.41.10:015][ 43]LogVSAccessor: Warning: Couldn't access module table
[2021.05.15-15.41.10:038][ 43]LogVSAccessor: Warning: Couldn't access module table
[2021.05.15-15.41.10:052][ 43]LogVSAccessor: Warning: Couldn't access module table
[2021.05.15-15.41.10:111][ 43]LogSlate: Window 'Add C++ Class' being destroyed
[2021.05.15-15.41.10:122][ 43]LogHotReload: New module detected: UE4Editor-GameMathematics-2721.dll
[2021.05.15-15.41.10:476][ 44]LogHotReload: Starting Hot-Reload from IDE
[2021.05.15-15.41.10:559][ 44]LogContentBrowser: Native class hierarchy updated for 'GameMathematics' in 0.0009 seconds. Added 2 classes and 3 folders.
[2021.05.15-15.41.10:561][ 44]Display: HotReload successful (0 functions remapped  0 scriptstructs remapped)
[2021.05.15-15.41.10:579][ 44]LogContentBrowser: Native class hierarchy populated in 0.0122 seconds. Added 3429 classes and 824 folders.
[2021.05.15-15.41.10:587][ 44]Display: HotReload took  0.1s.
[2021.05.15-15.46.07:485][931]LogHotReload: New module detected: UE4Editor-GameMathematics-0002.dll
[2021.05.15-15.46.08:508][935]LogHotReload: Starting Hot-Reload from IDE
[2021.05.15-15.46.08:544][935]LogClass: Could not find existing class ShipPawn in package /Script/GameMathematics for HotReload, assuming new class
[2021.05.15-15.46.08:548][935]LogHotReload: Re-instancing ShipPawn after hot-reload.
[2021.05.15-15.46.08:677][935]LogContentBrowser: Native class hierarchy updated for 'GameMathematics' in 0.0005 seconds. Added 2 classes and 3 folders.
[2021.05.15-15.46.08:679][935]Display: HotReload successful (0 functions remapped  0 scriptstructs remapped)
[2021.05.15-15.46.08:731][935]LogContentBrowser: Native class hierarchy populated in 0.0103 seconds. Added 3429 classes and 824 folders.
[2021.05.15-15.46.08:735][935]Display: HotReload took  0.2s.
[2021.05.15-15.47.49:378][271]LogHotReload: New module detected: UE4Editor-GameMathematics-0003.dll
[2021.05.15-15.47.50:394][275]LogHotReload: Starting Hot-Reload from IDE
[2021.05.15-15.47.50:442][275]LogHotReload: Re-instancing ShipPawn after hot-reload.
[2021.05.15-15.47.50:528][275]LogContentBrowser: Native class hierarchy updated for 'GameMathematics' in 0.0007 seconds. Added 2 classes and 3 folders.
[2021.05.15-15.47.50:530][275]Display: HotReload successful (0 functions remapped  0 scriptstructs remapped)
[2021.05.15-15.47.50:576][275]LogContentBrowser: Native class hierarchy populated in 0.0107 seconds. Added 3429 classes and 824 folders.
[2021.05.15-15.47.50:581][275]Display: HotReload took  0.2s.
[2021.05.15-15.48.49:758][451]LogHotReload: New module detected: UE4Editor-GameMathematics-0004.dll
[2021.05.15-15.48.50:774][455]LogHotReload: Starting Hot-Reload from IDE
[2021.05.15-15.48.50:829][455]LogContentBrowser: Native class hierarchy updated for 'GameMathematics' in 0.0007 seconds. Added 2 classes and 3 folders.
[2021.05.15-15.48.50:831][455]Display: HotReload successful (0 functions remapped  0 scriptstructs remapped)
[2021.05.15-15.48.50:872][455]LogContentBrowser: Native class hierarchy populated in 0.0094 seconds. Added 3429 classes and 824 folders.
[2021.05.15-15.48.50:878][455]Display: HotReload took  0.1s.
[2021.05.15-15.49.40:395][602]LogHotReload: New module detected: UE4Editor-GameMathematics-0005.dll
[2021.05.15-15.49.41:414][606]LogHotReload: Starting Hot-Reload from IDE
[2021.05.15-15.49.41:454][606]LogHotReload: Re-instancing ShipPawn after hot-reload.
[2021.05.15-15.49.41:457][606]LogContentBrowser: Native class hierarchy updated for 'GameMathematics' in 0.0004 seconds. Added 2 classes and 3 folders.
[2021.05.15-15.49.41:459][606]Display: HotReload successful (0 functions remapped  0 scriptstructs remapped)
[2021.05.15-15.49.41:502][606]LogContentBrowser: Native class hierarchy populated in 0.0101 seconds. Added 3429 classes and 824 folders.
[2021.05.15-15.49.41:505][606]Display: HotReload took  0.1s.
[2021.05.15-15.50.14:327][ 18]LogSlate: WidgetSwitcher ('None') active index changed to -1
[2021.05.15-15.50.14:327][ 18]LogSlate: WidgetSwitcher ('None') active index changed to 1
[2021.05.15-15.50.20:416][371]LogAssetEditorSubsystem: Opening Asset editor for Blueprint /Game/Blueprints/BP_ShipPawn.BP_ShipPawn
[2021.05.15-15.50.21:644][371]LogContentBrowser: Native class hierarchy updated for 'BlueprintGraph' in 0.0008 seconds. Added 125 classes and 0 folders.
[2021.05.15-15.50.24:067][371]LogSlate: Window 'Add Blueprint Class' being destroyed
[2021.05.15-15.50.24:353][371]LogRenderer: Reallocating scene render targets to support 964x536 Format 10 NumSamples 1 (Frame:1).
[2021.05.15-15.50.25:858][451]LogSlate: Took 0.017304 seconds to synchronously load lazily loaded font '../../../Engine/Content/Slate/Fonts/Roboto-Italic.ttf' (157K)
[2021.05.15-15.50.42:607][364]BlueprintLog: New page: Compile BP_ShipPawn
[2021.05.15-15.50.42:727][364]LogUObjectHash: Compacting FUObjectHashTables data took   1.76ms
[2021.05.15-15.50.42:874][364]LogSlate: Took 0.030158 seconds to synchronously load lazily loaded font '../../../Engine/Content/Slate/Fonts/DroidSansMono.ttf' (77K)
[2021.05.15-15.50.43:715][401]Cmd: OBJ SAVEPACKAGE PACKAGE="/Game/Blueprints/BP_ShipPawn" FILE="../../../../../../../UnrealProjects/OwnProjects/UE4GameMathematics/GameMathematics/Content/Blueprints/BP_ShipPawn.uasset" SILENT=true
[2021.05.15-15.50.43:887][401]LogSavePackage: Moving '../../../../../../../UnrealProjects/OwnProjects/UE4GameMathematics/GameMathematics/Saved/BP_ShipPawn453E3C324CDBB8DE8492259994BE97DC.tmp' to '../../../../../../../UnrealProjects/OwnProjects/UE4GameMathematics/GameMathematics/Content/Blueprints/BP_ShipPawn.uasset'
[2021.05.15-15.50.44:016][401]AssetCheck: New page: Asset Save: BP_ShipPawn
[2021.05.15-15.50.44:016][401]LogContentValidation: Display: Validating Blueprint /Game/Blueprints/BP_ShipPawn.BP_ShipPawn
[2021.05.15-15.50.46:107][513]LogSlate: Window 'BP_ShipPawn' being destroyed
[2021.05.15-15.51.17:945][ 73]LogEditorTransaction: Undo Modify Component Scale
[2021.05.15-15.51.20:250][188]BlueprintLog: New page: Compile BP_ShipPawn
[2021.05.15-15.51.20:293][188]LogUObjectHash: Compacting FUObjectHashTables data took   1.87ms
[2021.05.15-15.51.20:800][216]Cmd: OBJ SAVEPACKAGE PACKAGE="/Game/Blueprints/BP_ShipPawn" FILE="../../../../../../../UnrealProjects/OwnProjects/UE4GameMathematics/GameMathematics/Content/Blueprints/BP_ShipPawn.uasset" SILENT=true
[2021.05.15-15.51.20:811][216]LogSavePackage: Moving '../../../../../../../UnrealProjects/OwnProjects/UE4GameMathematics/GameMathematics/Saved/BP_ShipPawn21A2E4D64794A4706180C19B3B472107.tmp' to '../../../../../../../UnrealProjects/OwnProjects/UE4GameMathematics/GameMathematics/Content/Blueprints/BP_ShipPawn.uasset'
[2021.05.15-15.51.20:823][216]AssetCheck: New page: Asset Save: BP_ShipPawn
[2021.05.15-15.51.20:823][216]LogContentValidation: Display: Validating Blueprint /Game/Blueprints/BP_ShipPawn.BP_ShipPawn
[2021.05.15-15.51.27:128][572]LogEditorViewport: Clicking on Actor (LMB): StaticMeshActor (Floor)
[2021.05.15-15.51.28:113][629]LogEditorViewport: Clicking on Actor (LMB): BP_ShipPawn_C (BP_ShipPawn)
[2021.05.15-15.51.41:336][417]Cmd: CAMERA ALIGN ACTIVEVIEWPORTONLY
[2021.05.15-15.51.55:343][254]LogEditorViewport: Clicking on Actor (LMB): StaticMeshActor (Floor)
[2021.05.15-15.51.56:740][336]LogEditorViewport: Clicking on Actor (LMB): BP_ShipPawn_C (BP_ShipPawn)
[2021.05.15-15.52.04:789][816]LogEditorViewport: Clicking on Actor (LMB): BP_ShipPawn_C (BP_ShipPawn)
[2021.05.15-15.52.06:032][890]LogEditorBookmarks: Warning: FBookmarkTypeToolsImpl::JumpToBookmark - Null Bookmark at index 2
[2021.05.15-15.52.25:007][740]LogEditorViewport: Clicking on Actor (LMB): BP_ShipPawn_C (BP_ShipPawn)
[2021.05.15-15.52.26:176][809]LogEditorViewport: Clicking on Actor (LMB): BP_ShipPawn_C (BP_ShipPawn)
[2021.05.15-15.52.39:319][595]LogEditorViewport: Clicking on Actor (LMB): BP_Sky_Sphere_C (Sky Sphere)
[2021.05.15-15.52.40:129][635]LogEditorViewport: Clicking on Actor (LMB): BP_ShipPawn_C (BP_ShipPawn)
[2021.05.15-15.52.45:918][859]LogUObjectHash: Compacting FUObjectHashTables data took   1.96ms
[2021.05.15-15.52.46:931][859]LogSlate: Window 'Save Content' being destroyed
[2021.05.15-15.53.38:554][859]LogSlate: Window 'Save Level As' being destroyed
[2021.05.15-15.53.38:617][859]LogUObjectHash: Compacting FUObjectHashTables data took   0.49ms
[2021.05.15-15.53.38:634][859]LogSavePackage: Moving '../../../../../../../UnrealProjects/OwnProjects/UE4GameMathematics/GameMathematics/Saved/2DMathematics45B2FEC242A3C86A00305F900C4BADAC.tmp' to '../../../../../../../UnrealProjects/OwnProjects/UE4GameMathematics/GameMathematics/Content/Levels/2DMathematics.umap'
[2021.05.15-15.53.38:788][859]LogFileHelpers: Saving map '2DMathematics' took 0.218
[2021.05.15-15.53.38:922][859]LogSavePackage: Moving '../../../../../../../UnrealProjects/OwnProjects/UE4GameMathematics/GameMathematics/Saved/2DMathematics_BuiltData1B06C70D4C3A09440E3629810A5E9FE2.tmp' to '../../../../../../../UnrealProjects/OwnProjects/UE4GameMathematics/GameMathematics/Content/Levels/2DMathematics_BuiltData.uasset'
[2021.05.15-15.53.38:945][859]AssetCheck: New page: Asset Save: multiple assets
[2021.05.15-15.53.38:945][859]LogContentValidation: Display: Validating World /Game/Levels/2DMathematics.2DMathematics
[2021.05.15-15.53.38:945][859]LogContentValidation: Display: Validating MapBuildDataRegistry /Game/Levels/2DMathematics_BuiltData.2DMathematics_BuiltData
[2021.05.15-15.53.48:794][447]LogEditorViewport: Clicking on Actor (LMB): StaticMeshActor (Floor)
[2021.05.15-15.53.49:536][489]LogEditorViewport: Clicking on Actor (LMB): StaticMeshActor (Floor)
[2021.05.15-15.54.25:426][626]LogEditorViewport: Clicking on Actor (LMB): StaticMeshActor (Floor)
[2021.05.15-15.54.26:099][666]LogEditorViewport: Clicking on Actor (LMB): BP_ShipPawn_C (BP_ShipPawn)
[2021.05.15-15.54.27:919][773]LogEditorViewport: Clicking on Actor (LMB): StaticMeshActor (Floor)
[2021.05.15-15.54.40:812][542]LogEditorViewport: Clicking on Actor (LMB): BP_ShipPawn_C (BP_ShipPawn)
[2021.05.15-15.54.46:556][877]LogUObjectHash: Compacting FUObjectHashTables data took   1.76ms
[2021.05.15-15.54.47:617][877]LogSlate: Window 'Save Content' being destroyed
[2021.05.15-15.54.47:672][877]LogUObjectHash: Compacting FUObjectHashTables data took   0.57ms
[2021.05.15-15.54.47:686][877]LogSavePackage: Moving '../../../../../../../UnrealProjects/OwnProjects/UE4GameMathematics/GameMathematics/Saved/2DMathematics5BF6D4034DF1FB9F789C3A8A2F2B9369.tmp' to '../../../../../../../UnrealProjects/OwnProjects/UE4GameMathematics/GameMathematics/Content/Levels/2DMathematics.umap'
[2021.05.15-15.54.47:694][877]LogFileHelpers: Saving map '2DMathematics' took 0.041
[2021.05.15-15.54.47:702][877]LogSavePackage: Moving '../../../../../../../UnrealProjects/OwnProjects/UE4GameMathematics/GameMathematics/Saved/2DMathematics_BuiltData6510D17A45E2C1A703E56DA71DE80D06.tmp' to '../../../../../../../UnrealProjects/OwnProjects/UE4GameMathematics/GameMathematics/Content/Levels/2DMathematics_BuiltData.uasset'
[2021.05.15-15.54.47:723][877]AssetCheck: New page: Asset Save: multiple assets
[2021.05.15-15.54.47:723][877]LogContentValidation: Display: Validating World /Game/Levels/2DMathematics.2DMathematics
[2021.05.15-15.54.47:723][877]LogContentValidation: Display: Validating MapBuildDataRegistry /Game/Levels/2DMathematics_BuiltData.2DMathematics_BuiltData
[2021.05.15-15.56.10:745][651]LogUObjectHash: Compacting FUObjectHashTables data took   0.66ms
