Log file open, 05/15/21 14:29:04
LogInit: Display: Running engine for game: GameMathematics
LogPlatformFile: Not using cached read wrapper
LogTaskGraph: Started task graph with 5 named threads and 23 total threads with 3 sets of task threads.
LogStats: Stats thread started at 0.311889
LogD3D11RHI: Loaded GFSDK_Aftermath_Lib.x64.dll
LogICUInternationalization: ICU TimeZone Detection - Raw Offset: -6:00, Platform Override: ''
LogPluginManager: Mounting plugin Paper2D
LogPluginManager: Mounting plugin AISupport
LogPluginManager: Mounting plugin LightPropagationVolume
LogPluginManager: Mounting plugin CameraShakePreviewer
LogPluginManager: Mounting plugin ActorLayerUtilities
LogPluginManager: Mounting plugin AnimationSharing
LogPluginManager: Mounting plugin CLionSourceCodeAccess
LogPluginManager: Mounting plugin CodeLiteSourceCodeAccess
LogPluginManager: Mounting plugin GitSourceControl
LogPluginManager: Mounting plugin KDevelopSourceCodeAccess
LogPluginManager: Mounting plugin NullSourceCodeAccess
LogPluginManager: Mounting plugin PerforceSourceControl
LogPluginManager: Mounting plugin PlasticSourceControl
LogPluginManager: Mounting plugin RiderSourceCodeAccess
LogPluginManager: Mounting plugin SubversionSourceControl
LogPluginManager: Mounting plugin UObjectPlugin
LogPluginManager: Mounting plugin VisualStudioCodeSourceCodeAccess
LogPluginManager: Mounting plugin VisualStudioSourceCodeAccess
LogPluginManager: Mounting plugin XCodeSourceCodeAccess
LogPluginManager: Mounting plugin AssetManagerEditor
LogPluginManager: Mounting plugin CryptoKeys
LogPluginManager: Mounting plugin CurveEditorTools
LogPluginManager: Mounting plugin DataValidation
LogPluginManager: Mounting plugin EditorScriptingUtilities
LogPluginManager: Mounting plugin FacialAnimation
LogPluginManager: Mounting plugin GameplayTagsEditor
LogPluginManager: Mounting plugin GeometryMode
LogPluginManager: Mounting plugin MacGraphicsSwitching
LogPluginManager: Mounting plugin MaterialAnalyzer
LogPluginManager: Mounting plugin MobileLauncherProfileWizard
LogPluginManager: Mounting plugin PluginBrowser
LogPluginManager: Mounting plugin SpeedTreeImporter
LogPluginManager: Mounting plugin DatasmithContent
LogPluginManager: Mounting plugin VariantManagerContent
LogPluginManager: Mounting plugin AlembicImporter
LogPluginManager: Mounting plugin AutomationUtils
LogPluginManager: Mounting plugin BackChannel
LogPluginManager: Mounting plugin ChaosCloth
LogPluginManager: Mounting plugin ChaosClothEditor
LogPluginManager: Mounting plugin ChaosEditor
LogPluginManager: Mounting plugin ChaosNiagara
LogPluginManager: Mounting plugin ChaosSolverPlugin
LogPluginManager: Mounting plugin CharacterAI
LogPluginManager: Mounting plugin GeometryCache
LogPluginManager: Mounting plugin GeometryCollectionPlugin
LogPluginManager: Mounting plugin GeometryProcessing
LogPluginManager: Mounting plugin PlanarCut
LogPluginManager: Mounting plugin PlatformCrypto
LogPluginManager: Mounting plugin ProxyLODPlugin
LogPluginManager: Mounting plugin SkeletalReduction
LogPluginManager: Mounting plugin Niagara
LogPluginManager: Mounting plugin MagicLeap
LogPluginManager: Mounting plugin MagicLeapLightEstimation
LogPluginManager: Mounting plugin MagicLeapMedia
LogPluginManager: Mounting plugin MagicLeapPassableWorld
LogPluginManager: Mounting plugin MLSDK
LogPluginManager: Mounting plugin AndroidMedia
LogPluginManager: Mounting plugin AvfMedia
LogPluginManager: Mounting plugin ImgMedia
LogPluginManager: Mounting plugin MediaCompositing
LogPluginManager: Mounting plugin MediaPlayerEditor
LogPluginManager: Mounting plugin WebMMedia
LogPluginManager: Mounting plugin WmfMedia
LogPluginManager: Mounting plugin MeshPainting
LogPluginManager: Mounting plugin TcpMessaging
LogPluginManager: Mounting plugin UdpMessaging
LogPluginManager: Mounting plugin ActorSequence
LogPluginManager: Mounting plugin LevelSequenceEditor
LogPluginManager: Mounting plugin MatineeToLevelSequence
LogPluginManager: Mounting plugin MovieRenderPipeline
LogPluginManager: Mounting plugin TemplateSequence
LogPluginManager: Mounting plugin NetcodeUnitTest
LogPluginManager: Mounting plugin NUTUnrealEngine4
LogPluginManager: Mounting plugin OnlineSubsystemGooglePlay
LogPluginManager: Mounting plugin OnlineSubsystemIOS
LogPluginManager: Mounting plugin OnlineSubsystem
LogPluginManager: Mounting plugin OnlineSubsystemNull
LogPluginManager: Mounting plugin OnlineSubsystemUtils
LogPluginManager: Mounting plugin LauncherChunkInstaller
LogPluginManager: Mounting plugin AndroidDeviceProfileSelector
LogPluginManager: Mounting plugin AndroidMoviePlayer
LogPluginManager: Mounting plugin AndroidPermission
LogPluginManager: Mounting plugin AppleImageUtils
LogPluginManager: Mounting plugin AppleMoviePlayer
LogPluginManager: Mounting plugin ArchVisCharacter
LogPluginManager: Mounting plugin AssetTags
LogPluginManager: Mounting plugin AudioCapture
LogPluginManager: Mounting plugin CableComponent
LogPluginManager: Mounting plugin CustomMeshComponent
LogPluginManager: Mounting plugin EditableMesh
LogPluginManager: Mounting plugin ExampleDeviceProfileSelector
LogPluginManager: Mounting plugin GoogleCloudMessaging
LogPluginManager: Mounting plugin GooglePAD
LogPluginManager: Mounting plugin IOSDeviceProfileSelector
LogPluginManager: Mounting plugin LinuxDeviceProfileSelector
LogPluginManager: Mounting plugin LocationServicesBPLibrary
LogPluginManager: Mounting plugin MobilePatchingUtils
LogPluginManager: Mounting plugin OculusVR
LogPluginManager: Mounting plugin PhysXVehicles
LogPluginManager: Mounting plugin PostSplashScreen
LogPluginManager: Mounting plugin ProceduralMeshComponent
LogPluginManager: Mounting plugin RuntimePhysXCooking
LogPluginManager: Mounting plugin SignificanceManager
LogPluginManager: Mounting plugin SoundFields
LogPluginManager: Mounting plugin SteamVR
LogPluginManager: Mounting plugin Synthesis
LogPluginManager: Mounting plugin WebMMoviePlayer
LogPluginManager: Mounting plugin WindowsMoviePlayer
LogPluginManager: Mounting plugin ScreenshotTools
LogInit: Using libcurl 7.55.1-DEV
LogInit:  - built for x86_64-pc-win32
LogInit:  - supports SSL with OpenSSL/1.1.1
LogInit:  - supports HTTP deflate (compression) using libz 1.2.8
LogInit:  - other features:
LogInit:      CURL_VERSION_SSL
LogInit:      CURL_VERSION_LIBZ
LogInit:      CURL_VERSION_IPV6
LogInit:      CURL_VERSION_ASYNCHDNS
LogInit:      CURL_VERSION_LARGEFILE
LogInit:      CURL_VERSION_IDN
LogInit:  CurlRequestOptions (configurable via config and command line):
LogInit:  - bVerifyPeer = true  - Libcurl will verify peer certificate
LogInit:  - bUseHttpProxy = false  - Libcurl will NOT use HTTP proxy
LogInit:  - bDontReuseConnections = false  - Libcurl will reuse connections
LogInit:  - MaxHostConnections = 16  - Libcurl will limit the number of connections to a host
LogInit:  - LocalHostAddr = Default
LogInit:  - BufferSize = 65536
LogOnline: OSS: Creating online subsystem instance for: NULL
LogInit: WinSock: version 1.1 (2.2), MaxSocks=32767, MaxUdp=65467
LogOnline: OSS: TryLoadSubsystemAndSetDefault: Loaded subsystem for module [NULL]
LogInit: Build: ++UE4+Release-4.25-CL-14469661
LogInit: Engine Version: 4.25.4-14469661+++UE4+Release-4.25
LogInit: Compatible Engine Version: 4.25.0-13144385+++UE4+Release-4.25
LogInit: Net CL: 13144385
LogInit: OS: Windows 10 (Release 2009) (), CPU: Intel(R) Core(TM) i7-7700HQ CPU @ 2.80GHz, GPU: Intel(R) HD Graphics 630
LogInit: Compiled (64-bit): Oct 11 2020 08:10:49
LogInit: Compiled with Visual C++: 19.24.28315.00
LogInit: Build Configuration: Development
LogInit: Branch Name: ++UE4+Release-4.25
LogInit: Command Line:  -skipcompile
LogInit: Base Directory: D:/Program Files/Epic Games/UE_4.25/UE_4.25/Engine/Binaries/Win64/
LogInit: Allocator: TBB
LogInit: Installed Engine Build: 1
LogDevObjectVersion: Number of dev versions registered: 26
LogDevObjectVersion:   Dev-Blueprints (B0D832E4-1F89-4F0D-ACCF-7EB736FD4AA2): 10
LogDevObjectVersion:   Dev-Build (E1C64328-A22C-4D53-A36C-8E866417BD8C): 0
LogDevObjectVersion:   Dev-Core (375EC13C-06E4-48FB-B500-84F0262A717E): 4
LogDevObjectVersion:   Dev-Editor (E4B068ED-F494-42E9-A231-DA0B2E46BB41): 38
LogDevObjectVersion:   Dev-Framework (CFFC743F-43B0-4480-9391-14DF171D2073): 37
LogDevObjectVersion:   Dev-Mobile (B02B49B5-BB20-44E9-A304-32B752E40360): 2
LogDevObjectVersion:   Dev-Networking (A4E4105C-59A1-49B5-A7C5-40C4547EDFEE): 0
LogDevObjectVersion:   Dev-Online (39C831C9-5AE6-47DC-9A44-9C173E1C8E7C): 0
LogDevObjectVersion:   Dev-Physics (78F01B33-EBEA-4F98-B9B4-84EACCB95AA2): 4
LogDevObjectVersion:   Dev-Platform (6631380F-2D4D-43E0-8009-CF276956A95A): 0
LogDevObjectVersion:   Dev-Rendering (12F88B9F-8875-4AFC-A67C-D90C383ABD29): 43
LogDevObjectVersion:   Dev-Sequencer (7B5AE74C-D270-4C10-A958-57980B212A5A): 12
LogDevObjectVersion:   Dev-VR (D7296918-1DD6-4BDD-9DE2-64A83CC13884): 3
LogDevObjectVersion:   Dev-LoadTimes (C2A15278-BFE7-4AFE-6C17-90FF531DF755): 1
LogDevObjectVersion:   Private-Geometry (6EACA3D4-40EC-4CC1-B786-8BED09428FC5): 3
LogDevObjectVersion:   Dev-AnimPhys (29E575DD-E0A3-4627-9D10-D276232CDCEA): 17
LogDevObjectVersion:   Dev-Anim (AF43A65D-7FD3-4947-9873-3E8ED9C1BB05): 7
LogDevObjectVersion:   Dev-ReflectionCapture (6B266CEC-1EC7-4B8F-A30B-E4D90942FC07): 1
LogDevObjectVersion:   Dev-Automation (0DF73D61-A23F-47EA-B727-89E90C41499A): 1
LogDevObjectVersion:   FortniteMain (601D1886-AC64-4F84-AA16-D3DE0DEAC7D6): 31
LogDevObjectVersion:   Dev-Enterprise (9DFFBCD6-494F-0158-E221-12823C92A888): 10
LogDevObjectVersion:   Dev-Niagara (F2AED0AC-9AFE-416F-8664-AA7FFA26D6FC): 1
LogDevObjectVersion:   Dev-Destruction (174F1F0B-B4C6-45A5-B13F-2EE8D0FB917D): 10
LogDevObjectVersion:   Dev-Physics-Ext (35F94A83-E258-406C-A318-09F59610247C): 37
LogDevObjectVersion:   Dev-PhysicsMaterial-Chaos (B68FC16E-8B1B-42E2-B453-215C058844FE): 1
LogDevObjectVersion:   Dev-CineCamera (B2E18506-4273-CFC2-A54E-F4BB758BBA07): 1
LogInit: Presizing for max 25165824 objects, including 0 objects not considered by GC, pre-allocating 0 bytes for permanent pool.
LogConfig: Applying CVar settings from Section [/Script/Engine.StreamingSettings] File [D:/UnrealProjects/OwnProjects/UE4GameMathematics/GameMathematics/Saved/Config/Windows/Engine.ini]
LogConfig: Setting CVar [[s.MinBulkDataSizeForAsyncLoading:131072]]
LogConfig: Setting CVar [[s.AsyncLoadingThreadEnabled:0]]
LogConfig: Setting CVar [[s.EventDrivenLoaderEnabled:1]]
LogConfig: Setting CVar [[s.WarnIfTimeLimitExceeded:0]]
LogConfig: Setting CVar [[s.TimeLimitExceededMultiplier:1.5]]
LogConfig: Setting CVar [[s.TimeLimitExceededMinTime:0.005]]
LogConfig: Setting CVar [[s.UseBackgroundLevelStreaming:1]]
LogConfig: Setting CVar [[s.PriorityAsyncLoadingExtraTime:15.0]]
LogConfig: Setting CVar [[s.LevelStreamingActorsUpdateTimeLimit:5.0]]
LogConfig: Setting CVar [[s.PriorityLevelStreamingActorsUpdateExtraTime:5.0]]
LogConfig: Setting CVar [[s.LevelStreamingComponentsRegistrationGranularity:10]]
LogConfig: Setting CVar [[s.UnregisterComponentsTimeLimit:1.0]]
LogConfig: Setting CVar [[s.LevelStreamingComponentsUnregistrationGranularity:5]]
LogConfig: Setting CVar [[s.FlushStreamingOnExit:1]]
LogInit: Object subsystem initialized
LogConfig: Setting CVar [[con.DebugEarlyDefault:1]]
LogConfig: Setting CVar [[r.setres:1280x720]]
[2021.05.15-19.29.05:054][  0]LogConfig: Setting CVar [[r.VSync:0]]
[2021.05.15-19.29.05:055][  0]LogConfig: Setting CVar [[r.RHICmdBypass:0]]
[2021.05.15-19.29.05:055][  0]LogConfig: Applying CVar settings from Section [/Script/Engine.RendererSettings] File [D:/UnrealProjects/OwnProjects/UE4GameMathematics/GameMathematics/Saved/Config/Windows/Engine.ini]
[2021.05.15-19.29.05:055][  0]LogConfig: Setting CVar [[r.GPUCrashDebugging:0]]
[2021.05.15-19.29.05:055][  0]LogConfig: Applying CVar settings from Section [/Script/Engine.RendererOverrideSettings] File [D:/UnrealProjects/OwnProjects/UE4GameMathematics/GameMathematics/Saved/Config/Windows/Engine.ini]
[2021.05.15-19.29.05:055][  0]LogConfig: Applying CVar settings from Section [/Script/Engine.StreamingSettings] File [D:/UnrealProjects/OwnProjects/UE4GameMathematics/GameMathematics/Saved/Config/Windows/Engine.ini]
[2021.05.15-19.29.05:055][  0]LogConfig: Setting CVar [[s.MinBulkDataSizeForAsyncLoading:131072]]
[2021.05.15-19.29.05:055][  0]LogConfig: Setting CVar [[s.AsyncLoadingThreadEnabled:0]]
[2021.05.15-19.29.05:055][  0]LogConfig: Setting CVar [[s.EventDrivenLoaderEnabled:1]]
[2021.05.15-19.29.05:056][  0]LogConfig: Setting CVar [[s.WarnIfTimeLimitExceeded:0]]
[2021.05.15-19.29.05:056][  0]LogConfig: Setting CVar [[s.TimeLimitExceededMultiplier:1.5]]
[2021.05.15-19.29.05:056][  0]LogConfig: Setting CVar [[s.TimeLimitExceededMinTime:0.005]]
[2021.05.15-19.29.05:056][  0]LogConfig: Setting CVar [[s.UseBackgroundLevelStreaming:1]]
[2021.05.15-19.29.05:056][  0]LogConfig: Setting CVar [[s.PriorityAsyncLoadingExtraTime:15.0]]
[2021.05.15-19.29.05:056][  0]LogConfig: Setting CVar [[s.LevelStreamingActorsUpdateTimeLimit:5.0]]
[2021.05.15-19.29.05:056][  0]LogConfig: Setting CVar [[s.PriorityLevelStreamingActorsUpdateExtraTime:5.0]]
[2021.05.15-19.29.05:056][  0]LogConfig: Setting CVar [[s.LevelStreamingComponentsRegistrationGranularity:10]]
[2021.05.15-19.29.05:056][  0]LogConfig: Setting CVar [[s.UnregisterComponentsTimeLimit:1.0]]
[2021.05.15-19.29.05:056][  0]LogConfig: Setting CVar [[s.LevelStreamingComponentsUnregistrationGranularity:5]]
[2021.05.15-19.29.05:056][  0]LogConfig: Setting CVar [[s.FlushStreamingOnExit:1]]
[2021.05.15-19.29.05:056][  0]LogConfig: Applying CVar settings from Section [/Script/Engine.GarbageCollectionSettings] File [D:/UnrealProjects/OwnProjects/UE4GameMathematics/GameMathematics/Saved/Config/Windows/Engine.ini]
[2021.05.15-19.29.05:057][  0]LogConfig: Setting CVar [[gc.MaxObjectsNotConsideredByGC:1]]
[2021.05.15-19.29.05:057][  0]LogConfig: Setting CVar [[gc.SizeOfPermanentObjectPool:0]]
[2021.05.15-19.29.05:057][  0]LogConfig: Setting CVar [[gc.FlushStreamingOnGC:0]]
[2021.05.15-19.29.05:057][  0]LogConfig: Setting CVar [[gc.NumRetriesBeforeForcingGC:10]]
[2021.05.15-19.29.05:057][  0]LogConfig: Setting CVar [[gc.AllowParallelGC:1]]
[2021.05.15-19.29.05:057][  0]LogConfig: Setting CVar [[gc.TimeBetweenPurgingPendingKillObjects:61.1]]
[2021.05.15-19.29.05:057][  0]LogConfig: Setting CVar [[gc.MaxObjectsInEditor:25165824]]
[2021.05.15-19.29.05:057][  0]LogConfig: Setting CVar [[gc.IncrementalBeginDestroyEnabled:1]]
[2021.05.15-19.29.05:057][  0]LogConfig: Setting CVar [[gc.CreateGCClusters:1]]
[2021.05.15-19.29.05:057][  0]LogConfig: Setting CVar [[gc.MinGCClusterSize:5]]
[2021.05.15-19.29.05:058][  0]LogConfig: Setting CVar [[gc.ActorClusteringEnabled:0]]
[2021.05.15-19.29.05:058][  0]LogConfig: Setting CVar [[gc.BlueprintClusteringEnabled:0]]
[2021.05.15-19.29.05:058][  0]LogConfig: Setting CVar [[gc.UseDisregardForGCOnDedicatedServers:0]]
[2021.05.15-19.29.05:058][  0]LogConfig: Applying CVar settings from Section [/Script/Engine.NetworkSettings] File [D:/UnrealProjects/OwnProjects/UE4GameMathematics/GameMathematics/Saved/Config/Windows/Engine.ini]
[2021.05.15-19.29.05:058][  0]LogConfig: Applying CVar settings from Section [/Script/UnrealEd.CookerSettings] File [D:/UnrealProjects/OwnProjects/UE4GameMathematics/GameMathematics/Saved/Config/Windows/Engine.ini]
[2021.05.15-19.29.05:064][  0]LogConfig: Applying CVar settings from Section [ViewDistanceQuality@3] File [D:/UnrealProjects/OwnProjects/UE4GameMathematics/GameMathematics/Saved/Config/Windows/Scalability.ini]
[2021.05.15-19.29.05:064][  0]LogConfig: Setting CVar [[r.SkeletalMeshLODBias:0]]
[2021.05.15-19.29.05:064][  0]LogConfig: Setting CVar [[r.ViewDistanceScale:1.0]]
[2021.05.15-19.29.05:064][  0]LogConfig: Applying CVar settings from Section [AntiAliasingQuality@3] File [D:/UnrealProjects/OwnProjects/UE4GameMathematics/GameMathematics/Saved/Config/Windows/Scalability.ini]
[2021.05.15-19.29.05:064][  0]LogConfig: Setting CVar [[r.PostProcessAAQuality:4]]
[2021.05.15-19.29.05:065][  0]LogConfig: Applying CVar settings from Section [ShadowQuality@3] File [D:/UnrealProjects/OwnProjects/UE4GameMathematics/GameMathematics/Saved/Config/Windows/Scalability.ini]
[2021.05.15-19.29.05:065][  0]LogConfig: Setting CVar [[r.LightFunctionQuality:1]]
[2021.05.15-19.29.05:065][  0]LogConfig: Setting CVar [[r.ShadowQuality:5]]
[2021.05.15-19.29.05:065][  0]LogConfig: Setting CVar [[r.Shadow.CSM.MaxCascades:10]]
[2021.05.15-19.29.05:065][  0]LogConfig: Setting CVar [[r.Shadow.MaxResolution:2048]]
[2021.05.15-19.29.05:065][  0]LogConfig: Setting CVar [[r.Shadow.MaxCSMResolution:2048]]
[2021.05.15-19.29.05:065][  0]LogConfig: Setting CVar [[r.Shadow.RadiusThreshold:0.01]]
[2021.05.15-19.29.05:065][  0]LogConfig: Setting CVar [[r.Shadow.DistanceScale:1.0]]
[2021.05.15-19.29.05:065][  0]LogConfig: Setting CVar [[r.Shadow.CSM.TransitionScale:1.0]]
[2021.05.15-19.29.05:065][  0]LogConfig: Setting CVar [[r.Shadow.PreShadowResolutionFactor:1.0]]
[2021.05.15-19.29.05:065][  0]LogConfig: Setting CVar [[r.DistanceFieldShadowing:1]]
[2021.05.15-19.29.05:065][  0]LogConfig: Setting CVar [[r.DistanceFieldAO:1]]
[2021.05.15-19.29.05:065][  0]LogConfig: Setting CVar [[r.AOQuality:2]]
[2021.05.15-19.29.05:065][  0]LogConfig: Setting CVar [[r.VolumetricFog:1]]
[2021.05.15-19.29.05:066][  0]LogConfig: Setting CVar [[r.VolumetricFog.GridPixelSize:8]]
[2021.05.15-19.29.05:066][  0]LogConfig: Setting CVar [[r.VolumetricFog.GridSizeZ:128]]
[2021.05.15-19.29.05:066][  0]LogConfig: Setting CVar [[r.VolumetricFog.HistoryMissSupersampleCount:4]]
[2021.05.15-19.29.05:066][  0]LogConfig: Setting CVar [[r.LightMaxDrawDistanceScale:1]]
[2021.05.15-19.29.05:066][  0]LogConfig: Setting CVar [[r.CapsuleShadows:1]]
[2021.05.15-19.29.05:066][  0]LogConfig: Applying CVar settings from Section [PostProcessQuality@3] File [D:/UnrealProjects/OwnProjects/UE4GameMathematics/GameMathematics/Saved/Config/Windows/Scalability.ini]
[2021.05.15-19.29.05:066][  0]LogConfig: Setting CVar [[r.MotionBlurQuality:4]]
[2021.05.15-19.29.05:066][  0]LogConfig: Setting CVar [[r.AmbientOcclusionMipLevelFactor:0.4]]
[2021.05.15-19.29.05:066][  0]LogConfig: Setting CVar [[r.AmbientOcclusionMaxQuality:100]]
[2021.05.15-19.29.05:066][  0]LogConfig: Setting CVar [[r.AmbientOcclusionLevels:-1]]
[2021.05.15-19.29.05:066][  0]LogConfig: Setting CVar [[r.AmbientOcclusionRadiusScale:1.0]]
[2021.05.15-19.29.05:066][  0]LogConfig: Setting CVar [[r.DepthOfFieldQuality:2]]
[2021.05.15-19.29.05:066][  0]LogConfig: Setting CVar [[r.RenderTargetPoolMin:400]]
[2021.05.15-19.29.05:066][  0]LogConfig: Setting CVar [[r.LensFlareQuality:2]]
[2021.05.15-19.29.05:067][  0]LogConfig: Setting CVar [[r.SceneColorFringeQuality:1]]
[2021.05.15-19.29.05:067][  0]LogConfig: Setting CVar [[r.EyeAdaptationQuality:2]]
[2021.05.15-19.29.05:067][  0]LogConfig: Setting CVar [[r.BloomQuality:5]]
[2021.05.15-19.29.05:067][  0]LogConfig: Setting CVar [[r.FastBlurThreshold:100]]
[2021.05.15-19.29.05:067][  0]LogConfig: Setting CVar [[r.Upscale.Quality:3]]
[2021.05.15-19.29.05:067][  0]LogConfig: Setting CVar [[r.Tonemapper.GrainQuantization:1]]
[2021.05.15-19.29.05:067][  0]LogConfig: Setting CVar [[r.LightShaftQuality:1]]
[2021.05.15-19.29.05:067][  0]LogConfig: Setting CVar [[r.Filter.SizeScale:1]]
[2021.05.15-19.29.05:067][  0]LogConfig: Setting CVar [[r.Tonemapper.Quality:5]]
[2021.05.15-19.29.05:067][  0]LogConfig: Setting CVar [[r.DOF.Gather.AccumulatorQuality:1        ; higher gathering accumulator quality]]
[2021.05.15-19.29.05:067][  0]LogConfig: Setting CVar [[r.DOF.Gather.PostfilterMethod:1          ; Median3x3 postfilering method]]
[2021.05.15-19.29.05:067][  0]LogConfig: Setting CVar [[r.DOF.Gather.EnableBokehSettings:0       ; no bokeh simulation when gathering]]
[2021.05.15-19.29.05:067][  0]LogConfig: Setting CVar [[r.DOF.Gather.RingCount:4                 ; medium number of samples when gathering]]
[2021.05.15-19.29.05:067][  0]LogConfig: Setting CVar [[r.DOF.Scatter.ForegroundCompositing:1    ; additive foreground scattering]]
[2021.05.15-19.29.05:067][  0]LogConfig: Setting CVar [[r.DOF.Scatter.BackgroundCompositing:2    ; additive background scattering]]
[2021.05.15-19.29.05:067][  0]LogConfig: Setting CVar [[r.DOF.Scatter.EnableBokehSettings:1      ; bokeh simulation when scattering]]
[2021.05.15-19.29.05:067][  0]LogConfig: Setting CVar [[r.DOF.Scatter.MaxSpriteRatio:0.1         ; only a maximum of 10% of scattered bokeh]]
[2021.05.15-19.29.05:067][  0]LogConfig: Setting CVar [[r.DOF.Recombine.Quality:1                ; cheap slight out of focus]]
[2021.05.15-19.29.05:068][  0]LogConfig: Setting CVar [[r.DOF.Recombine.EnableBokehSettings:0    ; no bokeh simulation on slight out of focus]]
[2021.05.15-19.29.05:068][  0]LogConfig: Setting CVar [[r.DOF.TemporalAAQuality:1                ; more stable temporal accumulation]]
[2021.05.15-19.29.05:068][  0]LogConfig: Setting CVar [[r.DOF.Kernel.MaxForegroundRadius:0.025]]
[2021.05.15-19.29.05:068][  0]LogConfig: Setting CVar [[r.DOF.Kernel.MaxBackgroundRadius:0.025]]
[2021.05.15-19.29.05:068][  0]LogConfig: Applying CVar settings from Section [TextureQuality@3] File [D:/UnrealProjects/OwnProjects/UE4GameMathematics/GameMathematics/Saved/Config/Windows/Scalability.ini]
[2021.05.15-19.29.05:068][  0]LogConfig: Setting CVar [[r.Streaming.MipBias:0]]
[2021.05.15-19.29.05:068][  0]LogConfig: Setting CVar [[r.Streaming.AmortizeCPUToGPUCopy:0]]
[2021.05.15-19.29.05:068][  0]LogConfig: Setting CVar [[r.Streaming.MaxNumTexturesToStreamPerFrame:0]]
[2021.05.15-19.29.05:068][  0]LogConfig: Setting CVar [[r.Streaming.Boost:1]]
[2021.05.15-19.29.05:068][  0]LogConfig: Setting CVar [[r.MaxAnisotropy:8]]
[2021.05.15-19.29.05:068][  0]LogConfig: Setting CVar [[r.VT.MaxAnisotropy:8]]
[2021.05.15-19.29.05:068][  0]LogConfig: Setting CVar [[r.Streaming.LimitPoolSizeToVRAM:0]]
[2021.05.15-19.29.05:068][  0]LogConfig: Setting CVar [[r.Streaming.PoolSize:1000]]
[2021.05.15-19.29.05:068][  0]LogConfig: Setting CVar [[r.Streaming.MaxEffectiveScreenSize:0]]
[2021.05.15-19.29.05:069][  0]LogConfig: Applying CVar settings from Section [EffectsQuality@3] File [D:/UnrealProjects/OwnProjects/UE4GameMathematics/GameMathematics/Saved/Config/Windows/Scalability.ini]
[2021.05.15-19.29.05:069][  0]LogConfig: Setting CVar [[r.TranslucencyLightingVolumeDim:64]]
[2021.05.15-19.29.05:069][  0]LogConfig: Setting CVar [[r.RefractionQuality:2]]
[2021.05.15-19.29.05:069][  0]LogConfig: Setting CVar [[r.SSR.Quality:3]]
[2021.05.15-19.29.05:069][  0]LogConfig: Setting CVar [[r.SSR.HalfResSceneColor:0]]
[2021.05.15-19.29.05:069][  0]LogConfig: Setting CVar [[r.SceneColorFormat:4]]
[2021.05.15-19.29.05:069][  0]LogConfig: Setting CVar [[r.DetailMode:2]]
[2021.05.15-19.29.05:069][  0]LogConfig: Setting CVar [[r.TranslucencyVolumeBlur:1]]
[2021.05.15-19.29.05:069][  0]LogConfig: Setting CVar [[r.MaterialQualityLevel:1 ; High quality]]
[2021.05.15-19.29.05:069][  0]LogConfig: Setting CVar [[r.SSS.Scale:1]]
[2021.05.15-19.29.05:069][  0]LogConfig: Setting CVar [[r.SSS.SampleSet:2]]
[2021.05.15-19.29.05:069][  0]LogConfig: Setting CVar [[r.SSS.Quality:1]]
[2021.05.15-19.29.05:069][  0]LogConfig: Setting CVar [[r.SSS.HalfRes:0]]
[2021.05.15-19.29.05:069][  0]LogConfig: Setting CVar [[r.SSGI.Quality:3]]
[2021.05.15-19.29.05:069][  0]LogConfig: Setting CVar [[r.EmitterSpawnRateScale:1.0]]
[2021.05.15-19.29.05:069][  0]LogConfig: Setting CVar [[r.ParticleLightQuality:2]]
[2021.05.15-19.29.05:070][  0]LogConfig: Setting CVar [[r.SkyAtmosphere.AerialPerspectiveLUT.FastApplyOnOpaque:1 ; Always have FastSkyLUT 1 in this case to avoid wrong sky]]
[2021.05.15-19.29.05:070][  0]LogConfig: Setting CVar [[r.SkyAtmosphere.AerialPerspectiveLUT.SampleCountPerSlice:1]]
[2021.05.15-19.29.05:070][  0]LogConfig: Setting CVar [[r.SkyAtmosphere.AerialPerspectiveLUT.DepthResolution:16.0]]
[2021.05.15-19.29.05:070][  0]LogConfig: Setting CVar [[r.SkyAtmosphere.FastSkyLUT:1]]
[2021.05.15-19.29.05:070][  0]LogConfig: Setting CVar [[r.SkyAtmosphere.FastSkyLUT.SampleCountMin:4.0]]
[2021.05.15-19.29.05:070][  0]LogConfig: Setting CVar [[r.SkyAtmosphere.FastSkyLUT.SampleCountMax:32.0]]
[2021.05.15-19.29.05:070][  0]LogConfig: Setting CVar [[r.SkyAtmosphere.SampleCountMin:4.0]]
[2021.05.15-19.29.05:070][  0]LogConfig: Setting CVar [[r.SkyAtmosphere.SampleCountMax:32.0]]
[2021.05.15-19.29.05:070][  0]LogConfig: Setting CVar [[r.SkyAtmosphere.TransmittanceLUT.UseSmallFormat:0]]
[2021.05.15-19.29.05:070][  0]LogConfig: Setting CVar [[r.SkyAtmosphere.TransmittanceLUT.SampleCount:10.0]]
[2021.05.15-19.29.05:070][  0]LogConfig: Setting CVar [[r.SkyAtmosphere.MultiScatteringLUT.SampleCount:15.0]]
[2021.05.15-19.29.05:071][  0]LogConfig: Applying CVar settings from Section [FoliageQuality@3] File [D:/UnrealProjects/OwnProjects/UE4GameMathematics/GameMathematics/Saved/Config/Windows/Scalability.ini]
[2021.05.15-19.29.05:071][  0]LogConfig: Setting CVar [[foliage.DensityScale:1.0]]
[2021.05.15-19.29.05:071][  0]LogConfig: Setting CVar [[grass.DensityScale:1.0]]
[2021.05.15-19.29.05:071][  0]LogConfig: Applying CVar settings from Section [ShadingQuality@3] File [D:/UnrealProjects/OwnProjects/UE4GameMathematics/GameMathematics/Saved/Config/Windows/Scalability.ini]
[2021.05.15-19.29.05:071][  0]LogConfig: Setting CVar [[r.HairStrands.SkyLighting.SampleCount:16]]
[2021.05.15-19.29.05:071][  0]LogConfig: Setting CVar [[r.HairStrands.SkyLighting.JitterIntegration:0]]
[2021.05.15-19.29.05:071][  0]LogConfig: Setting CVar [[r.HairStrands.SkyAO.SampleCount:16]]
[2021.05.15-19.29.05:071][  0]LogConfig: Setting CVar [[r.HairStrands.DeepShadow.SuperSampling:0]]
[2021.05.15-19.29.05:071][  0]LogConfig: Setting CVar [[r.HairStrands.VisibilityPPLL:0]]
[2021.05.15-19.29.05:071][  0]LogConfig: Setting CVar [[r.HairStrands.RasterizationScale:0.5]]
[2021.05.15-19.29.05:071][  0]LogConfig: Setting CVar [[r.HairStrands.VelocityRasterizationScale:1]]
[2021.05.15-19.29.05:071][  0]LogInit: Selected Device Profile: [Windows]
[2021.05.15-19.29.05:071][  0]LogInit: Applying CVar settings loaded from the selected device profile: [Windows]
[2021.05.15-19.29.05:072][  0]LogHAL: Display: Platform has ~ 16 GB [17062100992 / 17179869184 / 16], which maps to Larger [LargestMinGB=32, LargerMinGB=12, DefaultMinGB=8, SmallerMinGB=6, SmallestMinGB=0)
[2021.05.15-19.29.05:072][  0]LogInit: Going up to parent DeviceProfile []
[2021.05.15-19.29.05:072][  0]LogConfig: Applying CVar settings from Section [ViewDistanceQuality@3] File [D:/UnrealProjects/OwnProjects/UE4GameMathematics/GameMathematics/Saved/Config/Windows/Scalability.ini]
[2021.05.15-19.29.05:072][  0]LogConfig: Setting CVar [[r.SkeletalMeshLODBias:0]]
[2021.05.15-19.29.05:072][  0]LogConfig: Setting CVar [[r.ViewDistanceScale:1.0]]
[2021.05.15-19.29.05:072][  0]LogConfig: Applying CVar settings from Section [AntiAliasingQuality@3] File [D:/UnrealProjects/OwnProjects/UE4GameMathematics/GameMathematics/Saved/Config/Windows/Scalability.ini]
[2021.05.15-19.29.05:072][  0]LogConfig: Setting CVar [[r.PostProcessAAQuality:4]]
[2021.05.15-19.29.05:073][  0]LogConfig: Applying CVar settings from Section [ShadowQuality@3] File [D:/UnrealProjects/OwnProjects/UE4GameMathematics/GameMathematics/Saved/Config/Windows/Scalability.ini]
[2021.05.15-19.29.05:073][  0]LogConfig: Setting CVar [[r.LightFunctionQuality:1]]
[2021.05.15-19.29.05:073][  0]LogConfig: Setting CVar [[r.ShadowQuality:5]]
[2021.05.15-19.29.05:073][  0]LogConfig: Setting CVar [[r.Shadow.CSM.MaxCascades:10]]
[2021.05.15-19.29.05:073][  0]LogConfig: Setting CVar [[r.Shadow.MaxResolution:2048]]
[2021.05.15-19.29.05:073][  0]LogConfig: Setting CVar [[r.Shadow.MaxCSMResolution:2048]]
[2021.05.15-19.29.05:073][  0]LogConfig: Setting CVar [[r.Shadow.RadiusThreshold:0.01]]
[2021.05.15-19.29.05:073][  0]LogConfig: Setting CVar [[r.Shadow.DistanceScale:1.0]]
[2021.05.15-19.29.05:073][  0]LogConfig: Setting CVar [[r.Shadow.CSM.TransitionScale:1.0]]
[2021.05.15-19.29.05:073][  0]LogConfig: Setting CVar [[r.Shadow.PreShadowResolutionFactor:1.0]]
[2021.05.15-19.29.05:074][  0]LogConfig: Setting CVar [[r.DistanceFieldShadowing:1]]
[2021.05.15-19.29.05:074][  0]LogConfig: Setting CVar [[r.DistanceFieldAO:1]]
[2021.05.15-19.29.05:074][  0]LogConfig: Setting CVar [[r.AOQuality:2]]
[2021.05.15-19.29.05:074][  0]LogConfig: Setting CVar [[r.VolumetricFog:1]]
[2021.05.15-19.29.05:074][  0]LogConfig: Setting CVar [[r.VolumetricFog.GridPixelSize:8]]
[2021.05.15-19.29.05:074][  0]LogConfig: Setting CVar [[r.VolumetricFog.GridSizeZ:128]]
[2021.05.15-19.29.05:074][  0]LogConfig: Setting CVar [[r.VolumetricFog.HistoryMissSupersampleCount:4]]
[2021.05.15-19.29.05:074][  0]LogConfig: Setting CVar [[r.LightMaxDrawDistanceScale:1]]
[2021.05.15-19.29.05:074][  0]LogConfig: Setting CVar [[r.CapsuleShadows:1]]
[2021.05.15-19.29.05:074][  0]LogConfig: Applying CVar settings from Section [PostProcessQuality@3] File [D:/UnrealProjects/OwnProjects/UE4GameMathematics/GameMathematics/Saved/Config/Windows/Scalability.ini]
[2021.05.15-19.29.05:074][  0]LogConfig: Setting CVar [[r.MotionBlurQuality:4]]
[2021.05.15-19.29.05:074][  0]LogConfig: Setting CVar [[r.AmbientOcclusionMipLevelFactor:0.4]]
[2021.05.15-19.29.05:074][  0]LogConfig: Setting CVar [[r.AmbientOcclusionMaxQuality:100]]
[2021.05.15-19.29.05:075][  0]LogConfig: Setting CVar [[r.AmbientOcclusionLevels:-1]]
[2021.05.15-19.29.05:075][  0]LogConfig: Setting CVar [[r.AmbientOcclusionRadiusScale:1.0]]
[2021.05.15-19.29.05:075][  0]LogConfig: Setting CVar [[r.DepthOfFieldQuality:2]]
[2021.05.15-19.29.05:075][  0]LogConfig: Setting CVar [[r.RenderTargetPoolMin:400]]
[2021.05.15-19.29.05:075][  0]LogConfig: Setting CVar [[r.LensFlareQuality:2]]
[2021.05.15-19.29.05:075][  0]LogConfig: Setting CVar [[r.SceneColorFringeQuality:1]]
[2021.05.15-19.29.05:075][  0]LogConfig: Setting CVar [[r.EyeAdaptationQuality:2]]
[2021.05.15-19.29.05:075][  0]LogConfig: Setting CVar [[r.BloomQuality:5]]
[2021.05.15-19.29.05:075][  0]LogConfig: Setting CVar [[r.FastBlurThreshold:100]]
[2021.05.15-19.29.05:076][  0]LogConfig: Setting CVar [[r.Upscale.Quality:3]]
[2021.05.15-19.29.05:076][  0]LogConfig: Setting CVar [[r.Tonemapper.GrainQuantization:1]]
[2021.05.15-19.29.05:076][  0]LogConfig: Setting CVar [[r.LightShaftQuality:1]]
[2021.05.15-19.29.05:076][  0]LogConfig: Setting CVar [[r.Filter.SizeScale:1]]
[2021.05.15-19.29.05:076][  0]LogConfig: Setting CVar [[r.Tonemapper.Quality:5]]
[2021.05.15-19.29.05:076][  0]LogConfig: Setting CVar [[r.DOF.Gather.AccumulatorQuality:1        ; higher gathering accumulator quality]]
[2021.05.15-19.29.05:076][  0]LogConfig: Setting CVar [[r.DOF.Gather.PostfilterMethod:1          ; Median3x3 postfilering method]]
[2021.05.15-19.29.05:076][  0]LogConfig: Setting CVar [[r.DOF.Gather.EnableBokehSettings:0       ; no bokeh simulation when gathering]]
[2021.05.15-19.29.05:076][  0]LogConfig: Setting CVar [[r.DOF.Gather.RingCount:4                 ; medium number of samples when gathering]]
[2021.05.15-19.29.05:076][  0]LogConfig: Setting CVar [[r.DOF.Scatter.ForegroundCompositing:1    ; additive foreground scattering]]
[2021.05.15-19.29.05:077][  0]LogConfig: Setting CVar [[r.DOF.Scatter.BackgroundCompositing:2    ; additive background scattering]]
[2021.05.15-19.29.05:077][  0]LogConfig: Setting CVar [[r.DOF.Scatter.EnableBokehSettings:1      ; bokeh simulation when scattering]]
[2021.05.15-19.29.05:077][  0]LogConfig: Setting CVar [[r.DOF.Scatter.MaxSpriteRatio:0.1         ; only a maximum of 10% of scattered bokeh]]
[2021.05.15-19.29.05:077][  0]LogConfig: Setting CVar [[r.DOF.Recombine.Quality:1                ; cheap slight out of focus]]
[2021.05.15-19.29.05:077][  0]LogConfig: Setting CVar [[r.DOF.Recombine.EnableBokehSettings:0    ; no bokeh simulation on slight out of focus]]
[2021.05.15-19.29.05:077][  0]LogConfig: Setting CVar [[r.DOF.TemporalAAQuality:1                ; more stable temporal accumulation]]
[2021.05.15-19.29.05:077][  0]LogConfig: Setting CVar [[r.DOF.Kernel.MaxForegroundRadius:0.025]]
[2021.05.15-19.29.05:077][  0]LogConfig: Setting CVar [[r.DOF.Kernel.MaxBackgroundRadius:0.025]]
[2021.05.15-19.29.05:077][  0]LogConfig: Applying CVar settings from Section [TextureQuality@3] File [D:/UnrealProjects/OwnProjects/UE4GameMathematics/GameMathematics/Saved/Config/Windows/Scalability.ini]
[2021.05.15-19.29.05:077][  0]LogConfig: Setting CVar [[r.Streaming.MipBias:0]]
[2021.05.15-19.29.05:077][  0]LogConfig: Setting CVar [[r.Streaming.AmortizeCPUToGPUCopy:0]]
[2021.05.15-19.29.05:077][  0]LogConfig: Setting CVar [[r.Streaming.MaxNumTexturesToStreamPerFrame:0]]
[2021.05.15-19.29.05:077][  0]LogConfig: Setting CVar [[r.Streaming.Boost:1]]
[2021.05.15-19.29.05:078][  0]LogConfig: Setting CVar [[r.MaxAnisotropy:8]]
[2021.05.15-19.29.05:078][  0]LogConfig: Setting CVar [[r.VT.MaxAnisotropy:8]]
[2021.05.15-19.29.05:078][  0]LogConfig: Setting CVar [[r.Streaming.LimitPoolSizeToVRAM:0]]
[2021.05.15-19.29.05:078][  0]LogConfig: Setting CVar [[r.Streaming.PoolSize:1000]]
[2021.05.15-19.29.05:078][  0]LogConfig: Setting CVar [[r.Streaming.MaxEffectiveScreenSize:0]]
[2021.05.15-19.29.05:078][  0]LogConfig: Applying CVar settings from Section [EffectsQuality@3] File [D:/UnrealProjects/OwnProjects/UE4GameMathematics/GameMathematics/Saved/Config/Windows/Scalability.ini]
[2021.05.15-19.29.05:078][  0]LogConfig: Setting CVar [[r.TranslucencyLightingVolumeDim:64]]
[2021.05.15-19.29.05:078][  0]LogConfig: Setting CVar [[r.RefractionQuality:2]]
[2021.05.15-19.29.05:078][  0]LogConfig: Setting CVar [[r.SSR.Quality:3]]
[2021.05.15-19.29.05:078][  0]LogConfig: Setting CVar [[r.SSR.HalfResSceneColor:0]]
[2021.05.15-19.29.05:078][  0]LogConfig: Setting CVar [[r.SceneColorFormat:4]]
[2021.05.15-19.29.05:078][  0]LogConfig: Setting CVar [[r.DetailMode:2]]
[2021.05.15-19.29.05:078][  0]LogConfig: Setting CVar [[r.TranslucencyVolumeBlur:1]]
[2021.05.15-19.29.05:078][  0]LogConfig: Setting CVar [[r.MaterialQualityLevel:1 ; High quality]]
[2021.05.15-19.29.05:078][  0]LogConfig: Setting CVar [[r.SSS.Scale:1]]
[2021.05.15-19.29.05:078][  0]LogConfig: Setting CVar [[r.SSS.SampleSet:2]]
[2021.05.15-19.29.05:079][  0]LogConfig: Setting CVar [[r.SSS.Quality:1]]
[2021.05.15-19.29.05:079][  0]LogConfig: Setting CVar [[r.SSS.HalfRes:0]]
[2021.05.15-19.29.05:079][  0]LogConfig: Setting CVar [[r.SSGI.Quality:3]]
[2021.05.15-19.29.05:079][  0]LogConfig: Setting CVar [[r.EmitterSpawnRateScale:1.0]]
[2021.05.15-19.29.05:079][  0]LogConfig: Setting CVar [[r.ParticleLightQuality:2]]
[2021.05.15-19.29.05:079][  0]LogConfig: Setting CVar [[r.SkyAtmosphere.AerialPerspectiveLUT.FastApplyOnOpaque:1 ; Always have FastSkyLUT 1 in this case to avoid wrong sky]]
[2021.05.15-19.29.05:079][  0]LogConfig: Setting CVar [[r.SkyAtmosphere.AerialPerspectiveLUT.SampleCountPerSlice:1]]
[2021.05.15-19.29.05:079][  0]LogConfig: Setting CVar [[r.SkyAtmosphere.AerialPerspectiveLUT.DepthResolution:16.0]]
[2021.05.15-19.29.05:079][  0]LogConfig: Setting CVar [[r.SkyAtmosphere.FastSkyLUT:1]]
[2021.05.15-19.29.05:079][  0]LogConfig: Setting CVar [[r.SkyAtmosphere.FastSkyLUT.SampleCountMin:4.0]]
[2021.05.15-19.29.05:079][  0]LogConfig: Setting CVar [[r.SkyAtmosphere.FastSkyLUT.SampleCountMax:32.0]]
[2021.05.15-19.29.05:079][  0]LogConfig: Setting CVar [[r.SkyAtmosphere.SampleCountMin:4.0]]
[2021.05.15-19.29.05:079][  0]LogConfig: Setting CVar [[r.SkyAtmosphere.SampleCountMax:32.0]]
[2021.05.15-19.29.05:079][  0]LogConfig: Setting CVar [[r.SkyAtmosphere.TransmittanceLUT.UseSmallFormat:0]]
[2021.05.15-19.29.05:079][  0]LogConfig: Setting CVar [[r.SkyAtmosphere.TransmittanceLUT.SampleCount:10.0]]
[2021.05.15-19.29.05:079][  0]LogConfig: Setting CVar [[r.SkyAtmosphere.MultiScatteringLUT.SampleCount:15.0]]
[2021.05.15-19.29.05:080][  0]LogConfig: Applying CVar settings from Section [FoliageQuality@3] File [D:/UnrealProjects/OwnProjects/UE4GameMathematics/GameMathematics/Saved/Config/Windows/Scalability.ini]
[2021.05.15-19.29.05:080][  0]LogConfig: Setting CVar [[foliage.DensityScale:1.0]]
[2021.05.15-19.29.05:080][  0]LogConfig: Setting CVar [[grass.DensityScale:1.0]]
[2021.05.15-19.29.05:080][  0]LogConfig: Applying CVar settings from Section [ShadingQuality@3] File [D:/UnrealProjects/OwnProjects/UE4GameMathematics/GameMathematics/Saved/Config/Windows/Scalability.ini]
[2021.05.15-19.29.05:080][  0]LogConfig: Setting CVar [[r.HairStrands.SkyLighting.SampleCount:16]]
[2021.05.15-19.29.05:080][  0]LogConfig: Setting CVar [[r.HairStrands.SkyLighting.JitterIntegration:0]]
[2021.05.15-19.29.05:080][  0]LogConfig: Setting CVar [[r.HairStrands.SkyAO.SampleCount:16]]
[2021.05.15-19.29.05:080][  0]LogConfig: Setting CVar [[r.HairStrands.DeepShadow.SuperSampling:0]]
[2021.05.15-19.29.05:080][  0]LogConfig: Setting CVar [[r.HairStrands.VisibilityPPLL:0]]
[2021.05.15-19.29.05:080][  0]LogConfig: Setting CVar [[r.HairStrands.RasterizationScale:0.5]]
[2021.05.15-19.29.05:080][  0]LogConfig: Setting CVar [[r.HairStrands.VelocityRasterizationScale:1]]
[2021.05.15-19.29.05:080][  0]LogConfig: Applying CVar settings from Section [Startup] File [../../../Engine/Config/ConsoleVariables.ini]
[2021.05.15-19.29.05:081][  0]LogConfig: Setting CVar [[net.UseAdaptiveNetUpdateFrequency:0]]
[2021.05.15-19.29.05:081][  0]LogConfig: Setting CVar [[p.chaos.AllowCreatePhysxBodies:1]]
[2021.05.15-19.29.05:081][  0]LogConfig: Setting CVar [[fx.SkipVectorVMBackendOptimizations:1]]
[2021.05.15-19.29.05:081][  0]LogConfig: Applying CVar settings from Section [ConsoleVariables] File [D:/UnrealProjects/OwnProjects/UE4GameMathematics/GameMathematics/Saved/Config/Windows/Engine.ini]
[2021.05.15-19.29.05:081][  0]LogInit: Computer: DESKTOP-RIG8FMN
[2021.05.15-19.29.05:081][  0]LogInit: User: sgfar
[2021.05.15-19.29.05:081][  0]LogInit: CPU Page size=4096, Cores=4
[2021.05.15-19.29.05:081][  0]LogInit: High frequency timer resolution =10.000000 MHz
[2021.05.15-19.29.05:081][  0]LogMemory: Memory total: Physical=15.9GB (16GB approx)
[2021.05.15-19.29.05:081][  0]LogMemory: Platform Memory Stats for Windows
[2021.05.15-19.29.05:082][  0]LogMemory: Process Physical Memory: 115.12 MB used, 115.12 MB peak
[2021.05.15-19.29.05:082][  0]LogMemory: Process Virtual Memory: 96.01 MB used, 96.01 MB peak
[2021.05.15-19.29.05:082][  0]LogMemory: Physical Memory: 10396.57 MB used,  5875.11 MB free, 16271.69 MB total
[2021.05.15-19.29.05:082][  0]LogMemory: Virtual Memory: 5144.86 MB used,  134212584.00 MB free, 134217728.00 MB total
[2021.05.15-19.29.05:099][  0]LogWindows: WindowsPlatformFeatures enabled
[2021.05.15-19.29.05:348][  0]LogInit: Physics initialised using underlying interface: PhysX
[2021.05.15-19.29.05:350][  0]LogInit: Using OS detected language (en-US).
[2021.05.15-19.29.05:350][  0]LogInit: Using OS detected locale (en-US).
[2021.05.15-19.29.05:352][  0]LogTextLocalizationManager: No specific localization for 'en-US' exists, so the 'en' localization will be used.
[2021.05.15-19.29.05:524][  0]LogInit: Setting process to per monitor DPI aware
[2021.05.15-19.29.05:589][  0]LogSlate: New Slate User Created.  User Index 0, Is Virtual User: 0
[2021.05.15-19.29.05:589][  0]LogSlate: Slate User Registered.  User Index 0, Is Virtual User: 0
[2021.05.15-19.29.05:785][  0]LogHMD: Failed to initialize OpenVR with code 110
[2021.05.15-19.29.05:786][  0]LogD3D11RHI: D3D11 min allowed feature level: 11_0
[2021.05.15-19.29.05:786][  0]LogD3D11RHI: D3D11 max allowed feature level: 11_0
[2021.05.15-19.29.05:786][  0]LogD3D11RHI: D3D11 adapters:
[2021.05.15-19.29.06:844][  0]LogD3D11RHI:    0. 'NVIDIA GeForce GTX 1060' (Feature Level 11_0)
[2021.05.15-19.29.06:844][  0]LogD3D11RHI:       6052/0/8135 MB DedicatedVideo/DedicatedSystem/SharedSystem, Outputs:1, VendorId:0x10de
[2021.05.15-19.29.06:894][  0]LogD3D11RHI:    1. 'Intel(R) HD Graphics 630' (Feature Level 11_0)
[2021.05.15-19.29.06:894][  0]LogD3D11RHI:       128/0/8135 MB DedicatedVideo/DedicatedSystem/SharedSystem, Outputs:0, VendorId:0x8086
[2021.05.15-19.29.06:900][  0]LogD3D11RHI:    2. 'Microsoft Basic Render Driver' (Feature Level 11_0)
[2021.05.15-19.29.06:900][  0]LogD3D11RHI:       0/0/8135 MB DedicatedVideo/DedicatedSystem/SharedSystem, Outputs:0, VendorId:0x1414
[2021.05.15-19.29.06:900][  0]LogD3D11RHI: Chosen D3D11 Adapter: 0
[2021.05.15-19.29.06:907][  0]LogD3D11RHI: Creating new Direct3DDevice
[2021.05.15-19.29.06:907][  0]LogD3D11RHI:     GPU DeviceId: 0x1c20 (for the marketing name, search the web for "GPU Device Id")
[2021.05.15-19.29.06:907][  0]LogWindows: EnumDisplayDevices:
[2021.05.15-19.29.06:908][  0]LogWindows:    0. 'Intel(R) HD Graphics 630' (P:1 D:1)
[2021.05.15-19.29.06:908][  0]LogWindows:    1. 'Intel(R) HD Graphics 630' (P:0 D:0)
[2021.05.15-19.29.06:909][  0]LogWindows:    2. 'Intel(R) HD Graphics 630' (P:0 D:0)
[2021.05.15-19.29.06:909][  0]LogWindows:    3. 'NVIDIA GeForce GTX 1060' (P:0 D:0)
[2021.05.15-19.29.06:910][  0]LogWindows:    4. 'NVIDIA GeForce GTX 1060' (P:0 D:0)
[2021.05.15-19.29.06:910][  0]LogWindows:    5. 'NVIDIA GeForce GTX 1060' (P:0 D:0)
[2021.05.15-19.29.06:911][  0]LogWindows:    6. 'NVIDIA GeForce GTX 1060' (P:0 D:0)
[2021.05.15-19.29.06:911][  0]LogWindows: DebugString: PrimaryIsNotTheChoosenAdapter PrimaryIsNotTheChoosenAdapter PrimaryIsNotTheChoosenAdapter FoundDriverCount:4 
[2021.05.15-19.29.06:911][  0]LogD3D11RHI:     Adapter Name: NVIDIA GeForce GTX 1060
[2021.05.15-19.29.06:911][  0]LogD3D11RHI:   Driver Version: 466.27 (internal:27.21.14.6627, unified:466.27)
[2021.05.15-19.29.06:911][  0]LogD3D11RHI:      Driver Date: 4-23-2021
[2021.05.15-19.29.06:911][  0]LogRHI: Texture pool is 4236 MB (70% of 6052 MB)
[2021.05.15-19.29.07:015][  0]LogD3D11RHI: RHI has support for 64 bit atomics
[2021.05.15-19.29.07:015][  0]LogD3D11RHI: Async texture creation enabled
[2021.05.15-19.29.07:015][  0]LogD3D11RHI: Array index from any shader is supported
[2021.05.15-19.29.07:040][  0]LogD3D11RHI: GPU Timing Frequency: 1000.000000 (Debug: 2 1)
[2021.05.15-19.29.07:380][  0]LogTargetPlatformManager: Display: Loaded TargetPlatform 'AllDesktop'
[2021.05.15-19.29.07:408][  0]LogTargetPlatformManager: Display: Loaded TargetPlatform 'Android'
[2021.05.15-19.29.07:408][  0]LogTargetPlatformManager: Display: Loaded TargetPlatform 'Android_ASTC'
[2021.05.15-19.29.07:408][  0]LogTargetPlatformManager: Display: Loaded TargetPlatform 'Android_DXT'
[2021.05.15-19.29.07:408][  0]LogTargetPlatformManager: Display: Loaded TargetPlatform 'Android_ETC2'
[2021.05.15-19.29.07:408][  0]LogTargetPlatformManager: Display: Loaded TargetPlatform 'AndroidClient'
[2021.05.15-19.29.07:408][  0]LogTargetPlatformManager: Display: Loaded TargetPlatform 'Android_ASTCClient'
[2021.05.15-19.29.07:409][  0]LogTargetPlatformManager: Display: Loaded TargetPlatform 'Android_DXTClient'
[2021.05.15-19.29.07:409][  0]LogTargetPlatformManager: Display: Loaded TargetPlatform 'Android_ETC2Client'
[2021.05.15-19.29.07:409][  0]LogTargetPlatformManager: Display: Loaded TargetPlatform 'Android_Multi'
[2021.05.15-19.29.07:409][  0]LogTargetPlatformManager: Display: Loaded TargetPlatform 'Android_MultiClient'
[2021.05.15-19.29.07:447][  0]LogTargetPlatformManager: Display: Loaded TargetPlatform 'IOSClient'
[2021.05.15-19.29.07:447][  0]LogTargetPlatformManager: Display: Loaded TargetPlatform 'IOS'
[2021.05.15-19.29.07:459][  0]LogTargetPlatformManager: Display: Loaded TargetPlatform 'Linux'
[2021.05.15-19.29.07:472][  0]LogTargetPlatformManager: Display: Loaded TargetPlatform 'LinuxNoEditor'
[2021.05.15-19.29.07:486][  0]LogTargetPlatformManager: Display: Loaded TargetPlatform 'LinuxClient'
[2021.05.15-19.29.07:499][  0]LogTargetPlatformManager: Display: Loaded TargetPlatform 'LinuxServer'
[2021.05.15-19.29.07:512][  0]LogTargetPlatformManager: Display: Loaded TargetPlatform 'LinuxAArch64NoEditor'
[2021.05.15-19.29.07:526][  0]LogTargetPlatformManager: Display: Loaded TargetPlatform 'LinuxAArch64Client'
[2021.05.15-19.29.07:537][  0]LogTargetPlatformManager: Display: Loaded TargetPlatform 'LinuxAArch64Server'
[2021.05.15-19.29.07:566][  0]LogTargetPlatformManager: Display: Loaded TargetPlatform 'Lumin'
[2021.05.15-19.29.07:567][  0]LogTargetPlatformManager: Display: Loaded TargetPlatform 'LuminClient'
[2021.05.15-19.29.07:584][  0]LogTargetPlatformManager: Display: Loaded TargetPlatform 'TVOSClient'
[2021.05.15-19.29.07:584][  0]LogTargetPlatformManager: Display: Loaded TargetPlatform 'TVOS'
[2021.05.15-19.29.07:600][  0]LogTargetPlatformManager: Display: Loaded TargetPlatform 'WindowsNoEditor'
[2021.05.15-19.29.07:614][  0]LogTargetPlatformManager: Display: Loaded TargetPlatform 'Windows'
[2021.05.15-19.29.07:627][  0]LogTargetPlatformManager: Display: Loaded TargetPlatform 'WindowsClient'
[2021.05.15-19.29.07:642][  0]LogTargetPlatformManager: Display: Loaded TargetPlatform 'WindowsServer'
[2021.05.15-19.29.07:643][  0]LogTargetPlatformManager: Display: Building Assets For Windows
[2021.05.15-19.29.07:664][  0]LogAudioDebug: Display: Lib vorbis DLL was dynamically loaded.
[2021.05.15-19.29.07:779][  0]LogShaderCompilers: Guid format shader working directory is -37 characters bigger than the processId version (../../../../../../../UnrealProjects/OwnProjects/UE4GameMathematics/GameMathematics/Intermediate/Shaders/WorkingDirectory/16416/).
[2021.05.15-19.29.07:779][  0]LogShaderCompilers: Cleaned the shader compiler working directory 'C:/Users/sgfar/AppData/Local/Temp/UnrealShaderWorkingDir/B75D5A2D4F2A115276EF32BC736A5AA4/'.
[2021.05.15-19.29.07:780][  0]LogXGEController: Cleaning working directory: C:/Users/sgfar/AppData/Local/Temp/UnrealXGEWorkingDir/
[2021.05.15-19.29.07:780][  0]LogXGEController: Cannot use XGE Controller as Incredibuild is not installed on this machine.
[2021.05.15-19.29.07:781][  0]LogShaderCompilers: Cannot use XGE Shader Compiler as Incredibuild is not installed on this machine.
[2021.05.15-19.29.07:781][  0]LogShaderCompilers: Display: Using Local Shader Compiler.
[2021.05.15-19.29.08:560][  0]LogDerivedDataCache: Display: Max Cache Size: 512 MB
[2021.05.15-19.29.08:608][  0]LogDerivedDataCache: Loaded boot cache 0.05s 75MB C:/Users/sgfar/AppData/Local/UnrealEngine/4.25/DerivedDataCache/Boot.ddc.
[2021.05.15-19.29.08:609][  0]LogDerivedDataCache: Display: Loaded Boot cache: C:/Users/sgfar/AppData/Local/UnrealEngine/4.25/DerivedDataCache/Boot.ddc
[2021.05.15-19.29.08:609][  0]LogDerivedDataCache: FDerivedDataBackendGraph:  Pak pak cache file ../../../../../../../UnrealProjects/OwnProjects/UE4GameMathematics/GameMathematics/DerivedDataCache/DDC.ddp not found, will not use a pak cache.
[2021.05.15-19.29.08:609][  0]LogDerivedDataCache: Unable to find inner node Pak for hierarchical cache Hierarchy.
[2021.05.15-19.29.08:609][  0]LogDerivedDataCache: FDerivedDataBackendGraph:  CompressedPak pak cache file ../../../../../../../UnrealProjects/OwnProjects/UE4GameMathematics/GameMathematics/DerivedDataCache/Compressed.ddp not found, will not use a pak cache.
[2021.05.15-19.29.08:610][  0]LogDerivedDataCache: Unable to find inner node CompressedPak for hierarchical cache Hierarchy.
[2021.05.15-19.29.08:621][  0]LogDerivedDataCache: Display: Pak cache opened for reading ../../../Engine/DerivedDataCache/Compressed.ddp.
[2021.05.15-19.29.08:622][  0]LogDerivedDataCache: FDerivedDataBackendGraph:  EnterprisePak pak cache file ../../../Enterprise/DerivedDataCache/Compressed.ddp not found, will not use a pak cache.
[2021.05.15-19.29.08:622][  0]LogDerivedDataCache: Unable to find inner node EnterprisePak for hierarchical cache Hierarchy.
[2021.05.15-19.29.08:625][  0]LogDerivedDataCache: Using Local data cache path C:/Users/sgfar/AppData/Local/UnrealEngine/Common/DerivedDataCache: Writable
[2021.05.15-19.29.08:625][  0]LogDerivedDataCache: Shared data cache path not found in *engine.ini, will not use an Shared cache.
[2021.05.15-19.29.08:625][  0]LogDerivedDataCache: Unable to find inner node Shared for hierarchical cache Hierarchy.
[2021.05.15-19.29.08:681][  0]LogSlate: Using FreeType 2.10.0
[2021.05.15-19.29.08:681][  0]LogSlate: SlateFontServices - WITH_FREETYPE: 1, WITH_HARFBUZZ: 1
[2021.05.15-19.29.08:717][  0]LogAssetRegistry: FAssetRegistry took 0.0059 seconds to start up
[2021.05.15-19.29.08:945][  0]LogInit: Selected Device Profile: [Windows]
[2021.05.15-19.29.09:097][  0]LogMeshReduction: Using QuadricMeshReduction for automatic static mesh reduction
[2021.05.15-19.29.09:097][  0]LogMeshReduction: Using SimplygonMeshReduction for automatic skeletal mesh reduction
[2021.05.15-19.29.09:097][  0]LogMeshReduction: Using ProxyLODMeshReduction for automatic mesh merging
[2021.05.15-19.29.09:097][  0]LogMeshReduction: No distributed automatic mesh merging module available
[2021.05.15-19.29.09:097][  0]LogMeshMerging: No distributed automatic mesh merging module available
[2021.05.15-19.29.09:117][  0]LogNetVersion: GameMathematics 1.0.0, NetCL: 13144385, EngineNetVer: 14, GameNetVer: 0 (Checksum: 3306851746)
[2021.05.15-19.29.09:567][  0]LogAISub: UAISubsystem::UAISubsystem AISubsystem (0000018CD519C2C0), frame # 0
[2021.05.15-19.29.09:567][  0]LogAISub: UAISubsystem::UAISubsystem AIPerceptionSystem (0000018CD50F11C0), frame # 0
[2021.05.15-19.29.09:569][  0]LogAISub: UAISubsystem::UAISubsystem EnvQueryManager (0000018CD5154A00), frame # 0
[2021.05.15-19.29.09:611][  0]LogPackageLocalizationCache: Processed 19 localized package path(s) for 1 prioritized culture(s) in 0.034404 seconds
[2021.05.15-19.29.09:617][  0]LogUObjectArray: 15917 objects as part of root set at end of initial load.
[2021.05.15-19.29.09:617][  0]LogUObjectAllocator: 3965568 out of 0 bytes used by permanent object pool.
[2021.05.15-19.29.09:617][  0]LogUObjectArray: CloseDisregardForGC: 0/0 objects in disregard for GC pool
[2021.05.15-19.29.10:186][  0]LogTcpMessaging: Initializing TcpMessaging bridge
[2021.05.15-19.29.10:194][  0]LogUdpMessaging: Initializing bridge on interface 0.0.0.0:0 to multicast group 230.0.0.1:6666.
[2021.05.15-19.29.10:358][  0]SourceControl: Source control is disabled
[2021.05.15-19.29.10:359][  0]SourceControl: Source control is disabled
[2021.05.15-19.29.10:366][  0]SourceControl: Source control is disabled
[2021.05.15-19.29.10:371][  0]SourceControl: Source control is disabled
[2021.05.15-19.29.10:384][  0]SourceControl: Source control is disabled
[2021.05.15-19.29.10:810][  0]LogAndroidPermission: UAndroidPermissionCallbackProxy::GetInstance
[2021.05.15-19.29.10:846][  0]LogAudioCaptureCore: Display: No Audio Capture implementations found. Audio input will be silent.
[2021.05.15-19.29.10:846][  0]LogAudioCaptureCore: Display: No Audio Capture implementations found. Audio input will be silent.
[2021.05.15-19.29.10:914][  0]LogOcInput: OculusInput pre-init called
[2021.05.15-19.29.10:928][  0]LogWindows: Failed to load 'OVRPlugin.dll' (GetLastError=126)
[2021.05.15-19.29.10:928][  0]LogWindows: File 'OVRPlugin.dll' does not exist
[2021.05.15-19.29.11:010][  0]LogEngine: Initializing Engine...
[2021.05.15-19.29.11:013][  0]LogHMD: Failed to initialize OpenVR with code 110
[2021.05.15-19.29.11:013][  0]LogMagicLeap: Warning: VR disabled because ZI is not enabled.  To enable, in the editor, Edit -> Project Settings -> Plugins -> Magic Leap Plugin -> Enable Zero Iteration
[2021.05.15-19.29.11:014][  0]LogStats: UGameplayTagsManager::InitializeManager -  0.000 s
[2021.05.15-19.29.11:156][  0]LogInit: Initializing FReadOnlyCVARCache
[2021.05.15-19.29.11:169][  0]LogAIModule: Creating AISystem for world Untitled
[2021.05.15-19.29.11:169][  0]LogAISub: UAISubsystem::UAISubsystem EnvQueryManager (0000018CDA62BC00), frame # 0
[2021.05.15-19.29.11:169][  0]LogAISub: UAISubsystem::UAISubsystem AIPerceptionSystem (0000018CDA627B00), frame # 0
[2021.05.15-19.29.11:205][  0]LogAudioMixer: Display: Audio Mixer Platform Settings:
[2021.05.15-19.29.11:205][  0]LogAudioMixer: Display: 	Sample Rate:						  48000
[2021.05.15-19.29.11:205][  0]LogAudioMixer: Display: 	Callback Buffer Frame Size Requested: 1024
[2021.05.15-19.29.11:205][  0]LogAudioMixer: Display: 	Callback Buffer Frame Size To Use:	  1024
[2021.05.15-19.29.11:205][  0]LogAudioMixer: Display: 	Number of buffers to queue:			  2
[2021.05.15-19.29.11:205][  0]LogAudioMixer: Display: 	Max Channels (voices):				  32
[2021.05.15-19.29.11:205][  0]LogAudioMixer: Display: 	Number of Async Source Workers:		  0
[2021.05.15-19.29.11:205][  0]LogAudio: Display: AudioDevice MaxSources: 32
[2021.05.15-19.29.11:206][  0]LogAudio: Display: Using built-in audio occlusion.
[2021.05.15-19.29.11:206][  0]LogAudioMixer: Display: Initializing audio mixer.
[2021.05.15-19.29.11:233][  0]LogAudioMixer: Display: 0: FrontLeft
[2021.05.15-19.29.11:233][  0]LogAudioMixer: Display: 1: FrontRight
[2021.05.15-19.29.11:437][  0]LogAudioMixer: Display: Using Audio Device HeadPhone/Digital Output (Realtek High Definition Audio)
[2021.05.15-19.29.11:440][  0]LogAudioMixer: Display: Initializing Sound Submixes...
[2021.05.15-19.29.11:443][  0]LogAudioMixer: Display: Creating Master Submix 'MasterSubmixDefault'
[2021.05.15-19.29.11:443][  0]LogAudioMixer: Display: Creating Master Submix 'MasterReverbSubmixDefault'
[2021.05.15-19.29.11:444][  0]LogAudioMixer: Display: Creating Master Submix 'MasterEQSubmixDefault'
[2021.05.15-19.29.11:447][  0]LogInit: FAudioDevice initialized.
[2021.05.15-19.29.11:448][  0]LogNetVersion: Set ProjectVersion to 1.0.0.0. Version Checksum will be recalculated on next use.
[2021.05.15-19.29.11:531][  0]LogDerivedDataCache: Saved boot cache 0.08s 75MB C:/Users/sgfar/AppData/Local/UnrealEngine/4.25/DerivedDataCache/Boot.ddc.
[2021.05.15-19.29.11:532][  0]LogInit: Texture streaming: Enabled
[2021.05.15-19.29.11:561][  0]LogEngineSessionManager: EngineSessionManager initialized
[2021.05.15-19.29.11:561][  0]LogEngineSessionManager: EngineSessionManager sent abnormal shutdown report. Type=Debugger, SessionId={93B314CC-4D71-AE4F-AD83-919BAA2FDD17}
[2021.05.15-19.29.11:561][  0]LogEditorSessionSummary: Verbose: Initializing EditorSessionSummaryWriter for editor session tracking
[2021.05.15-19.29.11:563][  0]LogEditorSessionSummary: EditorSessionSummaryWriter initialized
[2021.05.15-19.29.11:601][  0]LogInit: Transaction tracking system initialized
[2021.05.15-19.29.11:644][  0]BlueprintLog: New page: Editor Load
[2021.05.15-19.29.11:782][  0]LocalizationService: Localization service is disabled
[2021.05.15-19.29.12:347][  0]LogCook: Display: Max memory allowance for cook 16384mb min free memory 0mb
[2021.05.15-19.29.12:348][  0]LogCook: Display: Mobile HDR setting 1
[2021.05.15-19.29.12:580][  0]LogFileCache: Scanning file cache for directory 'D:/UnrealProjects/OwnProjects/UE4GameMathematics/GameMathematics/Content/' took 0.01s
[2021.05.15-19.29.12:806][  0]SourceControl: Source control is disabled
[2021.05.15-19.29.12:806][  0]LogUnrealEdMisc: Loading editor; pre map load, took 9.757
[2021.05.15-19.29.12:807][  0]Cmd: MAP LOAD FILE="../../../Engine/Content/Maps/Templates/Template_Default.umap" TEMPLATE=1 SHOWPROGRESS=1 FEATURELEVEL=3
[2021.05.15-19.29.12:807][  0]LightingResults: New page: Lighting Build
[2021.05.15-19.29.12:808][  0]LogWorld: UWorld::CleanupWorld for Untitled, bSessionEnded=true, bCleanupResources=true
[2021.05.15-19.29.12:808][  0]LogSlate: InvalidateAllWidgets triggered.  All widgets were invalidated
[2021.05.15-19.29.12:808][  0]MapCheck: New page: Map Check
[2021.05.15-19.29.12:808][  0]LightingResults: New page: Lighting Build
[2021.05.15-19.29.12:818][  0]LogAISub: UAISubsystem::~UAISubsystem EnvQueryManager (0000018CDA62BC00), frame # 0
[2021.05.15-19.29.12:818][  0]LogAISub: UAISubsystem::~UAISubsystem AIPerceptionSystem (0000018CDA627B00), frame # 0
[2021.05.15-19.29.12:819][  0]LogUObjectHash: Compacting FUObjectHashTables data took   0.80ms
[2021.05.15-19.29.12:883][  0]LogAIModule: Creating AISystem for world Untitled_1
[2021.05.15-19.29.12:883][  0]LogAISub: UAISubsystem::UAISubsystem EnvQueryManager (0000018CDAB0CA00), frame # 0
[2021.05.15-19.29.12:883][  0]LogAISub: UAISubsystem::UAISubsystem AIPerceptionSystem (0000018CD26CA200), frame # 0
[2021.05.15-19.29.12:888][  0]LogEditorServer: Finished looking for orphan Actors (0.000 secs)
[2021.05.15-19.29.12:903][  0]LogUObjectHash: Compacting FUObjectHashTables data took   0.77ms
[2021.05.15-19.29.12:904][  0]Cmd: MAP CHECKDEP NOCLEARLOG
[2021.05.15-19.29.12:904][  0]MapCheck: Map check complete: 0 Error(s), 0 Warning(s), took 0.191ms to complete.
[2021.05.15-19.29.12:904][  0]LogFileHelpers: Loading map 'Template_Default' took 0.098
[2021.05.15-19.29.12:908][  0]LogUnrealEdMisc: Total Editor Startup Time, took 9.858
[2021.05.15-19.29.13:041][  0]LogSlate: Updating window title bar state: overlay mode, drag disabled, window buttons hidden, title bar hidden
[2021.05.15-19.29.13:048][  0]LogSlate: Updating window title bar state: overlay mode, drag disabled, window buttons hidden, title bar hidden
[2021.05.15-19.29.13:056][  0]LogSlate: Updating window title bar state: overlay mode, drag disabled, window buttons hidden, title bar hidden
[2021.05.15-19.29.13:063][  0]LogSlate: Updating window title bar state: overlay mode, drag disabled, window buttons hidden, title bar hidden
[2021.05.15-19.29.13:072][  0]LogCollectionManager: Loaded 0 collections in 0.000792 seconds
[2021.05.15-19.29.13:093][  0]LogFileCache: Scanning file cache for directory 'D:/UnrealProjects/OwnProjects/UE4GameMathematics/GameMathematics/Saved/Collections/' took 0.00s
[2021.05.15-19.29.13:093][  0]LogFileCache: Scanning file cache for directory 'D:/UnrealProjects/OwnProjects/UE4GameMathematics/GameMathematics/Content/Developers/sgfar/Collections/' took 0.00s
[2021.05.15-19.29.13:093][  0]LogFileCache: Scanning file cache for directory 'D:/UnrealProjects/OwnProjects/UE4GameMathematics/GameMathematics/Content/Collections/' took 0.00s
[2021.05.15-19.29.13:093][  0]LogContentBrowser: Native class hierarchy populated in 0.0095 seconds. Added 3431 classes and 825 folders.
[2021.05.15-19.29.13:096][  0]LogContentBrowser: Native class hierarchy updated for 'WidgetCarousel' in 0.0004 seconds. Added 0 classes and 0 folders.
[2021.05.15-19.29.13:151][  0]LogContentBrowser: Native class hierarchy updated for 'AddContentDialog' in 0.0004 seconds. Added 0 classes and 0 folders.
[2021.05.15-19.29.13:155][  0]LogContentBrowser: Native class hierarchy updated for 'SceneOutliner' in 0.0004 seconds. Added 2 classes and 0 folders.
[2021.05.15-19.29.13:620][  0]LogSlate: Took 0.000203 seconds to synchronously load lazily loaded font '../../../Engine/Content/Slate/Fonts/Roboto-Regular.ttf' (155K)
[2021.05.15-19.29.13:623][  0]LogSlate: Took 0.000578 seconds to synchronously load lazily loaded font '../../../Engine/Content/Slate/Fonts/Roboto-Bold.ttf' (160K)
[2021.05.15-19.29.13:629][  0]LogSlate: Took 0.000149 seconds to synchronously load lazily loaded font '../../../Engine/Content/Editor/Slate/Fonts/FontAwesome.ttf' (139K)
[2021.05.15-19.29.13:697][  0]LogRenderer: Reallocating scene render targets to support 964x432 Format 10 NumSamples 1 (Frame:1).
[2021.05.15-19.29.13:817][  0]LogContentBrowser: Native class hierarchy updated for 'HierarchicalLODOutliner' in 0.0005 seconds. Added 0 classes and 0 folders.
[2021.05.15-19.29.13:817][  0]LogLoad: (Engine Initialization) Total time: 10.77 seconds
[2021.05.15-19.29.13:817][  0]LogLoad: (Engine Initialization) Total Blueprint compile time: 0.00 seconds
[2021.05.15-19.29.13:963][  0]LogAssetRegistry: Asset discovery search completed in 5.2504 seconds
[2021.05.15-19.29.13:968][  0]LogCollectionManager: Fixed up redirectors for 0 collections in 0.000003 seconds (updated 0 objects)
[2021.05.15-19.29.13:969][  0]LogContentStreaming: Texture pool size now 1000 MB
[2021.05.15-19.29.13:984][  0]LogSlate: Took 0.000135 seconds to synchronously load lazily loaded font '../../../Engine/Content/Slate/Fonts/Roboto-Light.ttf' (167K)
[2021.05.15-19.29.20:316][374]LogSlate: Took 0.000173 seconds to synchronously load lazily loaded font '../../../Engine/Content/Slate/Fonts/Roboto-Light.ttf' (167K)
[2021.05.15-19.29.20:485][374]LogAssetEditorSubsystem: Opening Asset editor for World /Game/Levels/2DMathematics.2DMathematics
[2021.05.15-19.29.20:496][374]LogUObjectHash: Compacting FUObjectHashTables data took   0.95ms
[2021.05.15-19.29.20:498][374]Cmd: MAP LOAD FILE="../../../../../../../UnrealProjects/OwnProjects/UE4GameMathematics/GameMathematics/Content/Levels/2DMathematics.umap" TEMPLATE=0 SHOWPROGRESS=1 FEATURELEVEL=3
[2021.05.15-19.29.20:498][374]LightingResults: New page: Lighting Build
[2021.05.15-19.29.20:498][374]LoadErrors: New page: Loading map: 2DMathematics.umap
[2021.05.15-19.29.20:499][374]LogWorld: UWorld::CleanupWorld for Untitled_1, bSessionEnded=true, bCleanupResources=true
[2021.05.15-19.29.20:499][374]LogSlate: InvalidateAllWidgets triggered.  All widgets were invalidated
[2021.05.15-19.29.20:499][374]MapCheck: New page: Map Check
[2021.05.15-19.29.20:499][374]LightingResults: New page: Lighting Build
[2021.05.15-19.29.20:510][374]LogAISub: UAISubsystem::~UAISubsystem EnvQueryManager (0000018CDAB0CA00), frame # 374
[2021.05.15-19.29.20:510][374]LogAISub: UAISubsystem::~UAISubsystem AIPerceptionSystem (0000018CD26CA200), frame # 374
[2021.05.15-19.29.20:511][374]LogUObjectHash: Compacting FUObjectHashTables data took   0.76ms
[2021.05.15-19.29.20:514][374]LogEditorServer: Finished looking for orphan Actors (0.000 secs)
[2021.05.15-19.29.20:515][374]LogAIModule: Creating AISystem for world 2DMathematics
[2021.05.15-19.29.20:515][374]LogAISub: UAISubsystem::UAISubsystem EnvQueryManager (0000018CDAA8A400), frame # 374
[2021.05.15-19.29.20:515][374]LogAISub: UAISubsystem::UAISubsystem AIPerceptionSystem (0000018C8CF38900), frame # 374
[2021.05.15-19.29.20:526][374]LogUObjectHash: Compacting FUObjectHashTables data took   0.64ms
[2021.05.15-19.29.20:533][374]Cmd: MAP CHECKDEP NOCLEARLOG
[2021.05.15-19.29.20:533][374]MapCheck: Map check complete: 0 Error(s), 0 Warning(s), took 0.082ms to complete.
[2021.05.15-19.29.20:533][374]LogFileHelpers: Loading map '2DMathematics' took 0.035
[2021.05.15-19.29.21:740][446]LogEditorViewport: Clicking on Actor (LMB): BP_Sky_Sphere_C (Sky Sphere)
[2021.05.15-19.29.29:458][902]LogTemp: Repeating last play command: Simulate
[2021.05.15-19.29.29:463][902]LogPlayLevel: PlayLevel: No blueprints needed recompiling
[2021.05.15-19.29.29:464][902]PIE: New page: SIE session: 2DMathematics (May 15, 2021, 9:29:29 AM)
[2021.05.15-19.29.29:466][902]LogOnline: OSS: Creating online subsystem instance for: NULL
[2021.05.15-19.29.29:471][902]LogOnline: OSS: TryLoadSubsystemAndSetDefault: Loaded subsystem for module [NULL]
[2021.05.15-19.29.29:471][902]LogPlayLevel: Creating play world package: /Game/Levels/UEDPIE_0_2DMathematics
[2021.05.15-19.29.29:474][902]LogPlayLevel: PIE: StaticDuplicateObject took: (0.002560s)
[2021.05.15-19.29.29:476][902]LogAIModule: Creating AISystem for world 2DMathematics
[2021.05.15-19.29.29:476][902]LogAISub: UAISubsystem::UAISubsystem EnvQueryManager (0000018C8CBD7E00), frame # 902
[2021.05.15-19.29.29:476][902]LogAISub: UAISubsystem::UAISubsystem AIPerceptionSystem (0000018CD26C9A80), frame # 902
[2021.05.15-19.29.29:477][902]LogPlayLevel: PIE: World Init took: (0.002627s)
[2021.05.15-19.29.29:477][902]LogPlayLevel: PIE: Created PIE world by copying editor world from /Game/Levels/2DMathematics.2DMathematics to /Game/Levels/UEDPIE_0_2DMathematics.2DMathematics (0.005876s)
[2021.05.15-19.29.29:487][902]LogUObjectHash: Compacting FUObjectHashTables data took   0.82ms
[2021.05.15-19.29.29:488][902]LogAudioMixer: Display: Audio Mixer Platform Settings:
[2021.05.15-19.29.29:489][902]LogAudioMixer: Display: 	Sample Rate:						  48000
[2021.05.15-19.29.29:489][902]LogAudioMixer: Display: 	Callback Buffer Frame Size Requested: 1024
[2021.05.15-19.29.29:489][902]LogAudioMixer: Display: 	Callback Buffer Frame Size To Use:	  1024
[2021.05.15-19.29.29:489][902]LogAudioMixer: Display: 	Number of buffers to queue:			  2
[2021.05.15-19.29.29:489][902]LogAudioMixer: Display: 	Max Channels (voices):				  32
[2021.05.15-19.29.29:489][902]LogAudioMixer: Display: 	Number of Async Source Workers:		  0
[2021.05.15-19.29.29:489][902]LogAudio: Display: AudioDevice MaxSources: 32
[2021.05.15-19.29.29:490][902]LogAudio: Display: Using built-in audio occlusion.
[2021.05.15-19.29.29:490][902]LogAudioMixer: Display: Initializing audio mixer.
[2021.05.15-19.29.29:492][902]LogAudioMixer: Display: 0: FrontLeft
[2021.05.15-19.29.29:492][902]LogAudioMixer: Display: 1: FrontRight
[2021.05.15-19.29.29:606][902]LogAudioMixer: Display: Using Audio Device HeadPhone/Digital Output (Realtek High Definition Audio)
[2021.05.15-19.29.29:607][902]LogAudioMixer: Display: Initializing Sound Submixes...
[2021.05.15-19.29.29:607][902]LogAudioMixer: Display: Creating Master Submix 'MasterSubmixDefault'
[2021.05.15-19.29.29:607][902]LogAudioMixer: Display: Creating Master Submix 'MasterReverbSubmixDefault'
[2021.05.15-19.29.29:607][902]LogAudioMixer: Display: Creating Master Submix 'MasterEQSubmixDefault'
[2021.05.15-19.29.29:625][902]LogInit: FAudioDevice initialized.
[2021.05.15-19.29.29:645][902]LogLoad: Game class is 'GameMathematicsGameModeBase'
[2021.05.15-19.29.29:647][902]LogWorld: Bringing World /Game/Levels/UEDPIE_0_2DMathematics.2DMathematics up for play (max tick rate 60) at 2021.05.15-14.29.29
[2021.05.15-19.29.29:648][902]LogWorld: Bringing up level for play took: 0.001120
[2021.05.15-19.29.29:648][902]LogOnline: OSS: Creating online subsystem instance for: :Context_2
[2021.05.15-19.29.29:652][902]LogGameMode: FindPlayerStart: PATHS NOT DEFINED or NO PLAYERSTART with positive rating
[2021.05.15-19.29.29:655][902]LogContentBrowser: Native class hierarchy updated for 'MovieSceneCapture' in 0.0007 seconds. Added 20 classes and 0 folders.
[2021.05.15-19.29.29:656][902]PIE: Server logged in
[2021.05.15-19.29.29:658][902]PIE: Play in editor total start time 0.196 seconds.
[2021.05.15-19.29.33:758][142]LogSlate: Updating window title bar state: overlay mode, drag disabled, window buttons hidden, title bar hidden
[2021.05.15-19.29.33:758][142]LogWorld: BeginTearingDown for /Game/Levels/UEDPIE_0_2DMathematics
[2021.05.15-19.29.33:759][142]LogWorld: UWorld::CleanupWorld for 2DMathematics, bSessionEnded=true, bCleanupResources=true
[2021.05.15-19.29.33:759][142]LogSlate: InvalidateAllWidgets triggered.  All widgets were invalidated
[2021.05.15-19.29.33:777][142]LogPlayLevel: Display: Shutting down PIE online subsystems
[2021.05.15-19.29.33:778][142]LogSlate: InvalidateAllWidgets triggered.  All widgets were invalidated
[2021.05.15-19.29.33:787][142]LogSlate: Updating window title bar state: overlay mode, drag disabled, window buttons hidden, title bar hidden
[2021.05.15-19.29.33:841][142]LogAISub: UAISubsystem::~UAISubsystem AIPerceptionSystem (0000018CD26C9A80), frame # 1142
[2021.05.15-19.29.33:841][142]LogAISub: UAISubsystem::~UAISubsystem EnvQueryManager (0000018C8CBD7E00), frame # 1142
[2021.05.15-19.29.33:842][142]LogUObjectHash: Compacting FUObjectHashTables data took   0.78ms
[2021.05.15-19.29.33:853][143]LogPlayLevel: Display: Destroying online subsystem :Context_2
[2021.05.15-19.29.35:036][212]LogUObjectHash: Compacting FUObjectHashTables data took   0.55ms
[2021.05.15-19.29.35:052][212]LogSavePackage: Moving '../../../../../../../UnrealProjects/OwnProjects/UE4GameMathematics/GameMathematics/Saved/2DMathematics931138AF40E758E66B85AEBB8DE2FE23.tmp' to '../../../../../../../UnrealProjects/OwnProjects/UE4GameMathematics/GameMathematics/Content/Levels/2DMathematics.umap'
[2021.05.15-19.29.35:074][212]LogSavePackage: Moving '../../../../../../../UnrealProjects/OwnProjects/UE4GameMathematics/GameMathematics/Saved/2DMathematics_BuiltDataD3FD84B343F1CB76174C6BA8CC2BEDDD.tmp' to '../../../../../../../UnrealProjects/OwnProjects/UE4GameMathematics/GameMathematics/Content/Levels/2DMathematics_BuiltData.uasset'
[2021.05.15-19.29.35:090][212]AssetCheck: New page: Asset Save: multiple assets
[2021.05.15-19.29.35:090][212]LogContentValidation: Display: Validating World /Game/Levels/2DMathematics.2DMathematics
[2021.05.15-19.29.35:091][212]LogContentValidation: Display: Validating MapBuildDataRegistry /Game/Levels/2DMathematics_BuiltData.2DMathematics_BuiltData
[2021.05.15-19.29.39:673][479]LogEditorViewport: Clicking on Actor (LMB): BP_Sky_Sphere_C (Sky Sphere)
[2021.05.15-19.30.19:466][104]LogSlate: Window 'Pick Parent Class' being destroyed
[2021.05.15-19.30.31:080][739]LogAssetEditorSubsystem: Opening Asset editor for Blueprint /Game/Blueprints/BP_GameModeBase.BP_GameModeBase
[2021.05.15-19.30.32:220][739]LogContentBrowser: Native class hierarchy updated for 'BlueprintGraph' in 0.0007 seconds. Added 125 classes and 0 folders.
[2021.05.15-19.30.33:811][739]LogRenderer: Reallocating scene render targets to support 964x536 Format 10 NumSamples 1 (Frame:1).
[2021.05.15-19.30.47:898][396]LogSlate: Prevented a slow task dialog from being summoned while a context menu was open
[2021.05.15-19.30.59:816][ 99]BlueprintLog: New page: Compile BP_GameModeBase
[2021.05.15-19.30.59:881][ 99]LogUObjectHash: Compacting FUObjectHashTables data took   2.31ms
[2021.05.15-19.31.00:005][ 99]LogSlate: Took 0.085611 seconds to synchronously load lazily loaded font '../../../Engine/Content/Slate/Fonts/DroidSansMono.ttf' (77K)
[2021.05.15-19.31.00:598][129]LogSavePackage: Moving '../../../../../../../UnrealProjects/OwnProjects/UE4GameMathematics/GameMathematics/Saved/BP_GameModeBase073259D44F93D2D648B5CA835F851214.tmp' to '../../../../../../../UnrealProjects/OwnProjects/UE4GameMathematics/GameMathematics/Content/Blueprints/BP_GameModeBase.uasset'
[2021.05.15-19.31.00:615][129]AssetCheck: New page: Asset Save: BP_GameModeBase
[2021.05.15-19.31.00:615][129]LogContentValidation: Display: Validating Blueprint /Game/Blueprints/BP_GameModeBase.BP_GameModeBase
[2021.05.15-19.31.02:200][213]LogSlate: Window 'BP_GameModeBase' being destroyed
[2021.05.15-19.31.04:701][359]LogSlate: Prevented a slow task dialog from being summoned while a context menu was open
[2021.05.15-19.31.10:705][716]LogUObjectHash: Compacting FUObjectHashTables data took   2.34ms
[2021.05.15-19.31.11:761][716]LogSlate: Window 'Save Content' being destroyed
[2021.05.15-19.31.11:808][716]LogUObjectHash: Compacting FUObjectHashTables data took   1.21ms
[2021.05.15-19.31.11:824][716]LogSavePackage: Moving '../../../../../../../UnrealProjects/OwnProjects/UE4GameMathematics/GameMathematics/Saved/2DMathematics4766B9CB499598841A2741AD5C6C6903.tmp' to '../../../../../../../UnrealProjects/OwnProjects/UE4GameMathematics/GameMathematics/Content/Levels/2DMathematics.umap'
[2021.05.15-19.31.11:834][716]LogFileHelpers: Saving map '2DMathematics' took 0.048
[2021.05.15-19.31.11:843][716]LogSavePackage: Moving '../../../../../../../UnrealProjects/OwnProjects/UE4GameMathematics/GameMathematics/Saved/2DMathematics_BuiltData9A065AF94E629DC31C43BD9C535CC238.tmp' to '../../../../../../../UnrealProjects/OwnProjects/UE4GameMathematics/GameMathematics/Content/Levels/2DMathematics_BuiltData.uasset'
[2021.05.15-19.31.11:860][716]AssetCheck: New page: Asset Save: multiple assets
[2021.05.15-19.31.11:861][716]LogContentValidation: Display: Validating World /Game/Levels/2DMathematics.2DMathematics
[2021.05.15-19.31.11:861][716]LogContentValidation: Display: Validating MapBuildDataRegistry /Game/Levels/2DMathematics_BuiltData.2DMathematics_BuiltData
[2021.05.15-19.31.13:312][798]LogTemp: Repeating last play command: Simulate
[2021.05.15-19.31.13:320][798]LogPlayLevel: PlayLevel: No blueprints needed recompiling
[2021.05.15-19.31.13:320][798]PIE: New page: SIE session: 2DMathematics (May 15, 2021, 9:31:13 AM)
[2021.05.15-19.31.13:320][798]LogPlayLevel: Creating play world package: /Game/Levels/UEDPIE_0_2DMathematics
[2021.05.15-19.31.13:323][798]LogPlayLevel: PIE: StaticDuplicateObject took: (0.002660s)
[2021.05.15-19.31.13:325][798]LogAIModule: Creating AISystem for world 2DMathematics
[2021.05.15-19.31.13:326][798]LogAISub: UAISubsystem::UAISubsystem EnvQueryManager (0000018C8D15C800), frame # 5798
[2021.05.15-19.31.13:326][798]LogAISub: UAISubsystem::UAISubsystem AIPerceptionSystem (0000018CC7DBEAC0), frame # 5798
[2021.05.15-19.31.13:326][798]LogPlayLevel: PIE: World Init took: (0.002786s)
[2021.05.15-19.31.13:326][798]LogPlayLevel: PIE: Created PIE world by copying editor world from /Game/Levels/2DMathematics.2DMathematics to /Game/Levels/UEDPIE_0_2DMathematics.2DMathematics (0.005991s)
[2021.05.15-19.31.13:344][798]LogUObjectHash: Compacting FUObjectHashTables data took   1.55ms
[2021.05.15-19.31.13:346][798]LogAudioMixer: Display: Audio Mixer Platform Settings:
[2021.05.15-19.31.13:346][798]LogAudioMixer: Display: 	Sample Rate:						  48000
[2021.05.15-19.31.13:346][798]LogAudioMixer: Display: 	Callback Buffer Frame Size Requested: 1024
[2021.05.15-19.31.13:347][798]LogAudioMixer: Display: 	Callback Buffer Frame Size To Use:	  1024
[2021.05.15-19.31.13:347][798]LogAudioMixer: Display: 	Number of buffers to queue:			  2
[2021.05.15-19.31.13:347][798]LogAudioMixer: Display: 	Max Channels (voices):				  32
[2021.05.15-19.31.13:347][798]LogAudioMixer: Display: 	Number of Async Source Workers:		  0
[2021.05.15-19.31.13:347][798]LogAudio: Display: AudioDevice MaxSources: 32
[2021.05.15-19.31.13:348][798]LogAudio: Display: Using built-in audio occlusion.
[2021.05.15-19.31.13:348][798]LogAudioMixer: Display: Initializing audio mixer.
[2021.05.15-19.31.13:350][798]LogAudioMixer: Display: 0: FrontLeft
[2021.05.15-19.31.13:351][798]LogAudioMixer: Display: 1: FrontRight
[2021.05.15-19.31.13:448][798]LogAudioMixer: Display: Using Audio Device HeadPhone/Digital Output (Realtek High Definition Audio)
[2021.05.15-19.31.13:449][798]LogAudioMixer: Display: Initializing Sound Submixes...
[2021.05.15-19.31.13:449][798]LogAudioMixer: Display: Creating Master Submix 'MasterSubmixDefault'
[2021.05.15-19.31.13:449][798]LogAudioMixer: Display: Creating Master Submix 'MasterReverbSubmixDefault'
[2021.05.15-19.31.13:449][798]LogAudioMixer: Display: Creating Master Submix 'MasterEQSubmixDefault'
[2021.05.15-19.31.13:466][798]LogInit: FAudioDevice initialized.
[2021.05.15-19.31.13:481][798]LogLoad: Game class is 'BP_GameModeBase_C'
[2021.05.15-19.31.13:483][798]LogWorld: Bringing World /Game/Levels/UEDPIE_0_2DMathematics.2DMathematics up for play (max tick rate 60) at 2021.05.15-14.31.13
[2021.05.15-19.31.13:483][798]LogWorld: Bringing up level for play took: 0.000930
[2021.05.15-19.31.13:484][798]LogOnline: OSS: Creating online subsystem instance for: :Context_5
[2021.05.15-19.31.13:487][798]LogGameMode: FindPlayerStart: PATHS NOT DEFINED or NO PLAYERSTART with positive rating
[2021.05.15-19.31.13:488][798]PIE: Server logged in
[2021.05.15-19.31.13:489][798]PIE: Play in editor total start time 0.17 seconds.
[2021.05.15-19.31.14:787][870]LogSlate: Updating window title bar state: overlay mode, drag disabled, window buttons hidden, title bar hidden
[2021.05.15-19.31.14:787][870]LogWorld: BeginTearingDown for /Game/Levels/UEDPIE_0_2DMathematics
[2021.05.15-19.31.14:788][870]LogWorld: UWorld::CleanupWorld for 2DMathematics, bSessionEnded=true, bCleanupResources=true
[2021.05.15-19.31.14:789][870]LogSlate: InvalidateAllWidgets triggered.  All widgets were invalidated
[2021.05.15-19.31.14:801][870]LogPlayLevel: Display: Shutting down PIE online subsystems
[2021.05.15-19.31.14:804][870]LogSlate: InvalidateAllWidgets triggered.  All widgets were invalidated
[2021.05.15-19.31.14:824][870]LogSlate: Updating window title bar state: overlay mode, drag disabled, window buttons hidden, title bar hidden
[2021.05.15-19.31.14:878][870]LogAISub: UAISubsystem::~UAISubsystem AIPerceptionSystem (0000018CC7DBEAC0), frame # 5870
[2021.05.15-19.31.14:878][870]LogAISub: UAISubsystem::~UAISubsystem EnvQueryManager (0000018C8D15C800), frame # 5870
[2021.05.15-19.31.14:880][870]LogUObjectHash: Compacting FUObjectHashTables data took   1.78ms
[2021.05.15-19.31.14:895][871]LogPlayLevel: Display: Destroying online subsystem :Context_5
[2021.05.15-19.31.19:752][150]LogUObjectHash: Compacting FUObjectHashTables data took   1.55ms
[2021.05.15-19.31.20:842][150]LogSlate: Window 'Save Content' being destroyed
[2021.05.15-19.31.20:893][150]LogSavePackage: Moving '../../../../../../../UnrealProjects/OwnProjects/UE4GameMathematics/GameMathematics/Saved/BP_GameModeBaseEF3B18BA405634F55AADCF90B9C39CFF.tmp' to '../../../../../../../UnrealProjects/OwnProjects/UE4GameMathematics/GameMathematics/Content/Blueprints/BP_GameModeBase.uasset'
[2021.05.15-19.31.20:904][150]AssetCheck: New page: Asset Save: BP_GameModeBase
[2021.05.15-19.31.20:904][150]LogContentValidation: Display: Validating Blueprint /Game/Blueprints/BP_GameModeBase.BP_GameModeBase
[2021.05.15-19.31.22:468][241]LogTemp: Repeating last play command: Simulate
[2021.05.15-19.31.22:475][241]LogPlayLevel: PlayLevel: No blueprints needed recompiling
[2021.05.15-19.31.22:476][241]PIE: New page: SIE session: 2DMathematics (May 15, 2021, 9:31:22 AM)
[2021.05.15-19.31.22:476][241]LogPlayLevel: Creating play world package: /Game/Levels/UEDPIE_0_2DMathematics
[2021.05.15-19.31.22:478][241]LogPlayLevel: PIE: StaticDuplicateObject took: (0.002293s)
[2021.05.15-19.31.22:480][241]LogAIModule: Creating AISystem for world 2DMathematics
[2021.05.15-19.31.22:480][241]LogAISub: UAISubsystem::UAISubsystem EnvQueryManager (0000018C8A4ADC00), frame # 6241
[2021.05.15-19.31.22:480][241]LogAISub: UAISubsystem::UAISubsystem AIPerceptionSystem (0000018C8A8091C0), frame # 6241
[2021.05.15-19.31.22:481][241]LogPlayLevel: PIE: World Init took: (0.002270s)
[2021.05.15-19.31.22:481][241]LogPlayLevel: PIE: Created PIE world by copying editor world from /Game/Levels/2DMathematics.2DMathematics to /Game/Levels/UEDPIE_0_2DMathematics.2DMathematics (0.005085s)
[2021.05.15-19.31.22:502][241]LogUObjectHash: Compacting FUObjectHashTables data took   1.65ms
[2021.05.15-19.31.22:503][241]LogAudioMixer: Display: Audio Mixer Platform Settings:
[2021.05.15-19.31.22:504][241]LogAudioMixer: Display: 	Sample Rate:						  48000
[2021.05.15-19.31.22:504][241]LogAudioMixer: Display: 	Callback Buffer Frame Size Requested: 1024
[2021.05.15-19.31.22:504][241]LogAudioMixer: Display: 	Callback Buffer Frame Size To Use:	  1024
[2021.05.15-19.31.22:504][241]LogAudioMixer: Display: 	Number of buffers to queue:			  2
[2021.05.15-19.31.22:504][241]LogAudioMixer: Display: 	Max Channels (voices):				  32
[2021.05.15-19.31.22:504][241]LogAudioMixer: Display: 	Number of Async Source Workers:		  0
[2021.05.15-19.31.22:504][241]LogAudio: Display: AudioDevice MaxSources: 32
[2021.05.15-19.31.22:505][241]LogAudio: Display: Using built-in audio occlusion.
[2021.05.15-19.31.22:505][241]LogAudioMixer: Display: Initializing audio mixer.
[2021.05.15-19.31.22:507][241]LogAudioMixer: Display: 0: FrontLeft
[2021.05.15-19.31.22:507][241]LogAudioMixer: Display: 1: FrontRight
[2021.05.15-19.31.22:612][241]LogAudioMixer: Display: Using Audio Device HeadPhone/Digital Output (Realtek High Definition Audio)
[2021.05.15-19.31.22:612][241]LogAudioMixer: Display: Initializing Sound Submixes...
[2021.05.15-19.31.22:612][241]LogAudioMixer: Display: Creating Master Submix 'MasterSubmixDefault'
[2021.05.15-19.31.22:612][241]LogAudioMixer: Display: Creating Master Submix 'MasterReverbSubmixDefault'
[2021.05.15-19.31.22:613][241]LogAudioMixer: Display: Creating Master Submix 'MasterEQSubmixDefault'
[2021.05.15-19.31.22:630][241]LogInit: FAudioDevice initialized.
[2021.05.15-19.31.22:643][241]LogLoad: Game class is 'BP_GameModeBase_C'
[2021.05.15-19.31.22:645][241]LogWorld: Bringing World /Game/Levels/UEDPIE_0_2DMathematics.2DMathematics up for play (max tick rate 60) at 2021.05.15-14.31.22
[2021.05.15-19.31.22:645][241]LogWorld: Bringing up level for play took: 0.000810
[2021.05.15-19.31.22:646][241]LogOnline: OSS: Creating online subsystem instance for: :Context_6
[2021.05.15-19.31.22:649][241]LogGameMode: FindPlayerStart: PATHS NOT DEFINED or NO PLAYERSTART with positive rating
[2021.05.15-19.31.22:650][241]PIE: Server logged in
[2021.05.15-19.31.22:651][241]PIE: Play in editor total start time 0.177 seconds.
[2021.05.15-19.31.23:317][276]LogEditorViewport: Clicking on Actor (double click): BP_Sky_Sphere_C (Sky Sphere)
[2021.05.15-19.31.24:277][331]LogSlate: Updating window title bar state: overlay mode, drag disabled, window buttons hidden, title bar hidden
[2021.05.15-19.31.24:278][331]LogWorld: BeginTearingDown for /Game/Levels/UEDPIE_0_2DMathematics
[2021.05.15-19.31.24:278][331]LogWorld: UWorld::CleanupWorld for 2DMathematics, bSessionEnded=true, bCleanupResources=true
[2021.05.15-19.31.24:279][331]LogSlate: InvalidateAllWidgets triggered.  All widgets were invalidated
[2021.05.15-19.31.24:296][331]LogPlayLevel: Display: Shutting down PIE online subsystems
[2021.05.15-19.31.24:299][331]LogSlate: InvalidateAllWidgets triggered.  All widgets were invalidated
[2021.05.15-19.31.24:318][331]LogSlate: Updating window title bar state: overlay mode, drag disabled, window buttons hidden, title bar hidden
[2021.05.15-19.31.24:371][331]LogAISub: UAISubsystem::~UAISubsystem AIPerceptionSystem (0000018C8A8091C0), frame # 6331
[2021.05.15-19.31.24:371][331]LogAISub: UAISubsystem::~UAISubsystem EnvQueryManager (0000018C8A4ADC00), frame # 6331
[2021.05.15-19.31.24:373][331]LogUObjectHash: Compacting FUObjectHashTables data took   1.77ms
[2021.05.15-19.31.24:388][332]LogPlayLevel: Display: Destroying online subsystem :Context_6
[2021.05.15-19.31.38:448][710]LogUObjectHash: Compacting FUObjectHashTables data took   1.55ms
[2021.05.15-19.31.38:461][710]LogSavePackage: Moving '../../../../../../../UnrealProjects/OwnProjects/UE4GameMathematics/GameMathematics/Saved/2DMathematics232B9DFD4C2F51101FCC80ADA7336A15.tmp' to '../../../../../../../UnrealProjects/OwnProjects/UE4GameMathematics/GameMathematics/Content/Levels/2DMathematics.umap'
[2021.05.15-19.31.38:479][710]LogSavePackage: Moving '../../../../../../../UnrealProjects/OwnProjects/UE4GameMathematics/GameMathematics/Saved/2DMathematics_BuiltData27D1AC794235C5B517F968BAA9923F02.tmp' to '../../../../../../../UnrealProjects/OwnProjects/UE4GameMathematics/GameMathematics/Content/Levels/2DMathematics_BuiltData.uasset'
[2021.05.15-19.31.38:497][710]AssetCheck: New page: Asset Save: multiple assets
[2021.05.15-19.31.38:497][710]LogContentValidation: Display: Validating World /Game/Levels/2DMathematics.2DMathematics
[2021.05.15-19.31.38:498][710]LogContentValidation: Display: Validating MapBuildDataRegistry /Game/Levels/2DMathematics_BuiltData.2DMathematics_BuiltData
[2021.05.15-19.31.40:064][801]LogTemp: Repeating last play command: Simulate
[2021.05.15-19.31.40:071][801]LogPlayLevel: PlayLevel: No blueprints needed recompiling
[2021.05.15-19.31.40:072][801]PIE: New page: SIE session: 2DMathematics (May 15, 2021, 9:31:40 AM)
[2021.05.15-19.31.40:072][801]LogPlayLevel: Creating play world package: /Game/Levels/UEDPIE_0_2DMathematics
[2021.05.15-19.31.40:075][801]LogPlayLevel: PIE: StaticDuplicateObject took: (0.002401s)
[2021.05.15-19.31.40:077][801]LogAIModule: Creating AISystem for world 2DMathematics
[2021.05.15-19.31.40:077][801]LogAISub: UAISubsystem::UAISubsystem EnvQueryManager (0000018C8C80C400), frame # 6801
[2021.05.15-19.31.40:077][801]LogAISub: UAISubsystem::UAISubsystem AIPerceptionSystem (0000018D16401440), frame # 6801
[2021.05.15-19.31.40:078][801]LogPlayLevel: PIE: World Init took: (0.002935s)
[2021.05.15-19.31.40:078][801]LogPlayLevel: PIE: Created PIE world by copying editor world from /Game/Levels/2DMathematics.2DMathematics to /Game/Levels/UEDPIE_0_2DMathematics.2DMathematics (0.005996s)
[2021.05.15-19.31.40:098][801]LogUObjectHash: Compacting FUObjectHashTables data took   1.45ms
[2021.05.15-19.31.40:100][801]LogAudioMixer: Display: Audio Mixer Platform Settings:
[2021.05.15-19.31.40:100][801]LogAudioMixer: Display: 	Sample Rate:						  48000
[2021.05.15-19.31.40:100][801]LogAudioMixer: Display: 	Callback Buffer Frame Size Requested: 1024
[2021.05.15-19.31.40:100][801]LogAudioMixer: Display: 	Callback Buffer Frame Size To Use:	  1024
[2021.05.15-19.31.40:100][801]LogAudioMixer: Display: 	Number of buffers to queue:			  2
[2021.05.15-19.31.40:101][801]LogAudioMixer: Display: 	Max Channels (voices):				  32
[2021.05.15-19.31.40:101][801]LogAudioMixer: Display: 	Number of Async Source Workers:		  0
[2021.05.15-19.31.40:101][801]LogAudio: Display: AudioDevice MaxSources: 32
[2021.05.15-19.31.40:102][801]LogAudio: Display: Using built-in audio occlusion.
[2021.05.15-19.31.40:102][801]LogAudioMixer: Display: Initializing audio mixer.
[2021.05.15-19.31.40:104][801]LogAudioMixer: Display: 0: FrontLeft
[2021.05.15-19.31.40:104][801]LogAudioMixer: Display: 1: FrontRight
[2021.05.15-19.31.40:204][801]LogAudioMixer: Display: Using Audio Device HeadPhone/Digital Output (Realtek High Definition Audio)
[2021.05.15-19.31.40:204][801]LogAudioMixer: Display: Initializing Sound Submixes...
[2021.05.15-19.31.40:205][801]LogAudioMixer: Display: Creating Master Submix 'MasterSubmixDefault'
[2021.05.15-19.31.40:205][801]LogAudioMixer: Display: Creating Master Submix 'MasterReverbSubmixDefault'
[2021.05.15-19.31.40:206][801]LogAudioMixer: Display: Creating Master Submix 'MasterEQSubmixDefault'
[2021.05.15-19.31.40:224][801]LogInit: FAudioDevice initialized.
[2021.05.15-19.31.40:239][801]LogLoad: Game class is 'BP_GameModeBase_C'
[2021.05.15-19.31.40:241][801]LogWorld: Bringing World /Game/Levels/UEDPIE_0_2DMathematics.2DMathematics up for play (max tick rate 60) at 2021.05.15-14.31.40
[2021.05.15-19.31.40:242][801]LogWorld: Bringing up level for play took: 0.000774
[2021.05.15-19.31.40:242][801]LogOnline: OSS: Creating online subsystem instance for: :Context_7
[2021.05.15-19.31.40:246][801]LogGameMode: FindPlayerStart: PATHS NOT DEFINED or NO PLAYERSTART with positive rating
[2021.05.15-19.31.40:247][801]PIE: Server logged in
[2021.05.15-19.31.40:248][801]PIE: Play in editor total start time 0.177 seconds.
[2021.05.15-19.31.44:558][ 55]LogSlate: Updating window title bar state: overlay mode, drag disabled, window buttons hidden, title bar hidden
[2021.05.15-19.31.44:558][ 55]LogWorld: BeginTearingDown for /Game/Levels/UEDPIE_0_2DMathematics
[2021.05.15-19.31.44:559][ 55]LogWorld: UWorld::CleanupWorld for 2DMathematics, bSessionEnded=true, bCleanupResources=true
[2021.05.15-19.31.44:559][ 55]LogSlate: InvalidateAllWidgets triggered.  All widgets were invalidated
[2021.05.15-19.31.44:573][ 55]LogPlayLevel: Display: Shutting down PIE online subsystems
[2021.05.15-19.31.44:576][ 55]LogSlate: InvalidateAllWidgets triggered.  All widgets were invalidated
[2021.05.15-19.31.44:594][ 55]LogSlate: Updating window title bar state: overlay mode, drag disabled, window buttons hidden, title bar hidden
[2021.05.15-19.31.44:657][ 55]LogAISub: UAISubsystem::~UAISubsystem AIPerceptionSystem (0000018D16401440), frame # 7055
[2021.05.15-19.31.44:657][ 55]LogAISub: UAISubsystem::~UAISubsystem EnvQueryManager (0000018C8C80C400), frame # 7055
[2021.05.15-19.31.44:660][ 55]LogUObjectHash: Compacting FUObjectHashTables data took   2.27ms
[2021.05.15-19.31.44:676][ 56]LogPlayLevel: Display: Destroying online subsystem :Context_7
[2021.05.15-19.31.48:490][280]LogUObjectHash: Compacting FUObjectHashTables data took   1.75ms
[2021.05.15-19.31.49:822][280]LogSlate: Window 'Save Content' being destroyed
[2021.05.15-19.31.49:864][280]LogSavePackage: Moving '../../../../../../../UnrealProjects/OwnProjects/UE4GameMathematics/GameMathematics/Saved/BP_GameModeBase61A7D93B448FF3AF6E7F26AC27643706.tmp' to '../../../../../../../UnrealProjects/OwnProjects/UE4GameMathematics/GameMathematics/Content/Blueprints/BP_GameModeBase.uasset'
[2021.05.15-19.31.49:876][280]AssetCheck: New page: Asset Save: BP_GameModeBase
[2021.05.15-19.31.49:877][280]LogContentValidation: Display: Validating Blueprint /Game/Blueprints/BP_GameModeBase.BP_GameModeBase
[2021.05.15-19.33.01:511][891]LogUObjectHash: Compacting FUObjectHashTables data took   0.46ms
[2021.05.15-19.33.02:862][963]LogSavePackage: Moving '../../../../../../../UnrealProjects/OwnProjects/UE4GameMathematics/GameMathematics/Saved/BP_GameModeBase382ACC224390F6B593627B8D30FCA7BC.tmp' to '../../../../../../../UnrealProjects/OwnProjects/UE4GameMathematics/GameMathematics/Content/Blueprints/BP_GameModeBase.uasset'
[2021.05.15-19.33.02:876][963]AssetCheck: New page: Asset Save: BP_GameModeBase
[2021.05.15-19.33.02:876][963]LogContentValidation: Display: Validating Blueprint /Game/Blueprints/BP_GameModeBase.BP_GameModeBase
[2021.05.15-19.33.04:924][ 77]LogUObjectHash: Compacting FUObjectHashTables data took   0.39ms
[2021.05.15-19.33.05:227][ 77]LogWorld: UWorld::CleanupWorld for World_2, bSessionEnded=true, bCleanupResources=true
[2021.05.15-19.33.05:227][ 77]LogSlate: InvalidateAllWidgets triggered.  All widgets were invalidated
[2021.05.15-19.33.05:702][ 77]LogSlate: Window 'GameMathematics - Unreal Editor' being destroyed
[2021.05.15-19.33.05:720][ 77]LogWindowsTextInputMethodSystem: Display: IME system now deactivated.
[2021.05.15-19.33.06:282][ 78]Cmd: QUIT_EDITOR
[2021.05.15-19.33.06:282][ 78]LogCore: Engine exit requested (reason: UUnrealEdEngine::CloseEditor())
[2021.05.15-19.33.06:345][ 78]LogCore: Engine exit requested (reason: EngineExit() was called; note: exit was already requested)
